This is XeTeX, Version 3.1415926-2.3-0.9997.5 (MiKTeX 2.9) (preloaded format=xelatex 2016.4.28)  3 JUN 2016 11:58
entering extended mode
**main.tex
(H:\bachelorDocumentPackageForHust\bachelorThesis\main.tex
LaTeX2e <2011/06/27>
Babel <v3.8m> and hyphenation patterns for loaded.
(C:\CTEX\MiKTeX\tex\latex\base\article.cls
Document Class: article 2007/10/19 v1.4h Standard LaTeX document class
(C:\CTEX\MiKTeX\tex\latex\base\size12.clo
File: size12.clo 2007/10/19 v1.4h Standard LaTeX file (size option)
Requested font "cmr12" at 12.0pt
 -> cmr12
)
\c@part=\count80
\c@section=\count81
\c@subsection=\count82
\c@subsubsection=\count83
\c@paragraph=\count84
\c@subparagraph=\count85
\c@figure=\count86
\c@table=\count87
\abovecaptionskip=\skip41
\belowcaptionskip=\skip42
\bibindent=\dimen102
)
(H:\bachelorDocumentPackageForHust\bachelorThesis\setup/package.tex
(C:\CTEX\MiKTeX\tex\xelatex\xecjk\xeCJK.sty
Package: xeCJK 2012/01/31 2.4.5 package for typesetting CJK scripts with XeLaTe
X

(C:\CTEX\MiKTeX\tex\generic\ifxetex\ifxetex.sty
Package: ifxetex 2010/09/12 v0.6 Provides ifxetex conditional
)

Package xeCJK Warning: obsolete option 'CJKsetspaces'. It may be removed in the
 future. on input line 69.

(C:\CTEX\MiKTeX\tex\latex\xkeyval\xkeyval.sty
Package: xkeyval 2008/08/13 v2.6a package option processing (HA)

(C:\CTEX\MiKTeX\tex\generic\xkeyval\xkeyval.tex
\XKV@toks=\toks14
\XKV@tempa@toks=\toks15
\XKV@depth=\count88
File: xkeyval.tex 2008/08/13 v2.6a key=value parser (HA)

(C:\CTEX\MiKTeX\tex\generic\xkeyval\keyval.tex)))
(C:\CTEX\MiKTeX\tex\latex\l3kernel\expl3.sty
(C:\CTEX\MiKTeX\tex\latex\l3kernel\l3names.sty
(C:\CTEX\MiKTeX\tex\latex\l3kernel\l3bootstrap.sty
Package: l3bootstrap 2011/12/29 v3110 L3 Experimental bootstrap code
)
Package: l3names 2011/12/30 v3113 L3 Experimental namespace for primitives
)
(C:\CTEX\MiKTeX\tex\latex\misc\etex.sty
Package: etex 1998/03/26 v2.0 eTeX basic definition package (PEB)
\et@xins=\count89
)
Package: expl3 2012/02/26 v3471 L3 Experimental code bundle wrapper

(C:\CTEX\MiKTeX\tex\latex\graphics\color.sty
Package: color 2005/11/14 v1.0j Standard LaTeX Color (DPC)

(C:\CTEX\MiKTeX\tex\latex\00miktex\color.cfg
File: color.cfg 2007/01/18 v1.5 color configuration of teTeX/TeXLive
)
Package color Info: Driver file: xetex.def on input line 130.

(C:\CTEX\MiKTeX\tex\xelatex\xetex-def\xetex.def
File: xetex.def 2009/11/22 v0.94 LaTeX color/graphics driver for XeTeX (RRM/JK)

))
(C:\CTEX\MiKTeX\tex\latex\graphics\graphics.sty
Package: graphics 2009/02/05 v1.0o Standard LaTeX Graphics (DPC,SPQR)

(C:\CTEX\MiKTeX\tex\latex\graphics\trig.sty
Package: trig 1999/03/16 v1.09 sin cos tan (DPC)
)
(C:\CTEX\MiKTeX\tex\latex\00miktex\graphics.cfg
File: graphics.cfg 2007/01/18 v1.5 graphics configuration of teTeX/TeXLive
)
Package graphics Info: Driver file: xetex.def on input line 91.
)
(C:\CTEX\MiKTeX\tex\latex\l3kernel\l3basics.sty
Package: l3basics 2012/02/26 v3460 L3 Experimental basic definitions
)
(C:\CTEX\MiKTeX\tex\latex\l3kernel\l3expan.sty
Package: l3expan 2012/02/26 v3460 L3 Experimental argument expansion
)
(C:\CTEX\MiKTeX\tex\latex\l3kernel\l3tl.sty
Package: l3tl 2012/02/26 v3460 L3 Experimental token lists
)
(C:\CTEX\MiKTeX\tex\latex\l3kernel\l3seq.sty
Package: l3seq 2012/01/09 v3158 L3 Experimental sequences and stacks
)
(C:\CTEX\MiKTeX\tex\latex\l3kernel\l3int.sty
Package: l3int 2012/02/26 v3460 L3 Experimental integers
\c_max_int=\count90
\l_tmpa_int=\count91
\l_tmpb_int=\count92
\l_tmpc_int=\count93
\g_tmpa_int=\count94
\g_tmpb_int=\count95
)
(C:\CTEX\MiKTeX\tex\latex\l3kernel\l3quark.sty
Package: l3quark 2012/02/12 v3384 L3 Experimental quarks
)
(C:\CTEX\MiKTeX\tex\latex\l3kernel\l3prg.sty
Package: l3prg 2012/02/26 v3464 L3 Experimental control structures
\g_prg_map_int=\count96
)
(C:\CTEX\MiKTeX\tex\latex\l3kernel\l3clist.sty
Package: l3clist 2012/02/26 v3460 L3 Experimental comma separated lists
)
(C:\CTEX\MiKTeX\tex\latex\l3kernel\l3token.sty
Package: l3token 2012/02/26 v3460 L3 Experimental token manipulation
)
(C:\CTEX\MiKTeX\tex\latex\l3kernel\l3prop.sty
Package: l3prop 2012/02/26 v3460 L3 Experimental property lists
)
(C:\CTEX\MiKTeX\tex\latex\l3kernel\l3msg.sty
Package: l3msg 2012/02/26 v3470 L3 Experimental messages
)
(C:\CTEX\MiKTeX\tex\latex\l3kernel\l3file.sty
Package: l3file 2012/02/26 v3464 L3 Experimental file and I/O operations
\l_iow_stream_int=\count97
\l_iow_line_length_int=\count98
\l_iow_target_length_int=\count99
\l_iow_current_line_int=\count100
\l_iow_current_word_int=\count101
\l_iow_current_indentation_int=\count102
)
(C:\CTEX\MiKTeX\tex\latex\l3kernel\l3skip.sty
Package: l3skip 2012/02/26 v3460 L3 Experimental dimensions and skips
\l_tmpa_dim=\dimen103
\l_tmpb_dim=\dimen104
\l_tmpc_dim=\dimen105
\g_tmpa_dim=\dimen106
\g_tmpb_dim=\dimen107
\l_tmpa_skip=\skip43
\l_tmpb_skip=\skip44
\l_tmpc_skip=\skip45
\g_tmpa_skip=\skip46
\g_tmpb_skip=\skip47
)
(C:\CTEX\MiKTeX\tex\latex\l3kernel\l3keys.sty
Package: l3keys 2011/12/22 v3086 L3 Experimental key-value interfaces
\g_keyval_level_int=\count103
\l_keys_choice_int=\count104
)
(C:\CTEX\MiKTeX\tex\latex\l3kernel\l3fp.sty
Package: l3fp 2012/02/06 v3315 L3 Experimental floating-point operations
\c_one_hundred_million=\count105
\c_five_hundred_million=\count106
\c_one_thousand_million=\count107
\c_fp_pi_by_four_decimal_int=\count108
\c_fp_pi_by_four_extended_int=\count109
\c_fp_pi_decimal_int=\count110
\c_fp_pi_extended_int=\count111
\c_fp_two_pi_decimal_int=\count112
\c_fp_two_pi_extended_int=\count113
\l_fp_count_int=\count114
\l_fp_div_offset_int=\count115
\l_fp_exp_integer_int=\count116
\l_fp_exp_decimal_int=\count117
\l_fp_exp_extended_int=\count118
\l_fp_exp_exponent_int=\count119
\l_fp_input_a_sign_int=\count120
\l_fp_input_a_integer_int=\count121
\l_fp_input_a_decimal_int=\count122
\l_fp_input_a_exponent_int=\count123
\l_fp_input_b_sign_int=\count124
\l_fp_input_b_integer_int=\count125
\l_fp_input_b_decimal_int=\count126
\l_fp_input_b_exponent_int=\count127
\l_fp_input_a_extended_int=\count128
\l_fp_input_b_extended_int=\count129
\l_fp_mul_a_i_int=\count130
\l_fp_mul_a_ii_int=\count131
\l_fp_mul_a_iii_int=\count132
\l_fp_mul_a_iv_int=\count133
\l_fp_mul_a_v_int=\count134
\l_fp_mul_a_vi_int=\count135
\l_fp_mul_b_i_int=\count136
\l_fp_mul_b_ii_int=\count137
\l_fp_mul_b_iii_int=\count138
\l_fp_mul_b_iv_int=\count139
\l_fp_mul_b_v_int=\count140
\l_fp_mul_b_vi_int=\count141
\l_fp_mul_output_int=\count142
\l_fp_output_sign_int=\count143
\l_fp_output_integer_int=\count144
\l_fp_output_decimal_int=\count145
\l_fp_output_exponent_int=\count146
\l_fp_output_extended_int=\count147
\l_fp_round_position_int=\count148
\l_fp_round_target_int=\count149
\l_fp_split_sign_int=\count150
\l_fp_internal_int=\count151
\l_fp_trig_octant_int=\count152
\l_fp_trig_sign_int=\count153
\l_fp_trig_decimal_int=\count154
\l_fp_trig_extended_int=\count155
\l_fp_internal_dim=\dimen108
\l_fp_internal_skip=\skip48
)
(C:\CTEX\MiKTeX\tex\latex\l3kernel\l3box.sty
Package: l3box 2012/02/18 v3432 L3 Experimental boxes
\l_tmpb_box=\box26
\l_box_top_dim=\dimen109
\l_box_bottom_dim=\dimen110
\l_box_left_dim=\dimen111
\l_box_right_dim=\dimen112
\l_box_top_new_dim=\dimen113
\l_box_bottom_new_dim=\dimen114
\l_box_left_new_dim=\dimen115
\l_box_right_new_dim=\dimen116
\l_box_internal_box=\box27
)
(C:\CTEX\MiKTeX\tex\latex\l3kernel\l3coffins.sty
Package: l3coffins 2012/02/26 v3460 L3 Experimental coffin code layer
\l_coffin_internal_box=\box28
\l_coffin_internal_dim=\dimen117
\l_coffin_offset_x_dim=\dimen118
\l_coffin_offset_y_dim=\dimen119
\l_coffin_x_dim=\dimen120
\l_coffin_y_dim=\dimen121
\l_coffin_x_prime_dim=\dimen122
\l_coffin_y_prime_dim=\dimen123
\l_coffin_Depth_dim=\dimen124
\l_coffin_Height_dim=\dimen125
\l_coffin_TotalHeight_dim=\dimen126
\l_coffin_Width_dim=\dimen127
\c_empty_coffin=\box29
\l_coffin_aligned_coffin=\box30
\l_coffin_aligned_internal_coffin=\box31
\l_coffin_bounding_shift_dim=\dimen128
\l_coffin_left_corner_dim=\dimen129
\l_coffin_right_corner_dim=\dimen130
\l_coffin_bottom_corner_dim=\dimen131
\l_coffin_top_corner_dim=\dimen132
\l_coffin_scaled_total_height_dim=\dimen133
\l_coffin_scaled_width_dim=\dimen134
\l_coffin_display_coffin=\box32
\l_coffin_display_coord_coffin=\box33
\l_coffin_display_pole_coffin=\box34
\l_coffin_display_offset_dim=\dimen135
\l_coffin_display_x_dim=\dimen136
\l_coffin_display_y_dim=\dimen137
)
(C:\CTEX\MiKTeX\tex\latex\l3kernel\l3color.sty
Package: l3color 2011/09/07 v2776 L3 Experimental colour support
)
(C:\CTEX\MiKTeX\tex\latex\l3kernel\l3luatex.sty
Package: l3luatex 2012/02/09 v3355 L3 Experimental LuaTeX-specific functions
\g_cctab_allocate_int=\count156
\g_cctab_stack_int=\count157
))
(C:\CTEX\MiKTeX\tex\latex\fontspec\fontspec.sty
Package: fontspec 2011/09/18 v2.2a Advanced font selection for XeLaTeX/LuaLaTeX


(C:\CTEX\MiKTeX\tex\latex\l3packages\xparse\xparse.sty
Package: xparse 2012/02/26 v3471 L3 Experimental document command parser
\l_xparse_current_arg_int=\count158
\l_xparse_m_args_int=\count159
\l_xparse_mandatory_args_int=\count160
\l_xparse_processor_int=\count161
\l_xparse_v_nesting_int=\count162
)
\l_fontspec_script_int=\count163
\l_fontspec_language_int=\count164
\l_fontspec_strnum_int=\count165
\l_fontspec_tmpa_dim=\dimen138
\l_fontspec_tmpb_dim=\dimen139
\l_fontspec_tmpc_dim=\dimen140
Variant \tl_gset:cV already defined; not changing it on line 66

(C:\CTEX\MiKTeX\tex\latex\fontspec\fontspec-patches.sty
Package: fontspec-patches 2011/09/18 v2.2a Advanced font selection for XeLaTeX/
LuaLaTeX

(C:\CTEX\MiKTeX\tex\latex\base\fixltx2e.sty
Package: fixltx2e 2006/09/13 v1.1m fixes to LaTeX
LaTeX Info: Redefining \em on input line 420.
)
LaTeX Info: Redefining \em on input line 22.
LaTeX Info: Redefining \emph on input line 29.
LaTeX Info: Redefining \- on input line 32.

*************************************************
* LaTeX warning: "xparse/redefine-command"
* 
* Redefining document command \oldstylenums with arg. spec. 'm' on line 107.
*************************************************
.................................................
. LaTeX info: "xparse/define-command"
. 
. Defining document command \liningnums with arg. spec. 'm' on line 111.
.................................................
) (C:\CTEX\MiKTeX\tex\latex\fontspec\fontspec-xetex.sty
Package: fontspec-xetex 2011/09/18 v2.2a Advanced font selection for XeLaTeX/Lu
aLaTeX

(C:\CTEX\MiKTeX\tex\latex\base\fontenc.sty
Package: fontenc 2005/09/27 v1.99g Standard LaTeX package

(C:\CTEX\MiKTeX\tex\latex\euenc\eu1enc.def
File: eu1enc.def 2010/05/27 v0.1h Experimental Unicode font encodings
)
LaTeX Font Info:    Try loading font information for EU1+lmr on input line 100.


(C:\CTEX\MiKTeX\tex\latex\euenc\eu1lmr.fd
File: eu1lmr.fd 2009/10/30 v1.6 Font defs for Latin Modern
)
Requested font "[lmroman10-regular]:mapping=tex-text" at 10.0pt
 -> C:/CTEX/MiKTeX/fonts/opentype/public/lm/lmroman10-regular.otf
)
(C:\CTEX\MiKTeX\tex\xelatex\xunicode\xunicode.sty
File: xunicode.sty 2011/09/09 v0.981 provides access to latin accents and many 
other characters in Unicode lower plane

(C:\CTEX\MiKTeX\tex\latex\tipa\t3enc.def
File: t3enc.def 2001/12/31 T3 encoding
Requested font "[lmromanslant10-regular]:mapping=tex-text" at 10.0pt
 -> C:/CTEX/MiKTeX/fonts/opentype/public/lm/lmromanslant10-regular.otf
Requested font "[lmroman10-italic]:mapping=tex-text" at 10.0pt
 -> C:/CTEX/MiKTeX/fonts/opentype/public/lm/lmroman10-italic.otf
Requested font "[lmroman10-bold]:mapping=tex-text" at 10.0pt
 -> C:/CTEX/MiKTeX/fonts/opentype/public/lm/lmroman10-bold.otf
LaTeX Font Info:    Try loading font information for EU1+lmss on input line 357
.

(C:\CTEX\MiKTeX\tex\latex\euenc\eu1lmss.fd
File: eu1lmss.fd 2009/10/30 v1.6 Font defs for Latin Modern
)
Requested font "[lmsans10-regular]:mapping=tex-text" at 10.0pt
 -> C:/CTEX/MiKTeX/fonts/opentype/public/lm/lmsans10-regular.otf
)
\tipaTiiicode=\count166
\tipasavetokens=\toks16
\tipachecktokens=\toks17

(C:\CTEX\MiKTeX\tex\latex\graphics\graphicx.sty
Package: graphicx 1999/02/16 v1.0f Enhanced LaTeX Graphics (DPC,SPQR)
\Gin@req@height=\dimen141
\Gin@req@width=\dimen142
))
.................................................
. LaTeX info: "xparse/define-command"
. 
. Defining document command \fontspec with arg. spec. 'O{}m' on line 39.
.................................................
.................................................
. LaTeX info: "xparse/define-command"
. 
. Defining document command \setmainfont with arg. spec. 'O{}m' on line 43.
.................................................
.................................................
. LaTeX info: "xparse/define-command"
. 
. Defining document command \setsansfont with arg. spec. 'O{}m' on line 47.
.................................................
.................................................
. LaTeX info: "xparse/define-command"
. 
. Defining document command \setmonofont with arg. spec. 'O{}m' on line 51.
.................................................
.................................................
. LaTeX info: "xparse/define-command"
. 
. Defining document command \setmathrm with arg. spec. 'O{}m' on line 59.
.................................................
.................................................
. LaTeX info: "xparse/define-command"
. 
. Defining document command \setboldmathrm with arg. spec. 'O{}m' on line 62.
.................................................
.................................................
. LaTeX info: "xparse/define-command"
. 
. Defining document command \setmathsf with arg. spec. 'O{}m' on line 65.
.................................................
.................................................
. LaTeX info: "xparse/define-command"
. 
. Defining document command \setmathtt with arg. spec. 'O{}m' on line 68.
.................................................
.................................................
. LaTeX info: "xparse/define-command"
. 
. Defining document command \newfontfamily with arg. spec. 'mO{}m' on line 84.
.................................................
.................................................
. LaTeX info: "xparse/define-command"
. 
. Defining document command \newfontface with arg. spec. 'mO{}m' on line 87.
.................................................
.................................................
. LaTeX info: "xparse/define-command"
. 
. Defining document command \defaultfontfeatures with arg. spec. 'm' on line
. 91.
.................................................
.................................................
. LaTeX info: "xparse/define-command"
. 
. Defining document command \addfontfeatures with arg. spec. 'm' on line 107.
.................................................
.................................................
. LaTeX info: "xparse/define-command"
. 
. Defining document command \newfontfeature with arg. spec. 'mm' on line 118.
.................................................
.................................................
. LaTeX info: "xparse/define-command"
. 
. Defining document command \newAATfeature with arg. spec. 'mmmm' on line 125.
.................................................
.................................................
. LaTeX info: "xparse/define-command"
. 
. Defining document command \newICUfeature with arg. spec. 'mmm' on line 132.
.................................................
.................................................
. LaTeX info: "xparse/define-command"
. 
. Defining document command \aliasfontfeature with arg. spec. 'mm' on line
. 159.
.................................................
.................................................
. LaTeX info: "xparse/define-command"
. 
. Defining document command \aliasfontfeatureoption with arg. spec. 'mmm' on
. line 164.
.................................................
.................................................
. LaTeX info: "xparse/define-command"
. 
. Defining document command \newfontscript with arg. spec. 'mm' on line 169.
.................................................
.................................................
. LaTeX info: "xparse/define-command"
. 
. Defining document command \newfontlanguage with arg. spec. 'mm' on line 192.
.................................................
.................................................
. LaTeX info: "xparse/define-command"
. 
. Defining document command \DeclareFontsExtensions with arg. spec. 'm' on
. line 211.
.................................................
Variant \prop_gput:cnV already defined; not changing it on line 485
Variant \prop_gput:cnx already defined; not changing it on line 486
Variant \keys_set:nx already defined; not changing it on line 963
\c@fontspec_tmp_int=\count167
LaTeX Info: Redefining \itshape on input line 1881.
LaTeX Info: Redefining \slshape on input line 1885.
LaTeX Info: Redefining \scshape on input line 1889.
LaTeX Info: Redefining \upshape on input line 1893.

(C:\CTEX\MiKTeX\tex\latex\fontspec\fontspec.cfg)))
\xeCJK@cnta=\count168
\xeCJK@cntb=\count169
\xeCJK@cntc=\count170
\xeCJK@cntd=\count171
\xeCJK@cnte=\count172
\xeCJK@dima=\dimen143
LaTeX Info: Redefining \normalfont on input line 886.
LaTeX Info: Redefining \rmfamily on input line 895.
LaTeX Info: Redefining \sffamily on input line 899.
LaTeX Info: Redefining \ttfamily on input line 903.
\xeCJK@featureadded=\count173
\g_xecjk_exspace_dim=\dimen144
)
(C:\CTEX\MiKTeX\tex\latex\ams\math\amsmath.sty
Package: amsmath 2000/07/18 v2.13 AMS math features
\@mathmargin=\skip49

For additional information on amsmath, use the `?' option.
(C:\CTEX\MiKTeX\tex\latex\ams\math\amstext.sty
Package: amstext 2000/06/29 v2.01

(C:\CTEX\MiKTeX\tex\latex\ams\math\amsgen.sty
File: amsgen.sty 1999/11/30 v2.0
\@emptytoks=\toks18
\ex@=\dimen145
))
(C:\CTEX\MiKTeX\tex\latex\ams\math\amsbsy.sty
Package: amsbsy 1999/11/29 v1.2d
\pmbraise@=\dimen146
)
(C:\CTEX\MiKTeX\tex\latex\ams\math\amsopn.sty
Package: amsopn 1999/12/14 v2.01 operator names
)
\inf@bad=\count174
LaTeX Info: Redefining \frac on input line 211.
\uproot@=\count175
\leftroot@=\count176
LaTeX Info: Redefining \overline on input line 307.
\classnum@=\count177
\DOTSCASE@=\count178
LaTeX Info: Redefining \ldots on input line 379.
LaTeX Info: Redefining \dots on input line 382.
LaTeX Info: Redefining \cdots on input line 467.
\Mathstrutbox@=\box35
\strutbox@=\box36
\big@size=\dimen147
LaTeX Font Info:    Redeclaring font encoding OML on input line 567.
LaTeX Font Info:    Redeclaring font encoding OMS on input line 568.
\macc@depth=\count179
\c@MaxMatrixCols=\count180
\dotsspace@=\muskip10
\c@parentequation=\count181
\dspbrk@lvl=\count182
\tag@help=\toks19
\row@=\count183
\column@=\count184
\maxfields@=\count185
\andhelp@=\toks20
\eqnshift@=\dimen148
\alignsep@=\dimen149
\tagshift@=\dimen150
\tagwidth@=\dimen151
\totwidth@=\dimen152
\lineht@=\dimen153
\@envbody=\toks21
\multlinegap=\skip50
\multlinetaggap=\skip51
\mathdisplay@stack=\toks22
LaTeX Info: Redefining \[ on input line 2666.
LaTeX Info: Redefining \] on input line 2667.
)
(C:\CTEX\MiKTeX\tex\latex\amsfonts\amsfonts.sty
Package: amsfonts 2009/06/22 v3.00 Basic AMSFonts support
\symAMSa=\mathgroup4
\symAMSb=\mathgroup5
LaTeX Font Info:    Overwriting math alphabet `\mathfrak' in version `bold'
(Font)                  U/euf/m/n --> U/euf/b/n on input line 96.
)
(C:\CTEX\MiKTeX\tex\latex\tools\bm.sty
Package: bm 2004/02/26 v1.1c Bold Symbol Support (DPC/FMi)
\symboldoperators=\mathgroup6
\symboldletters=\mathgroup7
\symboldsymbols=\mathgroup8
LaTeX Font Info:    Redeclaring math alphabet \mathbf on input line 138.
LaTeX Info: Redefining \bm on input line 204.
)
(C:\CTEX\UserData\tex\latex\wrapfig\wrapfig.sty
\wrapoverhang=\dimen154
\WF@size=\dimen155
\c@WF@wrappedlines=\count186
\WF@box=\box37
\WF@everypar=\toks23
Package: wrapfig 2003/01/31  v 3.6
)
(C:\CTEX\UserData\tex\latex\subfigure\subfigure.sty
Package: subfigure 2002/07/30 v2.1.4 subfigure package
\subfigtopskip=\skip52
\subfigcapskip=\skip53
\subfigcaptopadj=\dimen156
\subfigbottomskip=\skip54
\subfigcapmargin=\dimen157
\subfiglabelskip=\skip55
\c@subfigure=\count187
\c@lofdepth=\count188
\c@subtable=\count189
\c@lotdepth=\count190

****************************************
* Local config file subfigure.cfg used *
****************************************
(C:\CTEX\UserData\tex\latex\subfigure\subfigure.cfg)
\subfig@top=\skip56
\subfig@bottom=\skip57
)
(C:\CTEX\MiKTeX\tex\latex\hyperref\hyperref.sty
Package: hyperref 2012/02/06 v6.82o Hypertext links for LaTeX

(C:\CTEX\MiKTeX\tex\generic\oberdiek\hobsub-hyperref.sty
Package: hobsub-hyperref 2011/04/23 v1.4 Bundle oberdiek, subset hyperref (HO)

(C:\CTEX\MiKTeX\tex\generic\oberdiek\hobsub-generic.sty
Package: hobsub-generic 2011/04/23 v1.4 Bundle oberdiek, subset generic (HO)
Package: hobsub 2011/04/23 v1.4 Subsetting bundle oberdiek (HO)
Package: infwarerr 2010/04/08 v1.3 Providing info/warning/message (HO)
Package: ltxcmds 2011/04/18 v1.20 LaTeX kernel commands for general use (HO)
Package: ifluatex 2010/03/01 v1.3 Provides the ifluatex switch (HO)
Package ifluatex Info: LuaTeX not detected.
Package: ifvtex 2010/03/01 v1.5 Switches for detecting VTeX and its modes (HO)
Package ifvtex Info: VTeX not detected.
Package: intcalc 2007/09/27 v1.1 Expandable integer calculations (HO)
Package: ifpdf 2011/01/30 v2.3 Provides the ifpdf switch (HO)
Package ifpdf Info: pdfTeX in PDF mode is not detected.
Package: etexcmds 2011/02/16 v1.5 Prefix for e-TeX command names (HO)
Package etexcmds Info: Could not find \expanded.
(etexcmds)             That can mean that you are not using pdfTeX 1.50 or
(etexcmds)             that some package has redefined \expanded.
(etexcmds)             In the latter case, load this package earlier.
Package: kvsetkeys 2011/04/07 v1.13 Key value parser (HO)
Package: kvdefinekeys 2011/04/07 v1.3 Defining keys (HO)
Package: pdftexcmds 2011/04/22 v0.16 Utilities of pdfTeX for LuaTeX (HO)
Package pdftexcmds Info: LuaTeX not detected.
Package pdftexcmds Info: pdfTeX >= 1.30 not detected.
Package pdftexcmds Info: \pdf@primitive is available.
Package pdftexcmds Info: \pdf@ifprimitive is available.
Package pdftexcmds Info: \pdfdraftmode not found.
Package: pdfescape 2011/04/04 v1.12 Provides string conversions (HO)
Package: bigintcalc 2011/01/30 v1.2 Expandable big integer calculations (HO)
Package: bitset 2011/01/30 v1.1 Data type bit set (HO)
Package: uniquecounter 2011/01/30 v1.2 Provides unlimited unique counter (HO)
)
Package hobsub Info: Skipping package `hobsub' (already loaded).
Package: letltxmacro 2010/09/02 v1.4 Let assignment for LaTeX macros (HO)
Package: hopatch 2011/01/30 v1.0 Wrapper for package hooks (HO)
Package: xcolor-patch 2011/01/30 xcolor patch
Package: atveryend 2011/04/23 v1.7 Hooks at very end of document (HO)
Package: atbegshi 2011/01/30 v1.15 At begin shipout hook (HO)
Package: refcount 2010/12/01 v3.2 Data extraction from references (HO)
Package: hycolor 2011/01/30 v1.7 Color options of hyperref/bookmark (HO)
)
(C:\CTEX\MiKTeX\tex\latex\oberdiek\kvoptions.sty
Package: kvoptions 2010/12/23 v3.10 Keyval support for LaTeX options (HO)
)
\@linkdim=\dimen158
\Hy@linkcounter=\count191
\Hy@pagecounter=\count192

(C:\CTEX\MiKTeX\tex\latex\hyperref\pd1enc.def
File: pd1enc.def 2012/02/06 v6.82o Hyperref: PDFDocEncoding definition (HO)
)
\Hy@SavedSpaceFactor=\count193

(C:\CTEX\MiKTeX\tex\latex\00miktex\hyperref.cfg
File: hyperref.cfg 2002/06/06 v1.2 hyperref configuration of TeXLive
)
Package hyperref Info: Option `CJKbookmarks' set `true' on input line 3925.
Package hyperref Info: Option `bookmarksnumbered' set `true' on input line 3925
.
Package hyperref Info: Option `bookmarksopen' set `true' on input line 3925.
Package hyperref Info: Option `colorlinks' set `true' on input line 3925.
Package hyperref Info: Hyper figures OFF on input line 4046.
Package hyperref Info: Link nesting OFF on input line 4051.
Package hyperref Info: Hyper index ON on input line 4054.
Package hyperref Info: Plain pages OFF on input line 4061.
Package hyperref Info: Backreferencing OFF on input line 4066.
Package hyperref Info: Implicit mode ON; LaTeX internals redefined.
Package hyperref Info: Bookmarks ON on input line 4284.
\c@Hy@tempcnt=\count194

(C:\CTEX\MiKTeX\tex\xelatex\xetexurl\url.sty
\Urlmuskip=\muskip11
Package: url 2004/03/15  ver 3.1  Verb mode for urls, etc.
)
LaTeX Info: Redefining \url on input line 4637.
\Fld@menulength=\count195
\Field@Width=\dimen159
\Fld@charsize=\dimen160
Package hyperref Info: Hyper figures OFF on input line 5757.
Package hyperref Info: Link nesting OFF on input line 5762.
Package hyperref Info: Hyper index ON on input line 5765.
Package hyperref Info: backreferencing OFF on input line 5772.
Package hyperref Info: Link coloring ON on input line 5775.
Package hyperref Info: Link coloring with OCG OFF on input line 5782.
Package hyperref Info: PDF/A mode OFF on input line 5787.
LaTeX Info: Redefining \ref on input line 5827.
LaTeX Info: Redefining \pageref on input line 5831.
\Hy@abspage=\count196
\c@Item=\count197
\c@Hfootnote=\count198
)

Package hyperref Message: Driver (autodetected): hxetex.

(C:\CTEX\MiKTeX\tex\latex\hyperref\hxetex.def
File: hxetex.def 2012/02/06 v6.82o Hyperref driver for XeTeX

(C:\CTEX\MiKTeX\tex\latex\hyperref\puenc.def
File: puenc.def 2012/02/06 v6.82o Hyperref: PDF Unicode definition (HO)
)
(C:\CTEX\MiKTeX\tex\generic\oberdiek\stringenc.sty
Package: stringenc 2010/03/01 v1.8 Converts strings between encodings (HO)
)
\pdfm@box=\box38
\c@Hy@AnnotLevel=\count199
\HyField@AnnotCount=\count200
\Fld@listcount=\count201
Normal \count register pool exhausted, switching to extended pool.
\c@bookmark@seq@number=\count277

(C:\CTEX\MiKTeX\tex\latex\oberdiek\rerunfilecheck.sty
Package: rerunfilecheck 2011/04/15 v1.7 Rerun checks for auxiliary files (HO)
Package rerunfilecheck Info: Feature \pdfmdfivesum is not available
(rerunfilecheck)             (e.g. pdfTeX or LuaTeX with package `pdftexcmds').

(rerunfilecheck)             Therefore file contents cannot be checked efficien
tly
(rerunfilecheck)             and the loading of the package is aborted.
)
\Hy@SectionHShift=\skip58
)
(C:\CTEX\MiKTeX\tex\latex\geometry\geometry.sty
Package: geometry 2010/09/12 v5.6 Page Geometry
\Gm@cnth=\count278
\Gm@cntv=\count279
\c@Gm@tempcnt=\count280
\Gm@bindingoffset=\dimen161
\Gm@wd@mp=\dimen162
\Gm@odd@mp=\dimen163
\Gm@even@mp=\dimen164
\Gm@layoutwidth=\dimen165
\Gm@layoutheight=\dimen166
\Gm@layouthoffset=\dimen167
\Gm@layoutvoffset=\dimen168
\Gm@dimlist=\toks24

(C:\CTEX\MiKTeX\tex\xelatex\xetexconfig\geometry.cfg))
(C:\CTEX\MiKTeX\tex\latex\xltxtra\xltxtra.sty
Package: xltxtra 2010/09/20 v0.5e Improvements for the "XeLaTeX" format

(C:\CTEX\UserData\tex\latex\realscripts\realscripts.sty
Package: realscripts 2016/02/13 v0.3d Access OpenType subscripts and superscrip
ts
.................................................
. LaTeX info: "xparse/define-command"
. 
. Defining document command \fakesubscript with arg. spec. 'm' on line 19.
.................................................
.................................................
. LaTeX info: "xparse/define-command"
. 
. Defining document command \fakesuperscript with arg. spec. 'm' on line 22.
.................................................

*************************************************
* LaTeX warning: "xparse/redefine-command"
* 
* Redefining document command \textsubscript with arg. spec. 's' on line 25.
*************************************************
*************************************************
* LaTeX warning: "xparse/redefine-command"
* 
* Redefining document command \textsuperscript with arg. spec. 's' on line 28.
*************************************************
.................................................
. LaTeX info: "xparse/define-command"
. 
. Defining document command \realsubscript with arg. spec. 'm' on line 45.
.................................................
.................................................
. LaTeX info: "xparse/define-command"
. 
. Defining document command \realsuperscript with arg. spec. 'm' on line 60.
.................................................
.................................................
. LaTeX info: "xparse/define-command"
. 
. Defining document command \textsubsuperscript with arg. spec. 'sO{l}mm' on
. line 138.
.................................................
.................................................
. LaTeX info: "xparse/define-command"
. 
. Defining document command \textsupersubscript with arg. spec. 'sO{l}mm' on
. line 143.
.................................................
\subsupersep=\dimen169
) (C:\CTEX\UserData\tex\latex\metalogo\metalogo.sty
Package: metalogo 2010/05/29 v0.12 Extended TeX logo macros
\xl@everylogo=\toks25
\xl@@everylogo=\toks26
LaTeX Info: Redefining \TeX on input line 193.
LaTeX Info: Redefining \LaTeX on input line 202.
LaTeX Info: Redefining \LaTeXe on input line 219.
)
\xxt@tempbox=\box39
)
(C:\CTEX\UserData\tex\latex\titlesec\titlesec.sty
Package: titlesec 2016/03/21 v2.10.2 Sectioning titles
\ttl@box=\box40
\beforetitleunit=\skip59
\aftertitleunit=\skip60
\ttl@plus=\dimen170
\ttl@minus=\dimen171
\ttl@toksa=\toks27
\titlewidth=\dimen172
\titlewidthlast=\dimen173
\titlewidthfirst=\dimen174
)
(C:\CTEX\MiKTeX\tex\latex\tools\indentfirst.sty
Package: indentfirst 1995/11/23 v1.03 Indent first paragraph (DPC)
)
(C:\CTEX\MiKTeX\tex\latex\tools\multicol.sty
Package: multicol 2011/06/27 v1.7a multicolumn formatting (FMi)
\c@tracingmulticols=\count281
\mult@box=\box41
\multicol@leftmargin=\dimen175
\c@unbalance=\count282
\c@collectmore=\count283
\doublecol@number=\count284
\multicoltolerance=\count285
\multicolpretolerance=\count286
\full@width=\dimen176
\page@free=\dimen177
\premulticols=\dimen178
\postmulticols=\dimen179
\multicolsep=\skip61
\multicolbaselineskip=\skip62
\partial@page=\box42
\last@line=\box43
\mult@rightbox=\box44
\mult@grightbox=\box45
\mult@gfirstbox=\box46
\mult@firstbox=\box47
\@tempa=\box48
\@tempa=\box49
\@tempa=\box50
\@tempa=\box51
\@tempa=\box52
\@tempa=\box53
\@tempa=\box54
\@tempa=\box55
\@tempa=\box56
\@tempa=\box57
\@tempa=\box58
\@tempa=\box59
\@tempa=\box60
\@tempa=\box61
\@tempa=\box62
\@tempa=\box63
\@tempa=\box64
\c@columnbadness=\count287
\c@finalcolumnbadness=\count288
\last@try=\dimen180
\multicolovershoot=\dimen181
\multicolundershoot=\dimen182
\mult@nat@firstbox=\box65
\colbreak@box=\box66
\multicol@sort@counter=\count289
)
(C:\CTEX\MiKTeX\tex\latex\amsfonts\amssymb.sty
Package: amssymb 2009/06/22 v3.00
)
(C:\CTEX\MiKTeX\tex\latex\ams\classes\amsthm.sty
Package: amsthm 2004/08/06 v2.20
\thm@style=\toks28
\thm@bodyfont=\toks29
\thm@headfont=\toks30
\thm@notefont=\toks31
\thm@headpunct=\toks32
\thm@preskip=\skip63
\thm@postskip=\skip64
\thm@headsep=\skip65
\dth@everypar=\toks33
)
(C:\CTEX\MiKTeX\tex\latex\multirow\multirow.sty
\bigstrutjot=\dimen183
)
(C:\CTEX\UserData\tex\latex\diagbox\diagbox.sty
Package: diagbox 2016/02/24 v2.1 Making table heads with diagonal lines

(C:\CTEX\UserData\tex\latex\pict2e\pict2e.sty
Package: pict2e 2016/02/05 v0.3b Improved picture commands (HjG,RN,JT)

(C:\CTEX\MiKTeX\tex\latex\00miktex\pict2e.cfg
File: pict2e.cfg 2005/12/29 v1.0 MiKTeX 'pict2e' configuration
)
Package pict2e Info: Driver file: dvips.def on input line 119.

(C:\CTEX\MiKTeX\tex\latex\graphics\dvips.def
File: dvips.def 1999/02/16 v3.0i Driver-dependant file (DPC,SPQR)
)
Package pict2e Info: Driver file for pict2e: p2e-dvips.def on input line 121.

(C:\CTEX\UserData\tex\latex\pict2e\p2e-dvips.def
File: p2e-dvips.def 2016/02/05 v0.1u Driver-dependant file (RN,HjG,JT)
)
\pIIe@GRAPH=\toks34
\@arclen=\dimen184
\@arcrad=\dimen185
\@tempdimd=\dimen186
)
(C:\CTEX\UserData\tex\latex\fp\fp.sty
Package: fp 1995/04/02

`Fixed Point Package', Version 0.8, April 2, 1995 (C) Michael Mehlich
(C:\CTEX\UserData\tex\latex\fp\defpattern.sty
Package: defpattern 1994/10/12
\actioncount=\count290
)
(C:\CTEX\UserData\tex\latex\fp\fp-basic.sty
Package: fp-basic 1996/05/13
\FP@xs=\count291
\FP@xia=\count292
\FP@xib=\count293
\FP@xfa=\count294
\FP@xfb=\count295
\FP@rega=\count296
\FP@regb=\count297
\FP@regs=\count298
\FP@times=\count299
)
(C:\CTEX\UserData\tex\latex\fp\fp-addons.sty
Package: fp-addons 1995/03/15
)
(C:\CTEX\UserData\tex\latex\fp\fp-snap.sty
Package: fp-snap 1995/04/05
)
(C:\CTEX\UserData\tex\latex\fp\fp-exp.sty
Package: fp-exp 1995/04/03
)
(C:\CTEX\UserData\tex\latex\fp\fp-trigo.sty
Package: fp-trigo 1995/04/14
)
(C:\CTEX\UserData\tex\latex\fp\fp-pas.sty
Package: fp-pas 1994/08/29
)
(C:\CTEX\UserData\tex\latex\fp\fp-random.sty
Package: fp-random 1995/02/23
\FPseed=\count300
)
(C:\CTEX\UserData\tex\latex\fp\fp-eqn.sty
Package: fp-eqn 1995/04/03
)
(C:\CTEX\UserData\tex\latex\fp\fp-upn.sty
Package: fp-upn 1996/10/21
)
(C:\CTEX\UserData\tex\latex\fp\fp-eval.sty
Package: fp-eval 1995/04/03
))
(C:\CTEX\MiKTeX\tex\latex\tools\array.sty
Package: array 2008/09/09 v2.4c Tabular extension package (FMi)
\col@sep=\dimen187
\extrarowheight=\dimen188
\NC@list=\toks35
\extratabsurround=\skip66
\backup@length=\skip67
)
\diagbox@boxa=\box67
\diagbox@boxb=\box68
\diagbox@boxm=\box69
\diagbox@wd=\dimen189
\diagbox@ht=\dimen190
\diagbox@insepl=\dimen191
\diagbox@insepr=\dimen192
\diagbox@outsepl=\dimen193
\diagbox@outsepr=\dimen194
)
(C:\CTEX\MiKTeX\tex\latex\fancyhdr\fancyhdr.sty
\fancy@headwidth=\skip68
\f@ncyO@elh=\skip69
\f@ncyO@erh=\skip70
\f@ncyO@olh=\skip71
\f@ncyO@orh=\skip72
\f@ncyO@elf=\skip73
\f@ncyO@erf=\skip74
\f@ncyO@olf=\skip75
\f@ncyO@orf=\skip76
)
(C:\CTEX\UserData\tex\latex\titling\titling.sty
Package: titling 2009/09/04 v2.1d maketitle typesetting
\thanksmarkwidth=\skip77
\thanksmargin=\skip78
\droptitle=\skip79
)
(C:\CTEX\UserData\tex\latex\tabu\tabu.sty
Package: tabu 2011/02/26 v2.8 - flexible LaTeX tabulars (FC)

(C:\CTEX\MiKTeX\tex\latex\ltxmisc\varwidth.sty
Package: varwidth 2009/03/30 ver 0.92;  Variable-width minipages
\@vwid@box=\box70
\sift@deathcycles=\count301
\@vwid@loff=\dimen195
\@vwid@roff=\dimen196
)
\c@taburow=\count302
\tabu@nbcols=\count303
\tabu@cnt=\count304
\tabu@Xcol=\count305
\tabu@alloc=\count306
\tabu@nested=\count307
\tabu@target=\dimen197
\tabu@spreadtarget=\dimen198
\tabu@naturalX=\dimen199
\tabucolX=\dimen200
\tabu@Xsum=\dimen201
Normal \dimen register pool exhausted, switching to extended pool.
\extrarowdepth=\dimen256
\abovetabulinesep=\dimen257
\belowtabulinesep=\dimen258
\tabustrutrule=\dimen259
\tabu@thebody=\toks36
\tabu@footnotes=\toks37
\tabu@box=\box71
\tabu@arstrutbox=\box72
\tabu@hleads=\box73
\tabu@vleads=\box74
\tabu@cellskip=\skip80
)
(C:\CTEX\UserData\tex\latex\pgf\frontendlayer\tikz.sty
(C:\CTEX\UserData\tex\latex\pgf\basiclayer\pgf.sty
(C:\CTEX\UserData\tex\latex\pgf\utilities\pgfrcs.sty
(C:\CTEX\UserData\tex\generic\pgf\utilities\pgfutil-common.tex
\pgfutil@everybye=\toks38
\pgfutil@tempdima=\dimen260
\pgfutil@tempdimb=\dimen261

(C:\CTEX\UserData\tex\generic\pgf\utilities\pgfutil-common-lists.tex))
(C:\CTEX\UserData\tex\generic\pgf\utilities\pgfutil-latex.def
\pgfutil@abb=\box75

(C:\CTEX\UserData\tex\latex\ms\everyshi.sty
Package: everyshi 2001/05/15 v3.00 EveryShipout Package (MS)
))
(C:\CTEX\UserData\tex\generic\pgf\utilities\pgfrcs.code.tex
Package: pgfrcs 2015/08/07 v3.0.1a (rcs-revision 1.31)
))
Package: pgf 2015/08/07 v3.0.1a (rcs-revision 1.15)

(C:\CTEX\UserData\tex\latex\pgf\basiclayer\pgfcore.sty
(C:\CTEX\UserData\tex\latex\pgf\systemlayer\pgfsys.sty
(C:\CTEX\UserData\tex\generic\pgf\systemlayer\pgfsys.code.tex
Package: pgfsys 2014/07/09 v3.0.1a (rcs-revision 1.48)

(C:\CTEX\UserData\tex\generic\pgf\utilities\pgfkeys.code.tex
\pgfkeys@pathtoks=\toks39
\pgfkeys@temptoks=\toks40

(C:\CTEX\UserData\tex\generic\pgf\utilities\pgfkeysfiltered.code.tex
\pgfkeys@tmptoks=\toks41
))
\pgf@x=\dimen262
\pgf@y=\dimen263
\pgf@xa=\dimen264
\pgf@ya=\dimen265
\pgf@xb=\dimen266
\pgf@yb=\dimen267
\pgf@xc=\dimen268
\pgf@yc=\dimen269
\w@pgf@writea=\write3
\r@pgf@reada=\read1
\c@pgf@counta=\count308
\c@pgf@countb=\count309
\c@pgf@countc=\count310
\c@pgf@countd=\count311
\t@pgf@toka=\toks42
\t@pgf@tokb=\toks43
\t@pgf@tokc=\toks44

(C:\CTEX\UserData\tex\generic\pgf\systemlayer\pgf.cfg
File: pgf.cfg 2008/05/14  (rcs-revision 1.7)
)
Driver file for pgf: pgfsys-dvips.def

(C:\CTEX\UserData\tex\generic\pgf\systemlayer\pgfsys-dvips.def
File: pgfsys-dvips.def 2014/07/09  (rcs-revision 1.25)

(C:\CTEX\UserData\tex\generic\pgf\systemlayer\pgfsys-common-postscript.def
File: pgfsys-common-postscript.def 2008/10/01  (rcs-revision 1.22)
\pgf@objectcount=\count312
)))
(C:\CTEX\UserData\tex\generic\pgf\systemlayer\pgfsyssoftpath.code.tex
File: pgfsyssoftpath.code.tex 2013/09/09  (rcs-revision 1.9)
\pgfsyssoftpath@smallbuffer@items=\count313
\pgfsyssoftpath@bigbuffer@items=\count314
)
(C:\CTEX\UserData\tex\generic\pgf\systemlayer\pgfsysprotocol.code.tex
File: pgfsysprotocol.code.tex 2006/10/16  (rcs-revision 1.4)
))
(C:\CTEX\UserData\tex\latex\xcolor\xcolor.sty
Package: xcolor 2007/01/21 v2.11 LaTeX color extensions (UK)

(C:\CTEX\MiKTeX\tex\latex\00miktex\color.cfg
File: color.cfg 2007/01/18 v1.5 color configuration of teTeX/TeXLive
)
Package xcolor Info: Driver file: xetex.def on input line 225.
LaTeX Info: Redefining \color on input line 702.
Package xcolor Info: Model `cmy' substituted by `cmy0' on input line 1337.
Package xcolor Info: Model `RGB' extended on input line 1353.
Package xcolor Info: Model `HTML' substituted by `rgb' on input line 1355.
Package xcolor Info: Model `Hsb' substituted by `hsb' on input line 1356.
Package xcolor Info: Model `tHsb' substituted by `hsb' on input line 1357.
Package xcolor Info: Model `HSB' substituted by `hsb' on input line 1358.
Package xcolor Info: Model `Gray' substituted by `gray' on input line 1359.
Package xcolor Info: Model `wave' substituted by `hsb' on input line 1360.
)
(C:\CTEX\UserData\tex\generic\pgf\basiclayer\pgfcore.code.tex
Package: pgfcore 2010/04/11 v3.0.1a (rcs-revision 1.7)

(C:\CTEX\UserData\tex\generic\pgf\math\pgfmath.code.tex
(C:\CTEX\UserData\tex\generic\pgf\math\pgfmathcalc.code.tex
(C:\CTEX\UserData\tex\generic\pgf\math\pgfmathutil.code.tex)
(C:\CTEX\UserData\tex\generic\pgf\math\pgfmathparser.code.tex
\pgfmath@dimen=\dimen270
\pgfmath@count=\count315
\pgfmath@box=\box76
\pgfmath@toks=\toks45
\pgfmath@stack@operand=\toks46
\pgfmath@stack@operation=\toks47
)
(C:\CTEX\UserData\tex\generic\pgf\math\pgfmathfunctions.code.tex
(C:\CTEX\UserData\tex\generic\pgf\math\pgfmathfunctions.basic.code.tex)
(C:\CTEX\UserData\tex\generic\pgf\math\pgfmathfunctions.trigonometric.code.tex)
(C:\CTEX\UserData\tex\generic\pgf\math\pgfmathfunctions.random.code.tex)
(C:\CTEX\UserData\tex\generic\pgf\math\pgfmathfunctions.comparison.code.tex)
(C:\CTEX\UserData\tex\generic\pgf\math\pgfmathfunctions.base.code.tex)
(C:\CTEX\UserData\tex\generic\pgf\math\pgfmathfunctions.round.code.tex)
(C:\CTEX\UserData\tex\generic\pgf\math\pgfmathfunctions.misc.code.tex)
(C:\CTEX\UserData\tex\generic\pgf\math\pgfmathfunctions.integerarithmetics.code
.tex))) (C:\CTEX\UserData\tex\generic\pgf\math\pgfmathfloat.code.tex
\c@pgfmathroundto@lastzeros=\count316
))
(C:\CTEX\UserData\tex\generic\pgf\basiclayer\pgfcorepoints.code.tex
File: pgfcorepoints.code.tex 2013/10/07  (rcs-revision 1.27)
\pgf@picminx=\dimen271
\pgf@picmaxx=\dimen272
\pgf@picminy=\dimen273
\pgf@picmaxy=\dimen274
\pgf@pathminx=\dimen275
\pgf@pathmaxx=\dimen276
\pgf@pathminy=\dimen277
\pgf@pathmaxy=\dimen278
\pgf@xx=\dimen279
\pgf@xy=\dimen280
\pgf@yx=\dimen281
\pgf@yy=\dimen282
\pgf@zx=\dimen283
\pgf@zy=\dimen284
)
(C:\CTEX\UserData\tex\generic\pgf\basiclayer\pgfcorepathconstruct.code.tex
File: pgfcorepathconstruct.code.tex 2013/10/07  (rcs-revision 1.29)
\pgf@path@lastx=\dimen285
\pgf@path@lasty=\dimen286
)
(C:\CTEX\UserData\tex\generic\pgf\basiclayer\pgfcorepathusage.code.tex
File: pgfcorepathusage.code.tex 2014/11/02  (rcs-revision 1.24)
\pgf@shorten@end@additional=\dimen287
\pgf@shorten@start@additional=\dimen288
)
(C:\CTEX\UserData\tex\generic\pgf\basiclayer\pgfcorescopes.code.tex
File: pgfcorescopes.code.tex 2015/05/08  (rcs-revision 1.46)
\pgfpic=\box77
\pgf@hbox=\box78
\pgf@layerbox@main=\box79
\pgf@picture@serial@count=\count317
)
(C:\CTEX\UserData\tex\generic\pgf\basiclayer\pgfcoregraphicstate.code.tex
File: pgfcoregraphicstate.code.tex 2014/11/02  (rcs-revision 1.12)
\pgflinewidth=\dimen289
)
(C:\CTEX\UserData\tex\generic\pgf\basiclayer\pgfcoretransformations.code.tex
File: pgfcoretransformations.code.tex 2015/08/07  (rcs-revision 1.20)
\pgf@pt@x=\dimen290
\pgf@pt@y=\dimen291
\pgf@pt@temp=\dimen292
)
(C:\CTEX\UserData\tex\generic\pgf\basiclayer\pgfcorequick.code.tex
File: pgfcorequick.code.tex 2008/10/09  (rcs-revision 1.3)
)
(C:\CTEX\UserData\tex\generic\pgf\basiclayer\pgfcoreobjects.code.tex
File: pgfcoreobjects.code.tex 2006/10/11  (rcs-revision 1.2)
)
(C:\CTEX\UserData\tex\generic\pgf\basiclayer\pgfcorepathprocessing.code.tex
File: pgfcorepathprocessing.code.tex 2013/09/09  (rcs-revision 1.9)
)
(C:\CTEX\UserData\tex\generic\pgf\basiclayer\pgfcorearrows.code.tex
File: pgfcorearrows.code.tex 2015/05/14  (rcs-revision 1.43)
\pgfarrowsep=\dimen293
)
(C:\CTEX\UserData\tex\generic\pgf\basiclayer\pgfcoreshade.code.tex
File: pgfcoreshade.code.tex 2013/07/15  (rcs-revision 1.15)
\pgf@max=\dimen294
\pgf@sys@shading@range@num=\count318
)
(C:\CTEX\UserData\tex\generic\pgf\basiclayer\pgfcoreimage.code.tex
File: pgfcoreimage.code.tex 2013/07/15  (rcs-revision 1.18)

(C:\CTEX\UserData\tex\generic\pgf\basiclayer\pgfcoreexternal.code.tex
File: pgfcoreexternal.code.tex 2014/07/09  (rcs-revision 1.21)
\pgfexternal@startupbox=\box80
))
(C:\CTEX\UserData\tex\generic\pgf\basiclayer\pgfcorelayers.code.tex
File: pgfcorelayers.code.tex 2013/07/18  (rcs-revision 1.7)
)
(C:\CTEX\UserData\tex\generic\pgf\basiclayer\pgfcoretransparency.code.tex
File: pgfcoretransparency.code.tex 2013/09/30  (rcs-revision 1.5)
)
(C:\CTEX\UserData\tex\generic\pgf\basiclayer\pgfcorepatterns.code.tex
File: pgfcorepatterns.code.tex 2013/11/07  (rcs-revision 1.5)
)))
(C:\CTEX\UserData\tex\generic\pgf\modules\pgfmoduleshapes.code.tex
File: pgfmoduleshapes.code.tex 2014/03/21  (rcs-revision 1.35)
\pgfnodeparttextbox=\box81
)
(C:\CTEX\UserData\tex\generic\pgf\modules\pgfmoduleplot.code.tex
File: pgfmoduleplot.code.tex 2015/08/03  (rcs-revision 1.13)
)
(C:\CTEX\UserData\tex\latex\pgf\compatibility\pgfcomp-version-0-65.sty
Package: pgfcomp-version-0-65 2007/07/03 v3.0.1a (rcs-revision 1.7)
\pgf@nodesepstart=\dimen295
\pgf@nodesepend=\dimen296
)
(C:\CTEX\UserData\tex\latex\pgf\compatibility\pgfcomp-version-1-18.sty
Package: pgfcomp-version-1-18 2007/07/23 v3.0.1a (rcs-revision 1.1)
))
(C:\CTEX\UserData\tex\latex\pgf\utilities\pgffor.sty
(C:\CTEX\UserData\tex\latex\pgf\utilities\pgfkeys.sty
(C:\CTEX\UserData\tex\generic\pgf\utilities\pgfkeys.code.tex))
(C:\CTEX\UserData\tex\latex\pgf\math\pgfmath.sty
(C:\CTEX\UserData\tex\generic\pgf\math\pgfmath.code.tex))
(C:\CTEX\UserData\tex\generic\pgf\utilities\pgffor.code.tex
Package: pgffor 2013/12/13 v3.0.1a (rcs-revision 1.25)

(C:\CTEX\UserData\tex\generic\pgf\math\pgfmath.code.tex)
\pgffor@iter=\dimen297
\pgffor@skip=\dimen298
\pgffor@stack=\toks48
\pgffor@toks=\toks49
))
(C:\CTEX\UserData\tex\generic\pgf\frontendlayer\tikz\tikz.code.tex
Package: tikz 2015/08/07 v3.0.1a (rcs-revision 1.151)

(C:\CTEX\UserData\tex\generic\pgf\libraries\pgflibraryplothandlers.code.tex
File: pgflibraryplothandlers.code.tex 2013/08/31 v3.0.1a (rcs-revision 1.20)
\pgf@plot@mark@count=\count319
\pgfplotmarksize=\dimen299
)
\tikz@lastx=\dimen300
\tikz@lasty=\dimen301
\tikz@lastxsaved=\dimen302
\tikz@lastysaved=\dimen303
\tikzleveldistance=\dimen304
\tikzsiblingdistance=\dimen305
\tikz@figbox=\box82
\tikz@figbox@bg=\box83
\tikz@tempbox=\box84
\tikz@tempbox@bg=\box85
\tikztreelevel=\count320
\tikznumberofchildren=\count321
\tikznumberofcurrentchild=\count322
\tikz@fig@count=\count323

(C:\CTEX\UserData\tex\generic\pgf\modules\pgfmodulematrix.code.tex
File: pgfmodulematrix.code.tex 2013/09/17  (rcs-revision 1.8)
\pgfmatrixcurrentrow=\count324
\pgfmatrixcurrentcolumn=\count325
\pgf@matrix@numberofcolumns=\count326
)
\tikz@expandcount=\count327

(C:\CTEX\UserData\tex\generic\pgf\frontendlayer\tikz\libraries\tikzlibrarytopat
hs.code.tex
File: tikzlibrarytopaths.code.tex 2008/06/17 v3.0.1a (rcs-revision 1.2)
))) (C:\CTEX\UserData\tex\latex\setspace\setspace.sty
Package: setspace 2011/12/19 v6.7a set line spacing
)
(C:\CTEX\MiKTeX\tex\latex\base\textcomp.sty
Package: textcomp 2005/09/27 v1.99g Standard LaTeX package
Package textcomp Info: Sub-encoding information:
(textcomp)               5 = only ISO-Adobe without \textcurrency
(textcomp)               4 = 5 + \texteuro
(textcomp)               3 = 4 + \textohm
(textcomp)               2 = 3 + \textestimated + \textcurrency
(textcomp)               1 = TS1 - \textcircled - \t
(textcomp)               0 = TS1 (full)
(textcomp)             Font families with sub-encoding setting implement
(textcomp)             only a restricted character set as indicated.
(textcomp)             Family '?' is the default used for unknown fonts.
(textcomp)             See the documentation for details.
Package textcomp Info: Setting ? sub-encoding to TS1/1 on input line 71.

(C:\CTEX\MiKTeX\tex\latex\base\ts1enc.def
File: ts1enc.def 2001/06/05 v3.0e (jk/car/fm) Standard LaTeX file
)
LaTeX Info: Redefining \oldstylenums on input line 266.
Package textcomp Info: Setting cmr sub-encoding to TS1/0 on input line 281.
Package textcomp Info: Setting cmss sub-encoding to TS1/0 on input line 282.
Package textcomp Info: Setting cmtt sub-encoding to TS1/0 on input line 283.
Package textcomp Info: Setting cmvtt sub-encoding to TS1/0 on input line 284.
Package textcomp Info: Setting cmbr sub-encoding to TS1/0 on input line 285.
Package textcomp Info: Setting cmtl sub-encoding to TS1/0 on input line 286.
Package textcomp Info: Setting ccr sub-encoding to TS1/0 on input line 287.
Package textcomp Info: Setting ptm sub-encoding to TS1/4 on input line 288.
Package textcomp Info: Setting pcr sub-encoding to TS1/4 on input line 289.
Package textcomp Info: Setting phv sub-encoding to TS1/4 on input line 290.
Package textcomp Info: Setting ppl sub-encoding to TS1/3 on input line 291.
Package textcomp Info: Setting pag sub-encoding to TS1/4 on input line 292.
Package textcomp Info: Setting pbk sub-encoding to TS1/4 on input line 293.
Package textcomp Info: Setting pnc sub-encoding to TS1/4 on input line 294.
Package textcomp Info: Setting pzc sub-encoding to TS1/4 on input line 295.
Package textcomp Info: Setting bch sub-encoding to TS1/4 on input line 296.
Package textcomp Info: Setting put sub-encoding to TS1/5 on input line 297.
Package textcomp Info: Setting uag sub-encoding to TS1/5 on input line 298.
Package textcomp Info: Setting ugq sub-encoding to TS1/5 on input line 299.
Package textcomp Info: Setting ul8 sub-encoding to TS1/4 on input line 300.
Package textcomp Info: Setting ul9 sub-encoding to TS1/4 on input line 301.
Package textcomp Info: Setting augie sub-encoding to TS1/5 on input line 302.
Package textcomp Info: Setting dayrom sub-encoding to TS1/3 on input line 303.
Package textcomp Info: Setting dayroms sub-encoding to TS1/3 on input line 304.

Package textcomp Info: Setting pxr sub-encoding to TS1/0 on input line 305.
Package textcomp Info: Setting pxss sub-encoding to TS1/0 on input line 306.
Package textcomp Info: Setting pxtt sub-encoding to TS1/0 on input line 307.
Package textcomp Info: Setting txr sub-encoding to TS1/0 on input line 308.
Package textcomp Info: Setting txss sub-encoding to TS1/0 on input line 309.
Package textcomp Info: Setting txtt sub-encoding to TS1/0 on input line 310.
Package textcomp Info: Setting lmr sub-encoding to TS1/0 on input line 311.
Package textcomp Info: Setting lmdh sub-encoding to TS1/0 on input line 312.
Package textcomp Info: Setting lmss sub-encoding to TS1/0 on input line 313.
Package textcomp Info: Setting lmssq sub-encoding to TS1/0 on input line 314.
Package textcomp Info: Setting lmvtt sub-encoding to TS1/0 on input line 315.
Package textcomp Info: Setting qhv sub-encoding to TS1/0 on input line 316.
Package textcomp Info: Setting qag sub-encoding to TS1/0 on input line 317.
Package textcomp Info: Setting qbk sub-encoding to TS1/0 on input line 318.
Package textcomp Info: Setting qcr sub-encoding to TS1/0 on input line 319.
Package textcomp Info: Setting qcs sub-encoding to TS1/0 on input line 320.
Package textcomp Info: Setting qpl sub-encoding to TS1/0 on input line 321.
Package textcomp Info: Setting qtm sub-encoding to TS1/0 on input line 322.
Package textcomp Info: Setting qzc sub-encoding to TS1/0 on input line 323.
Package textcomp Info: Setting qhvc sub-encoding to TS1/0 on input line 324.
Package textcomp Info: Setting futs sub-encoding to TS1/4 on input line 325.
Package textcomp Info: Setting futx sub-encoding to TS1/4 on input line 326.
Package textcomp Info: Setting futj sub-encoding to TS1/4 on input line 327.
Package textcomp Info: Setting hlh sub-encoding to TS1/3 on input line 328.
Package textcomp Info: Setting hls sub-encoding to TS1/3 on input line 329.
Package textcomp Info: Setting hlst sub-encoding to TS1/3 on input line 330.
Package textcomp Info: Setting hlct sub-encoding to TS1/5 on input line 331.
Package textcomp Info: Setting hlx sub-encoding to TS1/5 on input line 332.
Package textcomp Info: Setting hlce sub-encoding to TS1/5 on input line 333.
Package textcomp Info: Setting hlcn sub-encoding to TS1/5 on input line 334.
Package textcomp Info: Setting hlcw sub-encoding to TS1/5 on input line 335.
Package textcomp Info: Setting hlcf sub-encoding to TS1/5 on input line 336.
Package textcomp Info: Setting pplx sub-encoding to TS1/3 on input line 337.
Package textcomp Info: Setting pplj sub-encoding to TS1/3 on input line 338.
Package textcomp Info: Setting ptmx sub-encoding to TS1/4 on input line 339.
Package textcomp Info: Setting ptmj sub-encoding to TS1/4 on input line 340.
)
(C:\CTEX\UserData\tex\latex\listings\listings.sty
\lst@mode=\count328
\lst@gtempboxa=\box86
\lst@token=\toks50
\lst@length=\count329
\lst@currlwidth=\dimen306
\lst@column=\count330
\lst@pos=\count331
\lst@lostspace=\dimen307
\lst@width=\dimen308
\lst@newlines=\count332
\lst@lineno=\count333
\lst@maxwidth=\dimen309

(C:\CTEX\UserData\tex\latex\listings\lstmisc.sty
File: lstmisc.sty 2015/06/04 1.6 (Carsten Heinz)
\c@lstnumber=\count334
\lst@skipnumbers=\count335
\lst@framebox=\box87
)
(C:\CTEX\UserData\tex\latex\listings\listings.cfg
File: listings.cfg 2015/06/04 1.6 listings configuration
))
Package: listings 2015/06/04 1.6 (Carsten Heinz)

(C:\CTEX\UserData\tex\latex\pdfpages\pdfpages.sty
Package: pdfpages 2016/04/19 v0.5f Insert pages of external PDF documents (AM)

(C:\CTEX\MiKTeX\tex\latex\base\ifthen.sty
Package: ifthen 2001/05/26 v1.1c Standard LaTeX ifthen package (DPC)
)
(C:\CTEX\MiKTeX\tex\latex\tools\calc.sty
Package: calc 2007/08/22 v4.3 Infix arithmetic (KKT,FJ)
\calc@Acount=\count336
\calc@Bcount=\count337
\calc@Adimen=\dimen310
\calc@Bdimen=\dimen311
\calc@Askip=\skip81
\calc@Bskip=\skip82
LaTeX Info: Redefining \setlength on input line 76.
LaTeX Info: Redefining \addtolength on input line 77.
\calc@Ccount=\count338
\calc@Cskip=\skip83
)
(C:\CTEX\UserData\tex\latex\eso-pic\eso-pic.sty
Package: eso-pic 2015/07/21 v2.0g eso-pic (RN)
)
\AM@pagewidth=\dimen312
\AM@pageheight=\dimen313

(C:\CTEX\UserData\tex\latex\pdfpages\ppxetex.def
File: ppxetex.def 2016/04/19 v0.5f Pdfpages driver for XeTeX (AM)
)
\AM@pagebox=\box88
\AM@global@opts=\toks51
\AM@toc@title=\toks52
\c@AM@survey=\count339
\AM@templatesizebox=\box89
))
(H:\bachelorDocumentPackageForHust\bachelorThesis\setup/define.tex
Requested font "Times New Roman" at 10.0pt
 -> C:/WINDOWS/Fonts/times.ttf
Requested font "Times New Roman/ICU" at 10.0pt
 -> C:/WINDOWS/Fonts/times.ttf
\g_fontspec_family_Times New Roman_int=\count340
Requested font "Times New Roman/B/ICU" at 10.0pt
 -> C:/WINDOWS/Fonts/timesbd.ttf
Requested font "Times New Roman/B/B/ICU" at 10.0pt
 -> C:/WINDOWS/Fonts/timesbd.ttf
Requested font "Times New Roman/I/ICU" at 10.0pt
 -> C:/WINDOWS/Fonts/timesi.ttf
Requested font "Times New Roman/I/I/ICU" at 10.0pt
 -> C:/WINDOWS/Fonts/timesi.ttf
Requested font "Times New Roman/BI/ICU" at 10.0pt
 -> C:/WINDOWS/Fonts/timesbi.ttf
Requested font "Times New Roman/BI/BI/ICU" at 10.0pt
 -> C:/WINDOWS/Fonts/timesbi.ttf
.................................................
. fontspec info: "defining-font"
. 
. Font family 'TimesNewRoman(0)' created for font 'Times New Roman' with
. options [].
. 
. This font family consists of the following shapes:
. 
. * 'normal' with NFSS spec.:
. <->"Times New Roman/ICU:script=latn;language=DFLT;"
. 
. * 'small caps' with NFSS spec.:
. <->"Times New Roman/ICU:script=latn;language=DFLT;+smcp;"
. 
. * 'bold' with NFSS spec.:
. <->"Times New Roman/B/ICU:script=latn;language=DFLT;"
. 
. * 'bold small caps' with NFSS spec.:
. <->"Times New Roman/B/ICU:script=latn;language=DFLT;+smcp;"
. 
. * 'italic' with NFSS spec.:
. <->"Times New Roman/I/ICU:script=latn;language=DFLT;"
. 
. * 'italic small caps' with NFSS spec.:
. <->"Times New Roman/I/ICU:script=latn;language=DFLT;+smcp;"
. 
. * 'bold italic' with NFSS spec.:
. <->"Times New Roman/BI/ICU:script=latn;language=DFLT;"
. 
. * 'bold italic small caps' with NFSS spec.:
. <->"Times New Roman/BI/ICU:script=latn;language=DFLT;+smcp;"
.................................................
Package hyperref Info: Option `colorlinks' set `false' on input line 81.
)
(H:\bachelorDocumentPackageForHust\bachelorThesis\main.aux
(H:\bachelorDocumentPackageForHust\bachelorThesis\Titlepage/title.aux)
(H:\bachelorDocumentPackageForHust\bachelorThesis\Titlepage/Warranty.aux)
(H:\bachelorDocumentPackageForHust\bachelorThesis\Abstract_Chn.aux)
(H:\bachelorDocumentPackageForHust\bachelorThesis\Abstract_Eng.aux)
(H:\bachelorDocumentPackageForHust\bachelorThesis\Sect1/sect1.aux)
(H:\bachelorDocumentPackageForHust\bachelorThesis\Sect2/sect2.aux)
(H:\bachelorDocumentPackageForHust\bachelorThesis\Sect3/sect3.aux)
(H:\bachelorDocumentPackageForHust\bachelorThesis\Sect4/sect4.aux)
(H:\bachelorDocumentPackageForHust\bachelorThesis\Sect5/sect5.aux)
(H:\bachelorDocumentPackageForHust\bachelorThesis\appendix/appendix1.aux))
LaTeX Font Info:    Checking defaults for OML/cmm/m/it on input line 16.
LaTeX Font Info:    ... okay on input line 16.
LaTeX Font Info:    Checking defaults for T1/cmr/m/n on input line 16.
LaTeX Font Info:    ... okay on input line 16.
LaTeX Font Info:    Checking defaults for OT1/cmr/m/n on input line 16.
LaTeX Font Info:    ... okay on input line 16.
LaTeX Font Info:    Checking defaults for OMS/cmsy/m/n on input line 16.
LaTeX Font Info:    ... okay on input line 16.
LaTeX Font Info:    Checking defaults for OMX/cmex/m/n on input line 16.
LaTeX Font Info:    ... okay on input line 16.
LaTeX Font Info:    Checking defaults for U/cmr/m/n on input line 16.
LaTeX Font Info:    ... okay on input line 16.
LaTeX Font Info:    Checking defaults for EU1/lmr/m/n on input line 16.
LaTeX Font Info:    ... okay on input line 16.
LaTeX Font Info:    Checking defaults for T3/cmr/m/n on input line 16.
LaTeX Font Info:    Try loading font information for T3+cmr on input line 16.

(C:\CTEX\MiKTeX\tex\latex\tipa\t3cmr.fd
File: t3cmr.fd 2001/12/31 TIPA font definitions
)
LaTeX Font Info:    ... okay on input line 16.
LaTeX Font Info:    Checking defaults for PD1/pdf/m/n on input line 16.
LaTeX Font Info:    ... okay on input line 16.
LaTeX Font Info:    Checking defaults for PU/pdf/m/n on input line 16.
LaTeX Font Info:    ... okay on input line 16.
LaTeX Font Info:    Checking defaults for TS1/cmr/m/n on input line 16.
LaTeX Font Info:    Try loading font information for TS1+cmr on input line 16.

(C:\CTEX\MiKTeX\tex\latex\base\ts1cmr.fd
File: ts1cmr.fd 1999/05/25 v2.5h Standard LaTeX font definitions
)
LaTeX Font Info:    ... okay on input line 16.
Requested font "[lmroman12-regular]:mapping=tex-text" at 12.0pt
 -> C:/CTEX/MiKTeX/fonts/opentype/public/lm/lmroman12-regular.otf
.................................................
. fontspec info: "setup-math"
. 
. Adjusting the maths setup (use [no-math] to avoid this).
.................................................
\symlegacymaths=\mathgroup9
LaTeX Font Info:    Overwriting symbol font `legacymaths' in version `bold'
(Font)                  OT1/cmr/m/n --> OT1/cmr/bx/n on input line 16.
LaTeX Font Info:    Redeclaring math accent \acute on input line 16.
LaTeX Font Info:    Redeclaring math accent \grave on input line 16.
LaTeX Font Info:    Redeclaring math accent \ddot on input line 16.
LaTeX Font Info:    Redeclaring math accent \tilde on input line 16.
LaTeX Font Info:    Redeclaring math accent \bar on input line 16.
LaTeX Font Info:    Redeclaring math accent \breve on input line 16.
LaTeX Font Info:    Redeclaring math accent \check on input line 16.
LaTeX Font Info:    Redeclaring math accent \hat on input line 16.
LaTeX Font Info:    Redeclaring math accent \dot on input line 16.
LaTeX Font Info:    Redeclaring math accent \mathring on input line 16.
LaTeX Font Info:    Redeclaring math symbol \Gamma on input line 16.
LaTeX Font Info:    Redeclaring math symbol \Delta on input line 16.
LaTeX Font Info:    Redeclaring math symbol \Theta on input line 16.
LaTeX Font Info:    Redeclaring math symbol \Lambda on input line 16.
LaTeX Font Info:    Redeclaring math symbol \Xi on input line 16.
LaTeX Font Info:    Redeclaring math symbol \Pi on input line 16.
LaTeX Font Info:    Redeclaring math symbol \Sigma on input line 16.
LaTeX Font Info:    Redeclaring math symbol \Upsilon on input line 16.
LaTeX Font Info:    Redeclaring math symbol \Phi on input line 16.
LaTeX Font Info:    Redeclaring math symbol \Psi on input line 16.
LaTeX Font Info:    Redeclaring math symbol \Omega on input line 16.
LaTeX Font Info:    Redeclaring math symbol \mathdollar on input line 16.
LaTeX Font Info:    Redeclaring symbol font `operators' on input line 16.
LaTeX Font Info:    Encoding `OT1' has changed to `EU1' for symbol font
(Font)              `operators' in the math version `normal' on input line 16.
LaTeX Font Info:    Overwriting symbol font `operators' in version `normal'
(Font)                  OT1/cmr/m/n --> EU1/lmr/m/n on input line 16.
LaTeX Font Info:    Encoding `OT1' has changed to `EU1' for symbol font
(Font)              `operators' in the math version `bold' on input line 16.
LaTeX Font Info:    Overwriting symbol font `operators' in version `bold'
(Font)                  OT1/cmr/bx/n --> EU1/lmr/m/n on input line 16.
LaTeX Font Info:    Overwriting symbol font `operators' in version `normal'
(Font)                  EU1/lmr/m/n --> EU1/lmr/m/n on input line 16.
LaTeX Font Info:    Overwriting math alphabet `\mathrm' in version `normal'
(Font)                  EU1/lmr/m/n --> EU1/lmr/m/n on input line 16.
LaTeX Font Info:    Overwriting math alphabet `\mathit' in version `normal'
(Font)                  OT1/cmr/m/it --> EU1/lmr/m/it on input line 16.
LaTeX Font Info:    Overwriting math alphabet `\mathbf' in version `normal'
(Font)                  OT1/cmr/bx/n --> EU1/lmr/bx/n on input line 16.
LaTeX Font Info:    Overwriting math alphabet `\mathsf' in version `normal'
(Font)                  OT1/cmss/m/n --> EU1/lmss/m/n on input line 16.
LaTeX Font Info:    Overwriting math alphabet `\mathtt' in version `normal'
(Font)                  OT1/cmtt/m/n --> EU1/lmtt/m/n on input line 16.
LaTeX Font Info:    Overwriting symbol font `operators' in version `bold'
(Font)                  EU1/lmr/m/n --> EU1/lmr/bx/n on input line 16.
LaTeX Font Info:    Overwriting math alphabet `\mathrm' in version `bold'
(Font)                  EU1/lmr/m/n --> EU1/lmr/bx/n on input line 16.
LaTeX Font Info:    Overwriting math alphabet `\mathit' in version `bold'
(Font)                  OT1/cmr/bx/it --> EU1/lmr/bx/it on input line 16.
LaTeX Font Info:    Overwriting math alphabet `\mathsf' in version `bold'
(Font)                  OT1/cmss/bx/n --> EU1/lmss/bx/n on input line 16.
LaTeX Font Info:    Overwriting math alphabet `\mathtt' in version `bold'
(Font)                  OT1/cmtt/m/n --> EU1/lmtt/bx/n on input line 16.
\AtBeginShipoutBox=\box90
Package hyperref Info: Link coloring OFF on input line 16.

(C:\CTEX\MiKTeX\tex\latex\hyperref\nameref.sty
Package: nameref 2010/04/30 v2.40 Cross-referencing by name of section

(C:\CTEX\MiKTeX\tex\generic\oberdiek\gettitlestring.sty
Package: gettitlestring 2010/12/03 v1.4 Cleanup title references (HO)
)
\c@section@level=\count341
)
LaTeX Info: Redefining \ref on input line 16.
LaTeX Info: Redefining \pageref on input line 16.
LaTeX Info: Redefining \nameref on input line 16.

(H:\bachelorDocumentPackageForHust\bachelorThesis\main.out)
(H:\bachelorDocumentPackageForHust\bachelorThesis\main.out)
\@outlinefile=\write4

*geometry* detected driver: pdftex
*geometry* verbose mode - [ preamble ] result:
* driver: pdftex
* paper: a4paper
* layout: <same size as paper>
* layoutoffset:(h,v)=(0.0pt,0.0pt)
* modes: 
* h-part:(L,W,R)=(85.35826pt, 426.79135pt, 85.35826pt)
* v-part:(T,H,B)=(71.13188pt, 717.00946pt, 56.9055pt)
* \paperwidth=597.50787pt
* \paperheight=845.04684pt
* \textwidth=426.79135pt
* \textheight=717.00946pt
* \oddsidemargin=13.08827pt
* \evensidemargin=13.08827pt
* \topmargin=-38.1381pt
* \headheight=12.0pt
* \headsep=25.0pt
* \topskip=12.0pt
* \footskip=30.0pt
* \marginparwidth=35.0pt
* \marginparsep=10.0pt
* \columnsep=10.0pt
* \skip\footins=10.8pt plus 4.0pt minus 2.0pt
* \hoffset=0.0pt
* \voffset=0.0pt
* \mag=1000
* \@twocolumnfalse
* \@twosidefalse
* \@mparswitchfalse
* \@reversemarginfalse
* (1in=72.27pt=25.4mm, 1cm=28.453pt)

ABD: EveryShipout initializing macros
\c@lstlisting=\count342

(C:\CTEX\MiKTeX\tex\latex\oberdiek\pdflscape.sty
Package: pdflscape 2008/08/11 v0.10 Landscape pages in PDF (HO)

(C:\CTEX\MiKTeX\tex\latex\graphics\lscape.sty
Package: lscape 2000/10/22 v3.01 Landscape Pages (DPC)
)
Package pdflscape Info: Auto-detected driver: dvipdfm (xetex) on input line 98.

)
(H:\bachelorDocumentPackageForHust\bachelorThesis\Titlepage/title.tex
File: Titlepage/univ-title.png Graphic file (type QTm)

<use  "Titlepage/univ-title.png" >
Requested font "[lmroman17-regular]:mapping=tex-text" at 36.0pt
 -> C:/CTEX/MiKTeX/fonts/opentype/public/lm/lmroman17-regular.otf
Requested font "[lmroman12-bold]:mapping=tex-text" at 36.0pt
 -> C:/CTEX/MiKTeX/fonts/opentype/public/lm/lmroman12-bold.otf
Requested font "STZhongsong" at 36.0pt
 -> C:/WINDOWS/Fonts/STZHONGS.TTF
Requested font "STZhongsong/ICU" at 36.0pt
 -> C:/WINDOWS/Fonts/STZHONGS.TTF
.................................................
. fontspec info: "no-scripts"
. 
. Font STZhongsong does not contain any OpenType `Script' information.
.................................................
\g_fontspec_family_STZhongsong_int=\count343
.................................................
. fontspec info: "defining-font"
. 
. Font family 'STZhongsong(0)' created for font 'STZhongsong' with options
. [BoldFont={STZhongsong},BoldFeatures={RawFeature={embolden=4}},ItalicFont={ST
Zhongsong},ItalicFeatures={RawFeature={slant=0.17}},BoldItalicFont={STZhongsong
},BoldItalicFeatures={RawFeature={embolden=4,slant=0.17}}].
. 
. This font family consists of the following shapes:
. 
. * 'normal' with NFSS spec.:
. <->"STZhongsong/ICU:"
. 
. * 'bold' with NFSS spec.:
. <->"STZhongsong/ICU:embolden=4;"
. 
. * 'italic' with NFSS spec.:
. <->"STZhongsong/ICU:slant=0.17;"
. 
. * 'bold italic' with NFSS spec.:
. <->"STZhongsong/ICU:embolden=4,slant=0.17;"
.................................................
Requested font "STZhongsong/ICU:embolden=4;" at 36.0pt
 -> C:/WINDOWS/Fonts/STZHONGS.TTF
Requested font "[lmroman17-regular]:mapping=tex-text" at 21.0pt
 -> C:/CTEX/MiKTeX/fonts/opentype/public/lm/lmroman17-regular.otf
Requested font "[lmroman12-bold]:mapping=tex-text" at 21.0pt
 -> C:/CTEX/MiKTeX/fonts/opentype/public/lm/lmroman12-bold.otf
Requested font "SimHei" at 21.0pt
 -> C:/WINDOWS/Fonts/simhei.ttf
Requested font "SimHei/ICU" at 21.0pt
 -> C:/WINDOWS/Fonts/simhei.ttf
\g_fontspec_family_SimHei_int=\count344
.................................................
. fontspec info: "defining-font"
. 
. Font family 'SimHei(0)' created for font 'SimHei' with options
. [BoldFont={SimHei},BoldFeatures={RawFeature={embolden=4}},ItalicFont={SimHei}
,ItalicFeatures={RawFeature={slant=0.17}},BoldItalicFont={SimHei},BoldItalicFea
tures={RawFeature={embolden=4,slant=0.17}}].
. 
. This font family consists of the following shapes:
. 
. * 'normal' with NFSS spec.:
. <->"SimHei/ICU:script=latn;language=DFLT;"
. 
. * 'bold' with NFSS spec.:
. <->"SimHei/ICU:script=latn;language=DFLT;embolden=4;"
. 
. * 'italic' with NFSS spec.:
. <->"SimHei/ICU:script=latn;language=DFLT;slant=0.17;"
. 
. * 'bold italic' with NFSS spec.:
. <->"SimHei/ICU:script=latn;language=DFLT;embolden=4,slant=0.17;"
.................................................
Requested font "SimHei/ICU:script=latn;language=DFLT;embolden=4;" at 21.0pt
 -> C:/WINDOWS/Fonts/simhei.ttf
Requested font "[lmroman17-regular]:mapping=tex-text" at 15.75pt
 -> C:/CTEX/MiKTeX/fonts/opentype/public/lm/lmroman17-regular.otf
Requested font "STZhongsong" at 15.75pt
 -> C:/WINDOWS/Fonts/STZHONGS.TTF
Requested font "STZhongsong/ICU" at 15.75pt
 -> C:/WINDOWS/Fonts/STZHONGS.TTF
.................................................
. fontspec info: "no-scripts"
. 
. Font STZhongsong does not contain any OpenType `Script' information.
.................................................
.................................................
. fontspec info: "defining-font"
. 
. Font family 'STZhongsong(0)' created for font 'STZhongsong' with options
. [BoldFont={STZhongsong},BoldFeatures={RawFeature={embolden=4}},ItalicFont={ST
Zhongsong},ItalicFeatures={RawFeature={slant=0.17}},BoldItalicFont={STZhongsong
},BoldItalicFeatures={RawFeature={embolden=4,slant=0.17}}].
. 
. This font family consists of the following shapes:
.................................................
Requested font "STZhongsong/ICU:" at 15.75pt
 -> C:/WINDOWS/Fonts/STZHONGS.TTF
Requested font "STZhongsong/ICU:" at 15.75pt
 -> C:/WINDOWS/Fonts/STZHONGS.TTF
LaTeX Font Info:    Calculating math sizes for size <15.75> on input line 16.
Requested font "[lmroman12-regular]:mapping=tex-text" at 11.02495pt
 -> C:/CTEX/MiKTeX/fonts/opentype/public/lm/lmroman12-regular.otf
Requested font "[lmroman8-regular]:mapping=tex-text" at 7.875pt
 -> C:/CTEX/MiKTeX/fonts/opentype/public/lm/lmroman8-regular.otf


LaTeX Font Warning: Font shape `OML/cmm/m/it' in size <15.75> not available
(Font)              size <14.4> substituted on input line 16.

Requested font "cmmi12" at 14.4pt
 -> cmmi12
Requested font "cmmi10" at 10.95pt
 -> cmmi10
Requested font "cmmi8" at 8.0pt
 -> cmmi8

LaTeX Font Warning: Font shape `OMS/cmsy/m/n' in size <15.75> not available
(Font)              size <14.4> substituted on input line 16.

Requested font "cmsy10" at 14.4pt
 -> cmsy10
Requested font "cmsy10" at 10.95pt
 -> cmsy10
Requested font "cmsy8" at 8.0pt
 -> cmsy8
Requested font "cmex10" at 15.75pt
 -> cmex10
Requested font "cmex10" at 11.02495pt
 -> cmex10
Requested font "cmex8" at 7.875pt
 -> cmex8
LaTeX Font Info:    Try loading font information for U+msa on input line 16.
(C:\CTEX\MiKTeX\tex\latex\amsfonts\umsa.fd
File: umsa.fd 2009/06/22 v3.00 AMS symbols A
)
Requested font "msam10" at 15.75pt
 -> msam10
Requested font "msam10" at 11.02495pt
 -> msam10
Requested font "msam7" at 7.875pt
 -> msam7
LaTeX Font Info:    Try loading font information for U+msb on input line 16.

(C:\CTEX\MiKTeX\tex\latex\amsfonts\umsb.fd
File: umsb.fd 2009/06/22 v3.00 AMS symbols B
)
Requested font "msbm10" at 15.75pt
 -> msbm10
Requested font "msbm10" at 11.02495pt
 -> msbm10
Requested font "msbm7" at 7.875pt
 -> msbm7


LaTeX Font Warning: Font shape `OT1/cmr/bx/n' in size <15.75> not available
(Font)              size <14.4> substituted on input line 16.

Requested font "cmbx12" at 14.4pt
 -> cmbx12
Requested font "cmbx10" at 10.95pt
 -> cmbx10
Requested font "cmbx8" at 8.0pt
 -> cmbx8

LaTeX Font Warning: Font shape `OML/cmm/b/it' in size <15.75> not available
(Font)              size <14.4> substituted on input line 16.

Requested font "cmmib10" at 14.4pt
 -> cmmib10
Requested font "cmmib10" at 10.95pt
 -> cmmib10
Requested font "cmmib8" at 8.0pt
 -> cmmib8

LaTeX Font Warning: Font shape `OMS/cmsy/b/n' in size <15.75> not available
(Font)              size <14.4> substituted on input line 16.

Requested font "cmbsy10" at 14.4pt
 -> cmbsy10
Requested font "cmbsy10" at 10.95pt
 -> cmbsy10
Requested font "cmbsy8" at 8.0pt
 -> cmbsy8

LaTeX Font Warning: Font shape `OT1/cmr/m/n' in size <15.75> not available
(Font)              size <14.4> substituted on input line 16.

Requested font "cmr12" at 14.4pt
 -> cmr12
Requested font "cmr10" at 10.95pt
 -> cmr10
Requested font "cmr8" at 8.0pt
 -> cmr8
(C:\CTEX\MiKTeX\tex\generic\oberdiek\se-ascii-print.def
File: se-ascii-print.def 2010/03/01 v1.8 stringenc: Printable ASCII characters
) [1


])
(H:\bachelorDocumentPackageForHust\bachelorThesis\Titlepage/Warranty.tex
Requested font "[lmroman17-regular]:mapping=tex-text" at 18.0pt
 -> C:/CTEX/MiKTeX/fonts/opentype/public/lm/lmroman17-regular.otf
Requested font "[lmroman12-bold]:mapping=tex-text" at 18.0pt
 -> C:/CTEX/MiKTeX/fonts/opentype/public/lm/lmroman12-bold.otf
Requested font "SimHei" at 18.0pt
 -> C:/WINDOWS/Fonts/simhei.ttf
Requested font "SimHei/ICU" at 18.0pt
 -> C:/WINDOWS/Fonts/simhei.ttf
.................................................
. fontspec info: "defining-font"
. 
. Font family 'SimHei(0)' created for font 'SimHei' with options
. [BoldFont={SimHei},BoldFeatures={RawFeature={embolden=4}},ItalicFont={SimHei}
,ItalicFeatures={RawFeature={slant=0.17}},BoldItalicFont={SimHei},BoldItalicFea
tures={RawFeature={embolden=4,slant=0.17}}].
. 
. This font family consists of the following shapes:
.................................................
Requested font "SimHei/ICU:script=latn;language=DFLT;embolden=4;" at 18.0pt
 -> C:/WINDOWS/Fonts/simhei.ttf
Requested font "SimSun" at 12.0pt
 -> C:/WINDOWS/Fonts/simsun.ttc
Requested font "SimSun/ICU" at 12.0pt
 -> C:/WINDOWS/Fonts/simsun.ttc
\g_fontspec_family_SimSun_int=\count345
.................................................
. fontspec info: "defining-font"
. 
. Font family 'SimSun(0)' created for font 'SimSun' with options
. [BoldFont={SimSun},BoldFeatures={RawFeature={embolden=4}},ItalicFont={SimSun}
,ItalicFeatures={RawFeature={slant=0.17}},BoldItalicFont={SimSun},BoldItalicFea
tures={RawFeature={embolden=4,slant=0.17}}].
. 
. This font family consists of the following shapes:
. 
. * 'normal' with NFSS spec.:
. <->"SimSun/ICU:script=latn;language=DFLT;"
. 
. * 'bold' with NFSS spec.:
. <->"SimSun/ICU:script=latn;language=DFLT;embolden=4;"
. 
. * 'italic' with NFSS spec.:
. <->"SimSun/ICU:script=latn;language=DFLT;slant=0.17;"
. 
. * 'bold italic' with NFSS spec.:
. <->"SimSun/ICU:script=latn;language=DFLT;embolden=4,slant=0.17;"
.................................................
Requested font "SimSun/ICU:script=latn;language=DFLT;" at 12.0pt
 -> C:/WINDOWS/Fonts/simsun.ttc

Underfull \hbox (badness 10000) in paragraph at lines 11--15

 []

[1


]) (H:\bachelorDocumentPackageForHust\bachelorThesis\Abstract_Chn.tex
.................................................
. fontspec info: "defining-font"
. 
. Font family 'SimHei(0)' created for font 'SimHei' with options
. [BoldFont={SimHei},BoldFeatures={RawFeature={embolden=4}},ItalicFont={SimHei}
,ItalicFeatures={RawFeature={slant=0.17}},BoldItalicFont={SimHei},BoldItalicFea
tures={RawFeature={embolden=4,slant=0.17}}].
. 
. This font family consists of the following shapes:
.................................................
Requested font "SimHei/ICU:script=latn;language=DFLT;" at 18.0pt
 -> C:/WINDOWS/Fonts/simhei.ttf
Requested font "[lmroman12-regular]:mapping=tex-text" at 14.0pt
 -> C:/CTEX/MiKTeX/fonts/opentype/public/lm/lmroman12-regular.otf
Requested font "SimHei" at 14.0pt
 -> C:/WINDOWS/Fonts/simhei.ttf
Requested font "SimHei/ICU" at 14.0pt
 -> C:/WINDOWS/Fonts/simhei.ttf
.................................................
. fontspec info: "defining-font"
. 
. Font family 'SimHei(0)' created for font 'SimHei' with options
. [BoldFont={SimHei},BoldFeatures={RawFeature={embolden=4}},ItalicFont={SimHei}
,ItalicFeatures={RawFeature={slant=0.17}},BoldItalicFont={SimHei},BoldItalicFea
tures={RawFeature={embolden=4,slant=0.17}}].
. 
. This font family consists of the following shapes:
.................................................
Requested font "SimHei/ICU:script=latn;language=DFLT;" at 14.0pt
 -> C:/WINDOWS/Fonts/simhei.ttf
)
Requested font "STZhongsong" at 12.0pt
 -> C:/WINDOWS/Fonts/STZHONGS.TTF
Requested font "STZhongsong/ICU" at 12.0pt
 -> C:/WINDOWS/Fonts/STZHONGS.TTF
.................................................
. fontspec info: "no-scripts"
. 
. Font STZhongsong does not contain any OpenType `Script' information.
.................................................
.................................................
. fontspec info: "defining-font"
. 
. Font family 'STZhongsong(0)' created for font 'STZhongsong' with options
. [BoldFont={STZhongsong},BoldFeatures={RawFeature={embolden=4}},ItalicFont={ST
Zhongsong},ItalicFeatures={RawFeature={slant=0.17}},BoldItalicFont={STZhongsong
},BoldItalicFeatures={RawFeature={embolden=4,slant=0.17}}].
. 
. This font family consists of the following shapes:
.................................................
Requested font "STZhongsong/ICU:" at 12.0pt
 -> C:/WINDOWS/Fonts/STZHONGS.TTF
Requested font "STZhongsong/ICU:" at 12.0pt
 -> C:/WINDOWS/Fonts/STZHONGS.TTF


Package Fancyhdr Warning: \headheight is too small (12.0pt): 
 Make it at least 14.49998pt.
 We now make it that large for the rest of the document.
 This may cause the page layout to be inconsistent, however.

[1


] (H:\bachelorDocumentPackageForHust\bachelorThesis\Abstract_Eng.tex
Requested font "Times New Roman/ICU:script=latn;language=DFLT;" at 18.0pt
 -> C:/WINDOWS/Fonts/times.ttf
Requested font "Times New Roman/ICU:script=latn;language=DFLT;" at 12.0pt
 -> C:/WINDOWS/Fonts/times.ttf
Requested font "Times New Roman/B/ICU:script=latn;language=DFLT;" at 12.0pt
 -> C:/WINDOWS/Fonts/timesbd.ttf
Requested font "Times New Roman/B/ICU:script=latn;language=DFLT;" at 14.0pt
 -> C:/WINDOWS/Fonts/timesbd.ttf
)

Package Fancyhdr Warning: \headheight is too small (12.0pt): 
 Make it at least 14.49998pt.
 We now make it that large for the rest of the document.
 This may cause the page layout to be inconsistent, however.

[2


]
Requested font "Times New Roman/B/ICU:script=latn;language=DFLT;" at 18.0pt
 -> C:/WINDOWS/Fonts/timesbd.ttf
 (H:\bachelorDocumentPackageForHust\bachelorThesis\main.toc
.................................................
. fontspec info: "defining-font"
. 
. Font family 'SimSun(0)' created for font 'SimSun' with options
. [BoldFont={SimSun},BoldFeatures={RawFeature={embolden=4}},ItalicFont={SimSun}
,ItalicFeatures={RawFeature={slant=0.17}},BoldItalicFont={SimSun},BoldItalicFea
tures={RawFeature={embolden=4,slant=0.17}}].
. 
. This font family consists of the following shapes:
.................................................
Requested font "SimSun/ICU:script=latn;language=DFLT;embolden=4;" at 12.0pt
 -> C:/WINDOWS/Fonts/simsun.ttc
Requested font "[lmroman8-regular]:mapping=tex-text" at 8.0pt
 -> C:/CTEX/MiKTeX/fonts/opentype/public/lm/lmroman8-regular.otf
Requested font "[lmroman6-regular]:mapping=tex-text" at 6.0pt
 -> C:/CTEX/MiKTeX/fonts/opentype/public/lm/lmroman6-regular.otf
Requested font "cmmi12" at 12.0pt
 -> cmmi12
Requested font "cmmi6" at 6.0pt
 -> cmmi6
Requested font "cmsy10" at 12.0pt
 -> cmsy10
Requested font "cmsy6" at 6.0pt
 -> cmsy6
Requested font "cmex10" at 12.0pt
 -> cmex10
Requested font "cmex8" at 8.0pt
 -> cmex8
Requested font "cmex7" at 6.0pt
 -> cmex7
Requested font "msam10" at 12.0pt
 -> msam10
Requested font "msam10" at 8.0pt
 -> msam10
Requested font "msam7" at 6.0pt
 -> msam7
Requested font "msbm10" at 12.0pt
 -> msbm10
Requested font "msbm10" at 8.0pt
 -> msbm10
Requested font "msbm7" at 6.0pt
 -> msbm7
Requested font "cmbx12" at 12.0pt
 -> cmbx12
Requested font "cmbx6" at 6.0pt
 -> cmbx6
Requested font "cmmib10" at 12.0pt
 -> cmmib10
Requested font "cmmib6" at 6.0pt
 -> cmmib6
Requested font "cmbsy10" at 12.0pt
 -> cmbsy10
Requested font "cmbsy6" at 6.0pt
 -> cmbsy6
Requested font "cmr6" at 6.0pt
 -> cmr6


Package Fancyhdr Warning: \headheight is too small (12.0pt): 
 Make it at least 14.49998pt.
 We now make it that large for the rest of the document.
 This may cause the page layout to be inconsistent, however.

[3

])
\tf@toc=\write5


Package Fancyhdr Warning: \headheight is too small (12.0pt): 
 Make it at least 14.49998pt.
 We now make it that large for the rest of the document.
 This may cause the page layout to be inconsistent, however.

[4] (H:\bachelorDocumentPackageForHust\bachelorThesis\Sect1/sect1.tex
Requested font "[lmroman12-regular]:mapping=tex-text" at 14.4pt
 -> C:/CTEX/MiKTeX/fonts/opentype/public/lm/lmroman12-regular.otf
Requested font "[lmroman12-bold]:mapping=tex-text" at 14.4pt
 -> C:/CTEX/MiKTeX/fonts/opentype/public/lm/lmroman12-bold.otf
Requested font "SimSun" at 14.4pt
 -> C:/WINDOWS/Fonts/simsun.ttc
Requested font "SimSun/ICU" at 14.4pt
 -> C:/WINDOWS/Fonts/simsun.ttc
Requested font "SimHei/ICU" at 14.4pt
 -> C:/WINDOWS/Fonts/simhei.ttf
.................................................
. fontspec info: "defining-font"
. 
. Font family 'SimSun(1)' created for font 'SimSun' with options
. [ItalicFont={SimSun},ItalicFeatures={RawFeature={slant=0.17}},BoldItalicFont=
{SimHei},BoldItalicFeatures={RawFeature={slant=0.17}},BoldFont=SimHei].
. 
. This font family consists of the following shapes:
. 
. * 'normal' with NFSS spec.:
. <->"SimSun/ICU:script=latn;language=DFLT;"
. 
. * 'bold' with NFSS spec.:
. <->"SimHei/ICU:script=latn;language=DFLT;"
. 
. * 'italic' with NFSS spec.:
. <->"SimSun/ICU:script=latn;language=DFLT;slant=0.17;"
. 
. * 'bold italic' with NFSS spec.:
. <->"SimHei/ICU:script=latn;language=DFLT;slant=0.17;"
.................................................
Requested font "SimHei/ICU:script=latn;language=DFLT;" at 14.4pt
 -> C:/WINDOWS/Fonts/simhei.ttf
Requested font "[lmroman12-bold]:mapping=tex-text" at 12.0pt
 -> C:/CTEX/MiKTeX/fonts/opentype/public/lm/lmroman12-bold.otf
.................................................
. fontspec info: "defining-font"
. 
. Font family 'SimSun(1)' created for font 'SimSun' with options
. [ItalicFont={SimSun},ItalicFeatures={RawFeature={slant=0.17}},BoldItalicFont=
{SimHei},BoldItalicFeatures={RawFeature={slant=0.17}},BoldFont=SimHei].
. 
. This font family consists of the following shapes:
.................................................
Requested font "SimHei/ICU:script=latn;language=DFLT;" at 12.0pt
 -> C:/WINDOWS/Fonts/simhei.ttf


Package Fancyhdr Warning: \headheight is too small (12.0pt): 
 Make it at least 14.49998pt.
 We now make it that large for the rest of the document.
 This may cause the page layout to be inconsistent, however.

[1

]

Package Fancyhdr Warning: \headheight is too small (12.0pt): 
 Make it at least 14.49998pt.
 We now make it that large for the rest of the document.
 This may cause the page layout to be inconsistent, however.

[2]

Package Fancyhdr Warning: \headheight is too small (12.0pt): 
 Make it at least 14.49998pt.
 We now make it that large for the rest of the document.
 This may cause the page layout to be inconsistent, however.

[3])

Package Fancyhdr Warning: \headheight is too small (12.0pt): 
 Make it at least 14.49998pt.
 We now make it that large for the rest of the document.
 This may cause the page layout to be inconsistent, however.

[4] (H:\bachelorDocumentPackageForHust\bachelorThesis\Sect2/sect2.tex
File: Sect2/fig2-1.png Graphic file (type QTm)

<use  "Sect2/fig2-1.png" >
Requested font "SimHei" at 12.0pt
 -> C:/WINDOWS/Fonts/simhei.ttf
Requested font "SimHei/ICU" at 12.0pt
 -> C:/WINDOWS/Fonts/simhei.ttf
.................................................
. fontspec info: "defining-font"
. 
. Font family 'SimHei(0)' created for font 'SimHei' with options
. [BoldFont={SimHei},BoldFeatures={RawFeature={embolden=4}},ItalicFont={SimHei}
,ItalicFeatures={RawFeature={slant=0.17}},BoldItalicFont={SimHei},BoldItalicFea
tures={RawFeature={embolden=4,slant=0.17}}].
. 
. This font family consists of the following shapes:
.................................................


Package Fancyhdr Warning: \headheight is too small (12.0pt): 
 Make it at least 14.49998pt.
 We now make it that large for the rest of the document.
 This may cause the page layout to be inconsistent, however.

[5


]

Package Fancyhdr Warning: \headheight is too small (12.0pt): 
 Make it at least 14.49998pt.
 We now make it that large for the rest of the document.
 This may cause the page layout to be inconsistent, however.

[6]
File: Sect2/fig2-2.png Graphic file (type QTm)
 <use  "Sect2/fig2-2.png" >

Package Fancyhdr Warning: \headheight is too small (12.0pt): 
 Make it at least 14.49998pt.
 We now make it that large for the rest of the document.
 This may cause the page layout to be inconsistent, however.

[7]
File: Sect2/fig2-3.png Graphic file (type QTm)
 <use  "Sect2/fig2-3.png" >

Package Fancyhdr Warning: \headheight is too small (12.0pt): 
 Make it at least 14.49998pt.
 We now make it that large for the rest of the document.
 This may cause the page layout to be inconsistent, however.

[8]

Package Fancyhdr Warning: \headheight is too small (12.0pt): 
 Make it at least 14.49998pt.
 We now make it that large for the rest of the document.
 This may cause the page layout to be inconsistent, however.

[9])

Package Fancyhdr Warning: \headheight is too small (12.0pt): 
 Make it at least 14.49998pt.
 We now make it that large for the rest of the document.
 This may cause the page layout to be inconsistent, however.

[10] (H:\bachelorDocumentPackageForHust\bachelorThesis\Sect3/sect3.tex
File: Sect3/fig3-1a.png Graphic file (type QTm)

<use  "Sect3/fig3-1a.png" >
File: Sect3/fig3-1b.png Graphic file (type QTm)
 <use  "Sect3/fig3-1b.png" >
Overfull \hbox (7.824pt too wide) in paragraph at lines 20--26
 [] 
 []


Overfull \hbox (7.824pt too wide) in paragraph at lines 20--26
 [][] 
 []

File: Sect3/fig3-2.png Graphic file (type QTm)
<use  "Sect3/fig3-2.png" >

Package Fancyhdr Warning: \headheight is too small (12.0pt): 
 Make it at least 14.49998pt.
 We now make it that large for the rest of the document.
 This may cause the page layout to be inconsistent, however.

[11


]

Package Fancyhdr Warning: \headheight is too small (12.0pt): 
 Make it at least 14.49998pt.
 We now make it that large for the rest of the document.
 This may cause the page layout to be inconsistent, however.

[12]
File: Sect3/fig3-3.png Graphic file (type QTm)
 <use  "Sect3/fig3-3.png" >

Package Fancyhdr Warning: \headheight is too small (12.0pt): 
 Make it at least 14.49998pt.
 We now make it that large for the rest of the document.
 This may cause the page layout to be inconsistent, however.

[13]
File: Sect3/fig3-4.png Graphic file (type QTm)
 <use  "Sect3/fig3-4.png" >
Requested font "SimSun" at 10.0pt
 -> C:/WINDOWS/Fonts/simsun.ttc
Requested font "SimSun/ICU" at 10.0pt
 -> C:/WINDOWS/Fonts/simsun.ttc
.................................................
. fontspec info: "defining-font"
. 
. Font family 'SimSun(1)' created for font 'SimSun' with options
. [ItalicFont={SimSun},ItalicFeatures={RawFeature={slant=0.17}},BoldItalicFont=
{SimHei},BoldItalicFeatures={RawFeature={slant=0.17}},BoldFont=SimHei].
. 
. This font family consists of the following shapes:
.................................................
Requested font "SimSun/ICU:script=latn;language=DFLT;" at 10.0pt
 -> C:/WINDOWS/Fonts/simsun.ttc
File: Sect3/fig3-5.png Graphic file (type QTm)
 <use  "Sect3/fig3-5.png" >
File: Sect3/fig3-6.png Graphic file (type QTm)

<use  "Sect3/fig3-6.png" >

Package Fancyhdr Warning: \headheight is too small (12.0pt): 
 Make it at least 14.49998pt.
 We now make it that large for the rest of the document.
 This may cause the page layout to be inconsistent, however.

[14]
Requested font "Times New Roman/ICU:script=latn;language=DFLT;" at 10.5pt
 -> C:/WINDOWS/Fonts/times.ttf
Requested font "[lmroman10-regular]:mapping=tex-text" at 10.5pt
 -> C:/CTEX/MiKTeX/fonts/opentype/public/lm/lmroman10-regular.otf


Package Fancyhdr Warning: \headheight is too small (12.0pt): 
 Make it at least 14.49998pt.
 We now make it that large for the rest of the document.
 This may cause the page layout to be inconsistent, however.

[15]
File: Sect3/fig3-7.png Graphic file (type QTm)
 <use  "Sect3/fig3-7.png" >

Package Fancyhdr Warning: \headheight is too small (12.0pt): 
 Make it at least 14.49998pt.
 We now make it that large for the rest of the document.
 This may cause the page layout to be inconsistent, however.

[16]
LaTeX Font Info:    Calculating math sizes for size <10.5> on input line 168.
Requested font "[lmroman7-regular]:mapping=tex-text" at 7.34996pt
 -> C:/CTEX/MiKTeX/fonts/opentype/public/lm/lmroman7-regular.otf
Requested font "[lmroman5-regular]:mapping=tex-text" at 5.25pt
 -> C:/CTEX/MiKTeX/fonts/opentype/public/lm/lmroman5-regular.otf


LaTeX Font Warning: Font shape `OML/cmm/m/it' in size <10.5> not available
(Font)              size <10.95> substituted on input line 168.


LaTeX Font Warning: Font shape `OMS/cmsy/m/n' in size <10.5> not available
(Font)              size <10.95> substituted on input line 168.

Requested font "cmex10" at 10.5pt
 -> cmex10
Requested font "cmex7" at 7.34996pt
 -> cmex7
Requested font "cmex7" at 5.25pt
 -> cmex7
Requested font "msam10" at 10.5pt
 -> msam10
Requested font "msam7" at 7.34996pt
 -> msam7
Requested font "msam5" at 5.25pt
 -> msam5
Requested font "msbm10" at 10.5pt
 -> msbm10
Requested font "msbm7" at 7.34996pt
 -> msbm7
Requested font "msbm5" at 5.25pt
 -> msbm5

LaTeX Font Warning: Font shape `OT1/cmr/bx/n' in size <10.5> not available
(Font)              size <10.95> substituted on input line 168.

Requested font "cmbx7" at 7.0pt
 -> cmbx7
Requested font "cmbx5" at 5.0pt
 -> cmbx5

LaTeX Font Warning: Font shape `OML/cmm/b/it' in size <10.5> not available
(Font)              size <10.95> substituted on input line 168.

Requested font "cmmib7" at 7.0pt
 -> cmmib7
Requested font "cmmib5" at 5.0pt
 -> cmmib5

LaTeX Font Warning: Font shape `OMS/cmsy/b/n' in size <10.5> not available
(Font)              size <10.95> substituted on input line 168.

Requested font "cmbsy7" at 7.0pt
 -> cmbsy7
Requested font "cmbsy5" at 5.0pt
 -> cmbsy5

LaTeX Font Warning: Font shape `OT1/cmr/m/n' in size <10.5> not available
(Font)              size <10.95> substituted on input line 168.

Requested font "SimSun" at 10.5pt
 -> C:/WINDOWS/Fonts/simsun.ttc
Requested font "SimSun/ICU" at 10.5pt
 -> C:/WINDOWS/Fonts/simsun.ttc
.................................................
. fontspec info: "defining-font"
. 
. Font family 'SimSun(0)' created for font 'SimSun' with options
. [BoldFont={SimSun},BoldFeatures={RawFeature={embolden=4}},ItalicFont={SimSun}
,ItalicFeatures={RawFeature={slant=0.17}},BoldItalicFont={SimSun},BoldItalicFea
tures={RawFeature={embolden=4,slant=0.17}}].
. 
. This font family consists of the following shapes:
.................................................
Requested font "SimSun/ICU:script=latn;language=DFLT;" at 10.5pt
 -> C:/WINDOWS/Fonts/simsun.ttc
File: Sect3/fig3-8.png Graphic file (type QTm)
<use  "Sect3/fig3-8.png" >

Package Fancyhdr Warning: \headheight is too small (12.0pt): 
 Make it at least 14.49998pt.
 We now make it that large for the rest of the document.
 This may cause the page layout to be inconsistent, however.

[17]

Package Fancyhdr Warning: \headheight is too small (12.0pt): 
 Make it at least 14.49998pt.
 We now make it that large for the rest of the document.
 This may cause the page layout to be inconsistent, however.

[18]

Package Fancyhdr Warning: \headheight is too small (12.0pt): 
 Make it at least 14.49998pt.
 We now make it that large for the rest of the document.
 This may cause the page layout to be inconsistent, however.

[19]
.................................................
. fontspec info: "defining-font"
. 
. Font family 'SimSun(1)' created for font 'SimSun' with options
. [ItalicFont={SimSun},ItalicFeatures={RawFeature={slant=0.17}},BoldItalicFont=
{SimHei},BoldItalicFeatures={RawFeature={slant=0.17}},BoldFont=SimHei].
. 
. This font family consists of the following shapes:
.................................................


Package Fancyhdr Warning: \headheight is too small (12.0pt): 
 Make it at least 14.49998pt.
 We now make it that large for the rest of the document.
 This may cause the page layout to be inconsistent, however.

[20])

Package Fancyhdr Warning: \headheight is too small (12.0pt): 
 Make it at least 14.49998pt.
 We now make it that large for the rest of the document.
 This may cause the page layout to be inconsistent, however.

[21]

Package Fancyhdr Warning: \headheight is too small (12.0pt): 
 Make it at least 14.49998pt.
 We now make it that large for the rest of the document.
 This may cause the page layout to be inconsistent, however.

[22] (H:\bachelorDocumentPackageForHust\bachelorThesis\Sect4/sect4.tex

Package Fancyhdr Warning: \headheight is too small (12.0pt): 
 Make it at least 14.49998pt.
 We now make it that large for the rest of the document.
 This may cause the page layout to be inconsistent, however.

[23


]
File: Sect4/fig4-1a.png Graphic file (type QTm)
 <use  "Sect4/fig4-1a.png" >
File: Sect4/fig4-1b.png Graphic file (type QTm)
 <use  "Sect4/fig4-1b.png" >
File: Sect4/fig4-1c.png Graphic file (type QTm)

<use  "Sect4/fig4-1c.png" >

Package Fancyhdr Warning: \headheight is too small (12.0pt): 
 Make it at least 14.49998pt.
 We now make it that large for the rest of the document.
 This may cause the page layout to be inconsistent, however.

[24]

Package Fancyhdr Warning: \headheight is too small (12.0pt): 
 Make it at least 14.49998pt.
 We now make it that large for the rest of the document.
 This may cause the page layout to be inconsistent, however.

[25])

Package Fancyhdr Warning: \headheight is too small (12.0pt): 
 Make it at least 14.49998pt.
 We now make it that large for the rest of the document.
 This may cause the page layout to be inconsistent, however.

[26] (H:\bachelorDocumentPackageForHust\bachelorThesis\Sect5/sect5.tex
File: Sect5/fig5-1a.png Graphic file (type QTm)

<use  "Sect5/fig5-1a.png" >
File: Sect5/fig5-1b.png Graphic file (type QTm)
 <use  "Sect5/fig5-1b.png" >

Package Fancyhdr Warning: \headheight is too small (12.0pt): 
 Make it at least 14.49998pt.
 We now make it that large for the rest of the document.
 This may cause the page layout to be inconsistent, however.

[27


])

Package Fancyhdr Warning: \headheight is too small (12.0pt): 
 Make it at least 14.49998pt.
 We now make it that large for the rest of the document.
 This may cause the page layout to be inconsistent, however.

[28] (H:\bachelorDocumentPackageForHust\bachelorThesis\appendix/appendix1.tex)

Package Fancyhdr Warning: \headheight is too small (12.0pt): 
 Make it at least 14.49998pt.
 We now make it that large for the rest of the document.
 This may cause the page layout to be inconsistent, however.

[29


] (H:\bachelorDocumentPackageForHust\bachelorThesis\main.bbl
LaTeX Font Info:    Try loading font information for EU1+lmtt on input line 30.


(C:\CTEX\MiKTeX\tex\latex\euenc\eu1lmtt.fd
File: eu1lmtt.fd 2009/10/30 v1.6 Font defs for Latin Modern
)
Requested font "[lmmono12-regular]" at 12.0pt
 -> C:/CTEX/MiKTeX/fonts/opentype/public/lm/lmmono12-regular.otf

Underfull \hbox (badness 10000) in paragraph at lines 33--36
[]$[][][][] [] [] [] [][][] [] [][][][][][][][] [] [][][] [] [][][][][][][][][]
[] [] [][][][][][] []
 []


Underfull \hbox (badness 10000) in paragraph at lines 61--69
[]$[][][][] [] [] [] [][][][][][][][][][] [] [][][][] [] [][][] [] [][][][][][]
 [] [][][][][][] [] [][][][][][][] [] [][][] [] [][][][][][][][] []
 []


Underfull \hbox (badness 10000) in paragraph at lines 71--77
[]$[][][][] [] [] [] [][][] [] [][][][][][][][][][][][][] [] [][][] [] [][][][]
[][][] [] [][][][][][][] [] [][][] []
 []


Underfull \hbox (badness 10000) in paragraph at lines 79--85
[]$[][][][] [] [] [] [][][] [] [][][][][] [] [][][] [] [][][][][][][] [] [][][]
[][][][][][][][][][] [] [][][][] [] [][][] [] [][] [] [][][][] [] [][] []
 []


Package Fancyhdr Warning: \headheight is too small (12.0pt): 
 Make it at least 14.49998pt.
 We now make it that large for the rest of the document.
 This may cause the page layout to be inconsistent, however.

[30

]
Underfull \hbox (badness 10000) in paragraph at lines 94--101
[]$[][][][] [] [] [] [][][][][][][][][][] [] [][][][] [] [][][] [] [][][][][][]
 [] [][][][][][] [] [][][][][][][] [] [][][] [] [][][][][][][][] []
 []


Underfull \hbox (badness 10000) in paragraph at lines 111--114
[]$[][][][][] [] [] [] [][][] [] [][][][][][][][][] [] [][][] [] [][][][][][][]
[][][][][][][][][][][][][][][][][][][][][][][][] []
 []


Underfull \hbox (badness 10000) in paragraph at lines 116--119
[]$[][][][][] [] [] [] [][][] [] [][][][][][][][][] [] [][][] [] [][][][][][] [
] [][][][][][][][] [] [][][][][][][][][][][] [] [][][][] [] [][][] []
 []


Underfull \hbox (badness 10000) in paragraph at lines 121--124
[]$[][][][] [] [] [] [][][][][][][][][] [] [][][][][][][] [] [][][] [] [][][][]
[] [] [][][][][][] [] [][][][][][][][][][][][] []
 []


Package Fancyhdr Warning: \headheight is too small (12.0pt): 
 Make it at least 14.49998pt.
 We now make it that large for the rest of the document.
 This may cause the page layout to be inconsistent, however.

[31]
Underfull \hbox (badness 10000) in paragraph at lines 161--167
[]$[][][][] [] [] [] [][][][][][][][][][] [] [][][][] [] [][][] [] [][][][][][]
 [] [][][][][][] [] [][][][][][][] [] [][][] [] [][][][][][][][] []
 []

)

Package Fancyhdr Warning: \headheight is too small (12.0pt): 
 Make it at least 14.49998pt.
 We now make it that large for the rest of the document.
 This may cause the page layout to be inconsistent, however.

[32]
File: commitment.pdf Graphic file (type QTm)
 <use  "commitment.pdf" >
File: commitment.pdf Graphic file (type QTm)
 <use  "commitment.pdf" >
File: commitment.pdf Graphic file (type QTm)

<use  "commitment.pdf"  page1>
File: commitment.pdf Graphic file (type QTm)
 <use  "commitment.pdf"  page1>
File: commitment.pdf Graphic file (type QTm)

<use  "commitment.pdf"  page1>
File: commitment.pdf Graphic file (type QTm)
 <use  "commitment.pdf"  page1>
File: commitment.pdf Graphic file (type QTm)

<use  "commitment.pdf"  page1> [33]
File: commitment.pdf Graphic file (type QTm)
 <use  "commitment.pdf"  page2>
File: commitment.pdf Graphic file (type QTm)

<use  "commitment.pdf"  page2>
File: commitment.pdf Graphic file (type QTm)
 <use  "commitment.pdf"  page2> [34]
File: commitment.pdf Graphic file (type QTm)

<use  "commitment.pdf"  page3>
File: commitment.pdf Graphic file (type QTm)
 <use  "commitment.pdf"  page3>
File: commitment.pdf Graphic file (type QTm)

<use  "commitment.pdf"  page3> [35]
File: commitment.pdf Graphic file (type QTm)
 <use  "commitment.pdf"  page4>
File: commitment.pdf Graphic file (type QTm)

<use  "commitment.pdf"  page4>
File: commitment.pdf Graphic file (type QTm)
 <use  "commitment.pdf"  page4> [36]
Package atveryend Info: Empty hook `BeforeClearDocument' on input line 44.
Package atveryend Info: Empty hook `AfterLastShipout' on input line 44.

(H:\bachelorDocumentPackageForHust\bachelorThesis\main.aux
(H:\bachelorDocumentPackageForHust\bachelorThesis\Titlepage/title.aux)
(H:\bachelorDocumentPackageForHust\bachelorThesis\Titlepage/Warranty.aux)
(H:\bachelorDocumentPackageForHust\bachelorThesis\Abstract_Chn.aux)
(H:\bachelorDocumentPackageForHust\bachelorThesis\Abstract_Eng.aux)
(H:\bachelorDocumentPackageForHust\bachelorThesis\Sect1/sect1.aux)
(H:\bachelorDocumentPackageForHust\bachelorThesis\Sect2/sect2.aux)
(H:\bachelorDocumentPackageForHust\bachelorThesis\Sect3/sect3.aux)
(H:\bachelorDocumentPackageForHust\bachelorThesis\Sect4/sect4.aux)
(H:\bachelorDocumentPackageForHust\bachelorThesis\Sect5/sect5.aux)
(H:\bachelorDocumentPackageForHust\bachelorThesis\appendix/appendix1.aux))
Package atveryend Info: Empty hook `AtVeryEndDocument' on input line 44.
Package atveryend Info: Empty hook `AtEndAfterFileList' on input line 44.


LaTeX Font Warning: Size substitutions with differences
(Font)              up to 1.35pt have occurred.

 ) 
Here is how much of TeX's memory you used:
 35285 strings out of 430478
 665582 string characters out of 3191502
 854074 words of memory out of 3000000
 37664 multiletter control sequences out of 15000+200000
 20949 words of font info for 147 fonts, out of 3000000 for 9000
 14 hyphenation exceptions out of 8191
 57i,18n,58p,960b,2021s stack positions out of 5000i,500n,10000p,200000b,50000s

Output written on main.pdf (42 pages).
