\BOOKMARK [1][]{section.1}{1 绪论}{}% 1
\BOOKMARK [2][]{subsection.1.1}{1.1 研究背景}{section.1}% 2
\BOOKMARK [3][]{subsubsection.1.1.1}{1.1.1 Android系统发展状况}{subsection.1.1}% 3
\BOOKMARK [3][]{subsubsection.1.1.2}{1.1.2 心电图及其监测技术}{subsection.1.1}% 4
\BOOKMARK [2][]{subsection.1.2}{1.2 相关研究介绍及其局限}{section.1}% 5
\BOOKMARK [3][]{subsubsection.1.2.1}{1.2.1 相关研究介绍}{subsection.1.2}% 6
\BOOKMARK [3][]{subsubsection.1.2.2}{1.2.2 相关研究的局限性}{subsection.1.2}% 7
\BOOKMARK [2][]{subsection.1.3}{1.3 本研究的成果和意义}{section.1}% 8
\BOOKMARK [2][]{subsection.1.4}{1.4 论文的组织结构}{section.1}% 9
\BOOKMARK [1][]{section.2}{2 Android平台开发相关技术简介}{}% 10
\BOOKMARK [2][]{subsection.2.1}{2.1 Android系统简介}{section.2}% 11
\BOOKMARK [2][]{subsection.2.2}{2.2 Android系统蓝牙功能介绍}{section.2}% 12
\BOOKMARK [3][]{subsubsection.2.2.1}{2.2.1 蓝牙串口协议简介}{subsection.2.2}% 13
\BOOKMARK [3][]{subsubsection.2.2.2}{2.2.2 在Android建立蓝牙串口连接}{subsection.2.2}% 14
\BOOKMARK [2][]{subsection.2.3}{2.3 Android系统绘图功能介绍}{section.2}% 15
\BOOKMARK [2][]{subsection.2.4}{2.4 Android系统SQLite数据库简介}{section.2}% 16
\BOOKMARK [2][]{subsection.2.5}{2.5 本章小结}{section.2}% 17
\BOOKMARK [1][]{section.3}{3 ECG监测与记录应用的设计与实现}{}% 18
\BOOKMARK [2][]{subsection.3.1}{3.1 应用程序需求分析}{section.3}% 19
\BOOKMARK [3][]{subsubsection.3.1.1}{3.1.1 ECG信号的产生与特点}{subsection.3.1}% 20
\BOOKMARK [3][]{subsubsection.3.1.2}{3.1.2 用户需求}{subsection.3.1}% 21
\BOOKMARK [2][]{subsection.3.2}{3.2 系统结构设计}{section.3}% 22
\BOOKMARK [2][]{subsection.3.3}{3.3 各模块的设计与实现}{section.3}% 23
\BOOKMARK [3][]{subsubsection.3.3.1}{3.3.1 显示模块的设计与实现}{subsection.3.3}% 24
\BOOKMARK [3][]{subsubsection.3.3.2}{3.3.2 蓝牙传输模块的设计与实现}{subsection.3.3}% 25
\BOOKMARK [3][]{subsubsection.3.3.3}{3.3.3 数据库管理模块的设计与实现}{subsection.3.3}% 26
\BOOKMARK [3][]{subsubsection.3.3.4}{3.3.4 数据分析模块的设计与实现}{subsection.3.3}% 27
\BOOKMARK [2][]{subsection.3.4}{3.4 主线程与各模块的通信}{section.3}% 28
\BOOKMARK [2][]{subsection.3.5}{3.5 本章小结}{section.3}% 29
\BOOKMARK [1][]{section.4}{4 R峰检测算法及其实现}{}% 30
\BOOKMARK [2][]{subsection.4.1}{4.1 相关研究中的算法实现}{section.4}% 31
\BOOKMARK [2][]{subsection.4.2}{4.2 基于局部最大值的R峰检测算法}{section.4}% 32
\BOOKMARK [2][]{subsection.4.3}{4.3 R峰检测算法的Java实现}{section.4}% 33
\BOOKMARK [2][]{subsection.4.4}{4.4 本章小结}{section.4}% 34
\BOOKMARK [1][]{section.5}{5 测试与结论}{}% 35
\BOOKMARK [2][]{subsection.5.1}{5.1 R峰峰值检测算法的测试与结果}{section.5}% 36
\BOOKMARK [2][]{subsection.5.2}{5.2 ECG监测与记录应用的运行测试}{section.5}% 37
\BOOKMARK [2][]{subsection.5.3}{5.3 结论与展望}{section.5}% 38
\BOOKMARK [1][]{Item.4}{致  谢}{}% 39
\BOOKMARK [1][]{Item.4}{参考文献}{}% 40
