This is XeTeX, Version 3.1415926-2.3-0.9997.5 (MiKTeX 2.9) (preloaded format=xelatex 2016.1.3)  16 MAR 2016 15:35
entering extended mode
**sect2.tex
(H:\bachelorProposal\Sect2\sect2.tex
LaTeX2e <2011/06/27>
Babel <v3.8m> and hyphenation patterns for loaded.
! Undefined control sequence.
l.1 \section
            {ç›¸å…³æ¦‚å¿µä»‹ç»}
The control sequence at the end of the top line
of your error message was never \def'ed. If you have
misspelled it (e.g., `\hobx'), type `I' and the correct
spelling (e.g., `I\hbox'). Otherwise just continue,
and I'll forget about whatever was undefined.


! LaTeX Error: Missing \begin{document}.

See the LaTeX manual or LaTeX Companion for explanation.
Type  H <return>  for immediate help.
 ...                                              
                                                  
l.1 \section{ç›¸
                å…³æ¦‚å¿µä»‹ç»}
You're in trouble here.  Try typing  <return>  to proceed.
If that doesn't work, type  X <return>  to quit.

Missing character: There is no ç›¸ in font nullfont!
Missing character: There is no å…³ in font nullfont!
Missing character: There is no æ¦‚ in font nullfont!
Missing character: There is no å¿µ in font nullfont!
Missing character: There is no ä»‹ in font nullfont!
Missing character: There is no ç» in font nullfont!

Overfull \hbox (20.0pt too wide) in paragraph at lines 1--2
[] 
 []

! Undefined control sequence.
l.3 \subsection
               {Androidå¹³å°çš„è“ç‰™æŠ€æœ¯}
The control sequence at the end of the top line
of your error message was never \def'ed. If you have
misspelled it (e.g., `\hobx'), type `I' and the correct
spelling (e.g., `I\hbox'). Otherwise just continue,
and I'll forget about whatever was undefined.


! LaTeX Error: Missing \begin{document}.

See the LaTeX manual or LaTeX Companion for explanation.
Type  H <return>  for immediate help.
 ...                                              
                                                  
l.3 \subsection{A
                 ndroidå¹³å°çš„è“ç‰™æŠ€æœ¯}
You're in trouble here.  Try typing  <return>  to proceed.
If that doesn't work, type  X <return>  to quit.

Missing character: There is no A in font nullfont!
Missing character: There is no n in font nullfont!
Missing character: There is no d in font nullfont!
Missing character: There is no r in font nullfont!
Missing character: There is no o in font nullfont!
Missing character: There is no i in font nullfont!
Missing character: There is no d in font nullfont!
Missing character: There is no å¹³ in font nullfont!
Missing character: There is no å° in font nullfont!
Missing character: There is no çš„ in font nullfont!
Missing character: There is no è“ in font nullfont!
Missing character: There is no ç‰™ in font nullfont!
Missing character: There is no æŠ€ in font nullfont!
Missing character: There is no æœ¯ in font nullfont!
Missing character: There is no è“ in font nullfont!
Missing character: There is no ç‰™ in font nullfont!
Missing character: There is no ï¼ˆ in font nullfont!
Missing character: There is no B in font nullfont!
Missing character: There is no l in font nullfont!
Missing character: There is no u in font nullfont!
Missing character: There is no e in font nullfont!
Missing character: There is no t in font nullfont!
Missing character: There is no o in font nullfont!
Missing character: There is no o in font nullfont!
Missing character: There is no t in font nullfont!
Missing character: There is no h in font nullfont!
Missing character: There is no ï¼‰ in font nullfont!
Missing character: There is no æ˜¯ in font nullfont!
Missing character: There is no ä¸€ in font nullfont!
Missing character: There is no ç§ in font nullfont!
Missing character: There is no çŸ­ in font nullfont!
Missing character: There is no è· in font nullfont!
Missing character: There is no ç¦» in font nullfont!
Missing character: There is no æ—  in font nullfont!
Missing character: There is no çº¿ in font nullfont!
Missing character: There is no é€š in font nullfont!
Missing character: There is no ä¿¡ in font nullfont!
Missing character: There is no æ ‡ in font nullfont!
Missing character: There is no å‡† in font nullfont!
Missing character: There is no ï¼Œ in font nullfont!
Missing character: There is no æ”¯ in font nullfont!
Missing character: There is no æŒ in font nullfont!
Missing character: There is no é¢‘ in font nullfont!
Missing character: There is no ç‡ in font nullfont!
Missing character: There is no ä¸º in font nullfont!
Missing character: There is no 2 in font nullfont!
Missing character: There is no . in font nullfont!
Missing character: There is no 4 in font nullfont!
Missing character: There is no G in font nullfont!
Missing character: There is no H in font nullfont!
Missing character: There is no z in font nullfont!
Missing character: There is no å·¦ in font nullfont!
Missing character: There is no å³ in font nullfont!
Missing character: There is no çš„ in font nullfont!
Missing character: There is no çŸ­ in font nullfont!
Missing character: There is no è· in font nullfont!
Missing character: There is no é€š in font nullfont!
Missing character: There is no ä¿¡ in font nullfont!
Missing character: There is no ã€‚ in font nullfont!
Missing character: There is no A in font nullfont!
Missing character: There is no n in font nullfont!
Missing character: There is no d in font nullfont!
Missing character: There is no r in font nullfont!
Missing character: There is no o in font nullfont!
Missing character: There is no i in font nullfont!
Missing character: There is no d in font nullfont!
Missing character: There is no å¹³ in font nullfont!
Missing character: There is no å° in font nullfont!
Missing character: There is no ä¸€ in font nullfont!
Missing character: There is no ç›´ in font nullfont!
Missing character: There is no ä»¥ in font nullfont!
Missing character: There is no æ¥ in font nullfont!
Missing character: There is no éƒ½ in font nullfont!
Missing character: There is no å¯¹ in font nullfont!
Missing character: There is no è“ in font nullfont!
Missing character: There is no ç‰™ in font nullfont!
Missing character: There is no æŠ€ in font nullfont!
Missing character: There is no æœ¯ in font nullfont!
Missing character: There is no ä¿ in font nullfont!
Missing character: There is no æŒ in font nullfont!
Missing character: There is no ç€ in font nullfont!
Missing character: There is no è‰¯ in font nullfont!
Missing character: There is no å¥½ in font nullfont!
Missing character: There is no çš„ in font nullfont!
Missing character: There is no æ”¯ in font nullfont!
Missing character: There is no æŒ in font nullfont!
Missing character: There is no ï¼Œ in font nullfont!
Missing character: There is no ä½¿ in font nullfont!
Missing character: There is no ç”¨ in font nullfont!
Missing character: There is no ä¸€ in font nullfont!
Missing character: There is no ç³» in font nullfont!
Missing character: There is no åˆ— in font nullfont!
Missing character: There is no A in font nullfont!
Missing character: There is no P in font nullfont!
Missing character: There is no I in font nullfont!
Missing character: There is no å¯ in font nullfont!
Missing character: There is no ä»¥ in font nullfont!
Missing character: There is no åœ¨ in font nullfont!
Missing character: There is no A in font nullfont!
Missing character: There is no n in font nullfont!
Missing character: There is no d in font nullfont!
Missing character: There is no r in font nullfont!
Missing character: There is no o in font nullfont!
Missing character: There is no i in font nullfont!
Missing character: There is no d in font nullfont!
Missing character: There is no å¹³ in font nullfont!
Missing character: There is no å° in font nullfont!
Missing character: There is no ä¸Š in font nullfont!
Missing character: There is no å® in font nullfont!
Missing character: There is no ç° in font nullfont!
Missing character: There is no ç®€ in font nullfont!
Missing character: There is no å• in font nullfont!
Missing character: There is no çš„ in font nullfont!
Missing character: There is no è“ in font nullfont!
Missing character: There is no ç‰™ in font nullfont!
Missing character: There is no æ“ in font nullfont!
Missing character: There is no ä½œ in font nullfont!
Missing character: There is no ã€‚ in font nullfont!
Missing character: There is no é€š in font nullfont!
Missing character: There is no è¿‡ in font nullfont!
Missing character: There is no ä½¿ in font nullfont!
Missing character: There is no ç”¨ in font nullfont!
Missing character: There is no ç³» in font nullfont!
Missing character: There is no ç»Ÿ in font nullfont!
Missing character: There is no æ in font nullfont!
Missing character: There is no ä¾› in font nullfont!
Missing character: There is no çš„ in font nullfont!
Missing character: There is no B in font nullfont!
Missing character: There is no l in font nullfont!
Missing character: There is no u in font nullfont!
Missing character: There is no e in font nullfont!
Missing character: There is no t in font nullfont!
Missing character: There is no o in font nullfont!
Missing character: There is no o in font nullfont!
Missing character: There is no t in font nullfont!
Missing character: There is no h in font nullfont!
Missing character: There is no A in font nullfont!
Missing character: There is no d in font nullfont!
Missing character: There is no a in font nullfont!
Missing character: There is no p in font nullfont!
Missing character: There is no t in font nullfont!
Missing character: There is no e in font nullfont!
Missing character: There is no r in font nullfont!
Missing character: There is no ç±» in font nullfont!
Missing character: There is no å’Œ in font nullfont!
Missing character: There is no B in font nullfont!
Missing character: There is no l in font nullfont!
Missing character: There is no u in font nullfont!
Missing character: There is no e in font nullfont!
Missing character: There is no t in font nullfont!
Missing character: There is no o in font nullfont!
Missing character: There is no o in font nullfont!
Missing character: There is no t in font nullfont!
Missing character: There is no h in font nullfont!
Missing character: There is no D in font nullfont!
Missing character: There is no e in font nullfont!
Missing character: There is no v in font nullfont!
Missing character: There is no i in font nullfont!
Missing character: There is no c in font nullfont!
Missing character: There is no e in font nullfont!
Missing character: There is no ç±» in font nullfont!
Missing character: There is no ï¼Œ in font nullfont!
Missing character: There is no A in font nullfont!
Missing character: There is no n in font nullfont!
Missing character: There is no d in font nullfont!
Missing character: There is no r in font nullfont!
Missing character: There is no o in font nullfont!
Missing character: There is no i in font nullfont!
Missing character: There is no d in font nullfont!
Missing character: There is no åº” in font nullfont!
Missing character: There is no ç”¨ in font nullfont!
Missing character: There is no èƒ½ in font nullfont!
Missing character: There is no å¤Ÿ in font nullfont!
Missing character: There is no æ‰« in font nullfont!
Missing character: There is no æ in font nullfont!
Missing character: There is no é™„ in font nullfont!
Missing character: There is no è¿‘ in font nullfont!
Missing character: There is no çš„ in font nullfont!
Missing character: There is no è“ in font nullfont!
Missing character: There is no ç‰™ in font nullfont!
Missing character: There is no è®¾ in font nullfont!
Missing character: There is no å¤‡ in font nullfont!
Missing character: There is no ã€ in font nullfont!
Missing character: There is no åˆ— in font nullfont!
Missing character: There is no å‡º in font nullfont!
Missing character: There is no å·² in font nullfont!
Missing character: There is no ç» in font nullfont!
Missing character: There is no é… in font nullfont!
Missing character: There is no å¯¹ in font nullfont!
Missing character: There is no çš„ in font nullfont!
Missing character: There is no è“ in font nullfont!
Missing character: There is no ç‰™ in font nullfont!
Missing character: There is no è®¾ in font nullfont!
Missing character: There is no å¤‡ in font nullfont!
Missing character: There is no ã€ in font nullfont!
Missing character: There is no å»º in font nullfont!
Missing character: There is no ç«‹ in font nullfont!
Missing character: There is no R in font nullfont!
Missing character: There is no F in font nullfont!
Missing character: There is no C in font nullfont!
Missing character: There is no O in font nullfont!
Missing character: There is no M in font nullfont!
Missing character: There is no M in font nullfont!
Missing character: There is no é€š in font nullfont!
Missing character: There is no é“ in font nullfont!
Missing character: There is no ã€ in font nullfont!
Missing character: There is no è¿ in font nullfont!
Missing character: There is no æ¥ in font nullfont!
Missing character: There is no å…¶ in font nullfont!
Missing character: There is no ä»– in font nullfont!
Missing character: There is no è®¾ in font nullfont!
Missing character: There is no å¤‡ in font nullfont!
Missing character: There is no å¹¶ in font nullfont!
Missing character: There is no ä¼  in font nullfont!
Missing character: There is no é€’ in font nullfont!
Missing character: There is no æ•° in font nullfont!
Missing character: There is no æ® in font nullfont!
Missing character: There is no [ in font nullfont!
\citation{androidbt}
Requested font "cmbx10" at 10.0pt
 -> cmbx10
! Undefined control sequence.
<write> ...: Citation `\@citeb ' on page \thepage 
                                                  \space undefined\on@line .^^J
l.4 ...å…¶ä»–è®¾å¤‡å¹¶ä¼ é€’æ•°æ®\cite{androidbt}
                                                  ã€‚åœ¨è¿›è¡Œè“ç‰™è¿æ¥å‰...
The control sequence at the end of the top line
of your error message was never \def'ed. If you have
misspelled it (e.g., `\hobx'), type `I' and the correct
spelling (e.g., `I\hbox'). Otherwise just continue,
and I'll forget about whatever was undefined.


LaTeX Warning: Citation `androidbt' on page  undefined on input line 4.

Missing character: There is no ] in font nullfont!
Missing character: There is no ã€‚ in font nullfont!
Missing character: There is no åœ¨ in font nullfont!
Missing character: There is no è¿› in font nullfont!
Missing character: There is no è¡Œ in font nullfont!
Missing character: There is no è“ in font nullfont!
Missing character: There is no ç‰™ in font nullfont!
Missing character: There is no è¿ in font nullfont!
Missing character: There is no æ¥ in font nullfont!
Missing character: There is no å‰ in font nullfont!
Missing character: There is no ï¼Œ in font nullfont!
Missing character: There is no åœ¨ in font nullfont!
Missing character: There is no åº” in font nullfont!
Missing character: There is no ç”¨ in font nullfont!
Missing character: There is no çš„ in font nullfont!
Missing character: There is no M in font nullfont!
Missing character: There is no a in font nullfont!
Missing character: There is no n in font nullfont!
Missing character: There is no i in font nullfont!
Missing character: There is no f in font nullfont!
Missing character: There is no e in font nullfont!
Missing character: There is no s in font nullfont!
Missing character: There is no t in font nullfont!
Missing character: There is no æ–‡ in font nullfont!
Missing character: There is no ä»¶ in font nullfont!
Missing character: There is no ä¸­ in font nullfont!
Missing character: There is no éœ€ in font nullfont!
Missing character: There is no è¦ in font nullfont!
Missing character: There is no ç”³ in font nullfont!
Missing character: There is no è¯· in font nullfont!
Missing character: There is no è“ in font nullfont!
Missing character: There is no ç‰™ in font nullfont!
Missing character: There is no æ§ in font nullfont!
Missing character: There is no åˆ¶ in font nullfont!
Missing character: There is no æƒ in font nullfont!
Missing character: There is no é™ in font nullfont!
Missing character: There is no ã€‚ in font nullfont!
Missing character: There is no ä¹‹ in font nullfont!
Missing character: There is no å in font nullfont!
Missing character: There is no ï¼Œ in font nullfont!
Missing character: There is no ä½¿ in font nullfont!
Missing character: There is no ç”¨ in font nullfont!
Missing character: There is no B in font nullfont!
Missing character: There is no l in font nullfont!
Missing character: There is no u in font nullfont!
Missing character: There is no e in font nullfont!
Missing character: There is no t in font nullfont!
Missing character: There is no o in font nullfont!
Missing character: There is no o in font nullfont!
Missing character: There is no t in font nullfont!
Missing character: There is no h in font nullfont!
Missing character: There is no A in font nullfont!
Missing character: There is no d in font nullfont!
Missing character: There is no a in font nullfont!
Missing character: There is no p in font nullfont!
Missing character: There is no t in font nullfont!
Missing character: There is no e in font nullfont!
Missing character: There is no r in font nullfont!
Missing character: There is no ç±» in font nullfont!
Missing character: There is no ä¸­ in font nullfont!
Missing character: There is no çš„ in font nullfont!
Missing character: There is no æ–¹ in font nullfont!
Missing character: There is no æ³• in font nullfont!
Missing character: There is no å¯ in font nullfont!
Missing character: There is no ä»¥ in font nullfont!
Missing character: There is no å¼€ in font nullfont!
Missing character: There is no å¯ in font nullfont!
Missing character: There is no è“ in font nullfont!
Missing character: There is no ç‰™ in font nullfont!
Missing character: There is no é€‚ in font nullfont!
Missing character: There is no é… in font nullfont!
Missing character: There is no å™¨ in font nullfont!
Missing character: There is no å¹¶ in font nullfont!
Missing character: There is no æœ in font nullfont!
Missing character: There is no ç´¢ in font nullfont!
Missing character: There is no è®¾ in font nullfont!
Missing character: There is no å¤‡ in font nullfont!
Missing character: There is no ï¼Œ in font nullfont!
Missing character: There is no æœ in font nullfont!
Missing character: There is no ç´¢ in font nullfont!
Missing character: There is no åˆ° in font nullfont!
Missing character: There is no çš„ in font nullfont!
Missing character: There is no è®¾ in font nullfont!
Missing character: There is no å¤‡ in font nullfont!
Missing character: There is no å°† in font nullfont!
Missing character: There is no ä¼š in font nullfont!
Missing character: There is no è¿” in font nullfont!
Missing character: There is no å› in font nullfont!
Missing character: There is no å…¶ in font nullfont!
Missing character: There is no è“ in font nullfont!
Missing character: There is no ç‰™ in font nullfont!
Missing character: There is no åœ° in font nullfont!
Missing character: There is no å€ in font nullfont!
Missing character: There is no ï¼Œ in font nullfont!
Missing character: There is no é€š in font nullfont!
Missing character: There is no è¿‡ in font nullfont!
Missing character: There is no è· in font nullfont!
Missing character: There is no å– in font nullfont!
Missing character: There is no åˆ° in font nullfont!
Missing character: There is no çš„ in font nullfont!
Missing character: There is no è“ in font nullfont!
Missing character: There is no ç‰™ in font nullfont!
Missing character: There is no åœ° in font nullfont!
Missing character: There is no å€ in font nullfont!
Missing character: There is no å°± in font nullfont!
Missing character: There is no èƒ½ in font nullfont!
Missing character: There is no å»º in font nullfont!
Missing character: There is no ç«‹ in font nullfont!
Missing character: There is no è¿ in font nullfont!
Missing character: There is no æ¥ in font nullfont!
Missing character: There is no ã€‚ in font nullfont!

Overfull \hbox (20.0pt too wide) in paragraph at lines 3--5
[]
 []


Overfull \hbox (5.43053pt too wide) in paragraph at lines 3--5
[] 
 []


! LaTeX Error: Missing \begin{document}.

See the LaTeX manual or LaTeX Companion for explanation.
Type  H <return>  for immediate help.
 ...                                              
                                                  
l.6 åœ¨
       å»ºç«‹è“ç‰™è¿æ¥åï¼Œä½¿ç”¨BluetoothSocketç±»çš„æ–¹æ³•å¯ä»¥å»ºç«‹...

You're in trouble here.  Try typing  <return>  to proceed.
If that doesn't work, type  X <return>  to quit.

Missing character: There is no åœ¨ in font nullfont!
Missing character: There is no å»º in font nullfont!
Missing character: There is no ç«‹ in font nullfont!
Missing character: There is no è“ in font nullfont!
Missing character: There is no ç‰™ in font nullfont!
Missing character: There is no è¿ in font nullfont!
Missing character: There is no æ¥ in font nullfont!
Missing character: There is no å in font nullfont!
Missing character: There is no ï¼Œ in font nullfont!
Missing character: There is no ä½¿ in font nullfont!
Missing character: There is no ç”¨ in font nullfont!
Missing character: There is no B in font nullfont!
Missing character: There is no l in font nullfont!
Missing character: There is no u in font nullfont!
Missing character: There is no e in font nullfont!
Missing character: There is no t in font nullfont!
Missing character: There is no o in font nullfont!
Missing character: There is no o in font nullfont!
Missing character: There is no t in font nullfont!
Missing character: There is no h in font nullfont!
Missing character: There is no S in font nullfont!
Missing character: There is no o in font nullfont!
Missing character: There is no c in font nullfont!
Missing character: There is no k in font nullfont!
Missing character: There is no e in font nullfont!
Missing character: There is no t in font nullfont!
Missing character: There is no ç±» in font nullfont!
Missing character: There is no çš„ in font nullfont!
Missing character: There is no æ–¹ in font nullfont!
Missing character: There is no æ³• in font nullfont!
Missing character: There is no å¯ in font nullfont!
Missing character: There is no ä»¥ in font nullfont!
Missing character: There is no å»º in font nullfont!
Missing character: There is no ç«‹ in font nullfont!
Missing character: There is no ä½œ in font nullfont!
Missing character: There is no ä¸º in font nullfont!
Missing character: There is no å®¢ in font nullfont!
Missing character: There is no æˆ· in font nullfont!
Missing character: There is no ç«¯ in font nullfont!
Missing character: There is no çš„ in font nullfont!
Missing character: There is no è¿ in font nullfont!
Missing character: There is no æ¥ in font nullfont!
Missing character: There is no ã€‚ in font nullfont!
Missing character: There is no ä½¿ in font nullfont!
Missing character: There is no ç”¨ in font nullfont!
Missing character: There is no å®¢ in font nullfont!
Missing character: There is no æˆ· in font nullfont!
Missing character: There is no ç«¯ in font nullfont!
Missing character: There is no æ–¹ in font nullfont!
Missing character: There is no å¼ in font nullfont!
Missing character: There is no è¿ in font nullfont!
Missing character: There is no æ¥ in font nullfont!
Missing character: There is no çš„ in font nullfont!
Missing character: There is no è“ in font nullfont!
Missing character: There is no ç‰™ in font nullfont!
Missing character: There is no è®¾ in font nullfont!
Missing character: There is no å¤‡ in font nullfont!
Missing character: There is no å¯ in font nullfont!
Missing character: There is no ä»¥ in font nullfont!
Missing character: There is no æ”¶ in font nullfont!
Missing character: There is no å– in font nullfont!
Missing character: There is no æœ in font nullfont!
Missing character: There is no åŠ¡ in font nullfont!
Missing character: There is no å™¨ in font nullfont!
Missing character: There is no ç«¯ in font nullfont!
Missing character: There is no è®¾ in font nullfont!
Missing character: There is no å¤‡ in font nullfont!
Missing character: There is no ä¼  in font nullfont!
Missing character: There is no é€’ in font nullfont!
Missing character: There is no çš„ in font nullfont!
Missing character: There is no ä¿¡ in font nullfont!
Missing character: There is no æ¯ in font nullfont!
Missing character: There is no ã€‚ in font nullfont!
Missing character: There is no é€š in font nullfont!
Missing character: There is no è¿‡ in font nullfont!
Missing character: There is no éªŒ in font nullfont!
Missing character: There is no è¯ in font nullfont!
Missing character: There is no U in font nullfont!
Missing character: There is no U in font nullfont!
Missing character: There is no I in font nullfont!
Missing character: There is no D in font nullfont!
Missing character: There is no ï¼Œ in font nullfont!
Missing character: There is no ä¸¤ in font nullfont!
Missing character: There is no ä¸ª in font nullfont!
Missing character: There is no è®¾ in font nullfont!
Missing character: There is no å¤‡ in font nullfont!
Missing character: There is no èƒ½ in font nullfont!
Missing character: There is no å¤Ÿ in font nullfont!
Missing character: There is no æ­£ in font nullfont!
Missing character: There is no ç¡® in font nullfont!
Missing character: There is no å»º in font nullfont!
Missing character: There is no ç«‹ in font nullfont!
Missing character: There is no è¿ in font nullfont!
Missing character: There is no æ¥ in font nullfont!
Missing character: There is no ã€‚ in font nullfont!
Missing character: There is no æœ€ in font nullfont!
Missing character: There is no ç»ˆ in font nullfont!
Missing character: There is no ï¼Œ in font nullfont!
Missing character: There is no ä½¿ in font nullfont!
Missing character: There is no ç”¨ in font nullfont!
Missing character: There is no I in font nullfont!
Missing character: There is no n in font nullfont!
Missing character: There is no p in font nullfont!
Missing character: There is no u in font nullfont!
Missing character: There is no t in font nullfont!
Missing character: There is no S in font nullfont!
Missing character: There is no t in font nullfont!
Missing character: There is no r in font nullfont!
Missing character: There is no e in font nullfont!
Missing character: There is no a in font nullfont!
Missing character: There is no m in font nullfont!
Missing character: There is no ç±» in font nullfont!
Missing character: There is no å¯ in font nullfont!
Missing character: There is no ä»¥ in font nullfont!
Missing character: There is no è· in font nullfont!
Missing character: There is no å– in font nullfont!
Missing character: There is no æœ in font nullfont!
Missing character: There is no åŠ¡ in font nullfont!
Missing character: There is no ç«¯ in font nullfont!
Missing character: There is no ä¼  in font nullfont!
Missing character: There is no é€’ in font nullfont!
Missing character: There is no çš„ in font nullfont!
Missing character: There is no ä¿¡ in font nullfont!
Missing character: There is no æ¯ in font nullfont!
Missing character: There is no ï¼Œ in font nullfont!
Missing character: There is no è¯¥ in font nullfont!
Missing character: There is no ä¿¡ in font nullfont!
Missing character: There is no æ¯ in font nullfont!
Missing character: There is no è¢« in font nullfont!
Missing character: There is no å­˜ in font nullfont!
Missing character: There is no å‚¨ in font nullfont!
Missing character: There is no åœ¨ in font nullfont!
Missing character: There is no b in font nullfont!
Missing character: There is no y in font nullfont!
Missing character: There is no t in font nullfont!
Missing character: There is no e in font nullfont!
Missing character: There is no ç±» in font nullfont!
Missing character: There is no å‹ in font nullfont!
Missing character: There is no çš„ in font nullfont!
Missing character: There is no å˜ in font nullfont!
Missing character: There is no é‡ in font nullfont!
Missing character: There is no ä¸­ in font nullfont!
Missing character: There is no ï¼Œ in font nullfont!
Missing character: There is no å¹¶ in font nullfont!
Missing character: There is no ç­‰ in font nullfont!
Missing character: There is no å¾… in font nullfont!
Missing character: There is no å¤„ in font nullfont!
Missing character: There is no ç† in font nullfont!
Missing character: There is no ã€‚ in font nullfont!
Missing character: There is no A in font nullfont!
Missing character: There is no n in font nullfont!
Missing character: There is no d in font nullfont!
Missing character: There is no r in font nullfont!
Missing character: There is no o in font nullfont!
Missing character: There is no i in font nullfont!
Missing character: There is no d in font nullfont!
Missing character: There is no å¹³ in font nullfont!
Missing character: There is no å° in font nullfont!
Missing character: There is no è“ in font nullfont!
Missing character: There is no ç‰™ in font nullfont!
Missing character: There is no è¿ in font nullfont!
Missing character: There is no æ¥ in font nullfont!
Missing character: There is no çš„ in font nullfont!
Missing character: There is no è¿‡ in font nullfont!
Missing character: There is no ç¨‹ in font nullfont!
Missing character: There is no å¯ in font nullfont!
Missing character: There is no è§ in font nullfont!
Missing character: There is no å›¾ in font nullfont!
Missing character: There is no [ in font nullfont!
\citation{fig1}
! Undefined control sequence.
<write> ...: Citation `\@citeb ' on page \thepage 
                                                  \space undefined\on@line .^^J
l.6 ...°è“ç‰™è¿æ¥çš„è¿‡ç¨‹å¯è§å›¾\cite{fig1}
                                                  ã€‚
The control sequence at the end of the top line
of your error message was never \def'ed. If you have
misspelled it (e.g., `\hobx'), type `I' and the correct
spelling (e.g., `I\hbox'). Otherwise just continue,
and I'll forget about whatever was undefined.


LaTeX Warning: Citation `fig1' on page  undefined on input line 6.

Missing character: There is no ] in font nullfont!
Missing character: There is no ã€‚ in font nullfont!

Overfull \hbox (25.43053pt too wide) in paragraph at lines 6--7
[][] 
 []


! LaTeX Error: Environment figure undefined.

See the LaTeX manual or LaTeX Companion for explanation.
Type  H <return>  for immediate help.
 ...                                              
                                                  
l.8 \begin{figure}
                  [htbp]
Your command was ignored.
Type  I <command> <return>  to replace it with another command,
or  <return>  to continue without it.


! LaTeX Error: Missing \begin{document}.

See the LaTeX manual or LaTeX Companion for explanation.
Type  H <return>  for immediate help.
 ...                                              
                                                  
l.8 \begin{figure}[
                   htbp]
You're in trouble here.  Try typing  <return>  to proceed.
If that doesn't work, type  X <return>  to quit.

Missing character: There is no [ in font nullfont!
Missing character: There is no h in font nullfont!
Missing character: There is no t in font nullfont!
Missing character: There is no b in font nullfont!
Missing character: There is no p in font nullfont!
Missing character: There is no ] in font nullfont!
! Undefined control sequence.
l.10 \includegraphics
                     [width=0.9\columnwidth]{fig1.png}
The control sequence at the end of the top line
of your error message was never \def'ed. If you have
misspelled it (e.g., `\hobx'), type `I' and the correct
spelling (e.g., `I\hbox'). Otherwise just continue,
and I'll forget about whatever was undefined.

Missing character: There is no [ in font nullfont!
Missing character: There is no w in font nullfont!
Missing character: There is no i in font nullfont!
Missing character: There is no d in font nullfont!
Missing character: There is no t in font nullfont!
Missing character: There is no h in font nullfont!
Missing character: There is no = in font nullfont!
Missing character: There is no 0 in font nullfont!
Missing character: There is no . in font nullfont!
Missing character: There is no 9 in font nullfont!
! Missing number, treated as zero.
<to be read again> 
                   ]
l.10 \includegraphics[width=0.9\columnwidth]
                                            {fig1.png}
A number should have been here; I inserted `0'.
(If you can't figure out why I needed to see a number,
look up `weird error' in the index to The TeXbook.)

! Illegal unit of measure (pt inserted).
<to be read again> 
                   ]
l.10 \includegraphics[width=0.9\columnwidth]
                                            {fig1.png}
Dimensions can be in units of em, ex, in, pt, pc,
cm, mm, dd, cc, bp, or sp; but yours is a new one!
I'll assume that you meant to say pt, for printer's points.
To recover gracefully from this error, it's best to
delete the erroneous units; e.g., type `2' to delete
two letters. (See Chapter 27 of The TeXbook.)

Missing character: There is no ] in font nullfont!
Missing character: There is no f in font nullfont!
Missing character: There is no i in font nullfont!
Missing character: There is no g in font nullfont!
Missing character: There is no 1 in font nullfont!
Missing character: There is no . in font nullfont!
Missing character: There is no p in font nullfont!
Missing character: There is no n in font nullfont!
Missing character: There is no g in font nullfont!

! LaTeX Error: \caption outside float.

See the LaTeX manual or LaTeX Companion for explanation.
Type  H <return>  for immediate help.
 ...                                              
                                                  
l.11 \caption
             {
You're in trouble here.  Try typing  <return>  to proceed.
If that doesn't work, type  X <return>  to quit.

Missing character: There is no A in font nullfont!
Missing character: There is no n in font nullfont!
Missing character: There is no d in font nullfont!
Missing character: There is no r in font nullfont!
Missing character: There is no o in font nullfont!
Missing character: There is no i in font nullfont!
Missing character: There is no d in font nullfont!
Missing character: There is no A in font nullfont!
Missing character: There is no P in font nullfont!
Missing character: There is no I in font nullfont!
Missing character: There is no è“ in font nullfont!
Missing character: There is no ç‰™ in font nullfont!
Missing character: There is no è¿ in font nullfont!
Missing character: There is no æ¥ in font nullfont!
Missing character: There is no è¿‡ in font nullfont!
Missing character: There is no ç¨‹ in font nullfont!

! LaTeX Error: \begin{document} ended by \end{figure}.

See the LaTeX manual or LaTeX Companion for explanation.
Type  H <return>  for immediate help.
 ...                                              
                                                  
l.15 \end{figure}
                 
Your command was ignored.
Type  I <command> <return>  to replace it with another command,
or  <return>  to continue without it.


Overfull \hbox (20.0pt too wide) in paragraph at lines 8--16
[]
 []

! Undefined control sequence.
l.17 \subsection
                {ECGç®€ä»‹}
The control sequence at the end of the top line
of your error message was never \def'ed. If you have
misspelled it (e.g., `\hobx'), type `I' and the correct
spelling (e.g., `I\hbox'). Otherwise just continue,
and I'll forget about whatever was undefined.


! LaTeX Error: Missing \begin{document}.

See the LaTeX manual or LaTeX Companion for explanation.
Type  H <return>  for immediate help.
 ...                                              
                                                  
l.17 \subsection{E
                  CGç®€ä»‹}
You're in trouble here.  Try typing  <return>  to proceed.
If that doesn't work, type  X <return>  to quit.

Missing character: There is no E in font nullfont!
Missing character: There is no C in font nullfont!
Missing character: There is no G in font nullfont!
Missing character: There is no ç®€ in font nullfont!
Missing character: There is no ä»‹ in font nullfont!

Overfull \hbox (20.0pt too wide) in paragraph at lines 17--18
[] 
 []


! LaTeX Error: Missing \begin{document}.

See the LaTeX manual or LaTeX Companion for explanation.
Type  H <return>  for immediate help.
 ...                                              
                                                  
l.19 æ„
        æˆäººä½“å¿ƒè„è‚Œè‚‰çš„å¿ƒè‚Œç»†èƒä¿æŒç€ç»†èƒè†œå†…å¤–çš„ç¦»å­...

You're in trouble here.  Try typing  <return>  to proceed.
If that doesn't work, type  X <return>  to quit.

Missing character: There is no æ„ in font nullfont!
Missing character: There is no æˆ in font nullfont!
Missing character: There is no äºº in font nullfont!
Missing character: There is no ä½“ in font nullfont!
Missing character: There is no å¿ƒ in font nullfont!
Missing character: There is no è„ in font nullfont!
Missing character: There is no è‚Œ in font nullfont!
Missing character: There is no è‚‰ in font nullfont!
Missing character: There is no çš„ in font nullfont!
Missing character: There is no å¿ƒ in font nullfont!
Missing character: There is no è‚Œ in font nullfont!
Missing character: There is no ç»† in font nullfont!
Missing character: There is no èƒ in font nullfont!
Missing character: There is no ä¿ in font nullfont!
Missing character: There is no æŒ in font nullfont!
Missing character: There is no ç€ in font nullfont!
Missing character: There is no ç»† in font nullfont!
Missing character: There is no èƒ in font nullfont!
Missing character: There is no è†œ in font nullfont!
Missing character: There is no å†… in font nullfont!
Missing character: There is no å¤– in font nullfont!
Missing character: There is no çš„ in font nullfont!
Missing character: There is no ç¦» in font nullfont!
Missing character: There is no å­ in font nullfont!
Missing character: There is no æµ“ in font nullfont!
Missing character: There is no åº¦ in font nullfont!
Missing character: There is no å·® in font nullfont!
Missing character: There is no å¼‚ in font nullfont!
Missing character: There is no ï¼Œ in font nullfont!
Missing character: There is no å›  in font nullfont!
Missing character: There is no è€Œ in font nullfont!
Missing character: There is no é€  in font nullfont!
Missing character: There is no æˆ in font nullfont!
Missing character: There is no äº† in font nullfont!
Missing character: There is no ç»† in font nullfont!
Missing character: There is no èƒ in font nullfont!
Missing character: There is no è†œ in font nullfont!
Missing character: There is no å†… in font nullfont!
Missing character: There is no å¤– in font nullfont!
Missing character: There is no å­˜ in font nullfont!
Missing character: There is no åœ¨ in font nullfont!
Missing character: There is no ç”µ in font nullfont!
Missing character: There is no åŠ¿ in font nullfont!
Missing character: There is no å·® in font nullfont!
Missing character: There is no ã€‚ in font nullfont!
Missing character: There is no è®° in font nullfont!
Missing character: There is no å½• in font nullfont!
Missing character: There is no è¿™ in font nullfont!
Missing character: There is no ç§ in font nullfont!
Missing character: There is no ç”µ in font nullfont!
Missing character: There is no åŠ¿ in font nullfont!
Missing character: There is no å·® in font nullfont!
Missing character: There is no éš in font nullfont!
Missing character: There is no ç»† in font nullfont!
Missing character: There is no èƒ in font nullfont!
Missing character: There is no çŠ¶ in font nullfont!
Missing character: There is no æ€ in font nullfont!
Missing character: There is no çš„ in font nullfont!
Missing character: There is no å˜ in font nullfont!
Missing character: There is no åŠ¨ in font nullfont!
Missing character: There is no ï¼Œ in font nullfont!
Missing character: There is no å¹¶ in font nullfont!
Missing character: There is no å°† in font nullfont!
Missing character: There is no è¿™ in font nullfont!
Missing character: There is no ç§ in font nullfont!
Missing character: There is no ç”µ in font nullfont!
Missing character: There is no æ´» in font nullfont!
Missing character: There is no åŠ¨ in font nullfont!
Missing character: There is no æ›² in font nullfont!
Missing character: There is no çº¿ in font nullfont!
Missing character: There is no è®° in font nullfont!
Missing character: There is no å½• in font nullfont!
Missing character: There is no æ‰€ in font nullfont!
Missing character: There is no å¾— in font nullfont!
Missing character: There is no çš„ in font nullfont!
Missing character: There is no å›¾ in font nullfont!
Missing character: There is no å½¢ in font nullfont!
Missing character: There is no è¢« in font nullfont!
Missing character: There is no ç§° in font nullfont!
Missing character: There is no ä¸º in font nullfont!
Missing character: There is no å¿ƒ in font nullfont!
Missing character: There is no ç”µ in font nullfont!
Missing character: There is no å›¾ in font nullfont!
Missing character: There is no ï¼ˆ in font nullfont!
Missing character: There is no E in font nullfont!
Missing character: There is no l in font nullfont!
Missing character: There is no e in font nullfont!
Missing character: There is no c in font nullfont!
Missing character: There is no t in font nullfont!
Missing character: There is no r in font nullfont!
Missing character: There is no o in font nullfont!
Missing character: There is no c in font nullfont!
Missing character: There is no a in font nullfont!
Missing character: There is no r in font nullfont!
Missing character: There is no d in font nullfont!
Missing character: There is no i in font nullfont!
Missing character: There is no o in font nullfont!
Missing character: There is no g in font nullfont!
Missing character: There is no r in font nullfont!
Missing character: There is no a in font nullfont!
Missing character: There is no m in font nullfont!
Missing character: There is no , in font nullfont!
Missing character: There is no E in font nullfont!
Missing character: There is no C in font nullfont!
Missing character: There is no G in font nullfont!
Missing character: There is no ï¼‰ in font nullfont!
Missing character: There is no ã€‚ in font nullfont!
Missing character: There is no å• in font nullfont!
Missing character: There is no ä¸ª in font nullfont!
Missing character: There is no å¿ƒ in font nullfont!
Missing character: There is no è‚Œ in font nullfont!
Missing character: There is no ç»† in font nullfont!
Missing character: There is no èƒ in font nullfont!
Missing character: There is no çš„ in font nullfont!
Missing character: There is no è†œ in font nullfont!
Missing character: There is no å†… in font nullfont!
Missing character: There is no å¤– in font nullfont!
Missing character: There is no ç”µ in font nullfont!
Missing character: There is no ä½ in font nullfont!
Missing character: There is no å˜ in font nullfont!
Missing character: There is no åŒ– in font nullfont!
Missing character: There is no è¿‡ in font nullfont!
Missing character: There is no ç¨‹ in font nullfont!
Missing character: There is no å¯ in font nullfont!
Missing character: There is no è§† in font nullfont!
Missing character: There is no ä¸º in font nullfont!
Missing character: There is no ä¸€ in font nullfont!
Missing character: There is no å¯¹ in font nullfont!
Missing character: There is no ç”µ in font nullfont!
Missing character: There is no å¶ in font nullfont!
Missing character: There is no çš„ in font nullfont!
Missing character: There is no ç§» in font nullfont!
Missing character: There is no åŠ¨ in font nullfont!
Missing character: There is no ã€‚ in font nullfont!
Missing character: There is no å¦‚ in font nullfont!
Missing character: There is no å›¾ in font nullfont!
Missing character: There is no 2 in font nullfont!
Missing character: There is no æ‰€ in font nullfont!
Missing character: There is no ç¤º in font nullfont!
Missing character: There is no ï¼Œ in font nullfont!
Missing character: There is no é™¤ in font nullfont!
Missing character: There is no æ in font nullfont!
Missing character: There is no è¿‡ in font nullfont!
Missing character: There is no ç¨‹ in font nullfont!
Missing character: There is no å’Œ in font nullfont!
Missing character: There is no å¤ in font nullfont!
Missing character: There is no æ in font nullfont!
Missing character: There is no è¿‡ in font nullfont!
Missing character: There is no ç¨‹ in font nullfont!
Missing character: There is no çš„ in font nullfont!
Missing character: There is no ç”µ in font nullfont!
Missing character: There is no ä½ in font nullfont!
Missing character: There is no æ˜¯ in font nullfont!
Missing character: There is no ç›¸ in font nullfont!
Missing character: There is no å in font nullfont!
Missing character: There is no çš„ in font nullfont!
Missing character: There is no ã€‚ in font nullfont!
Missing character: There is no å›  in font nullfont!
Missing character: There is no æ­¤ in font nullfont!
Missing character: There is no ï¼Œ in font nullfont!
Missing character: There is no é™¤ in font nullfont!
Missing character: There is no æ in font nullfont!
Missing character: There is no å’Œ in font nullfont!
Missing character: There is no å¤ in font nullfont!
Missing character: There is no æ in font nullfont!
Missing character: There is no è¿‡ in font nullfont!
Missing character: There is no ç¨‹ in font nullfont!
Missing character: There is no æ‰€ in font nullfont!
Missing character: There is no å½¢ in font nullfont!
Missing character: There is no æˆ in font nullfont!
Missing character: There is no çš„ in font nullfont!
Missing character: There is no ç”µ in font nullfont!
Missing character: There is no ä½ in font nullfont!
Missing character: There is no å˜ in font nullfont!
Missing character: There is no åŒ– in font nullfont!
Missing character: There is no æ³¢ in font nullfont!
Missing character: There is no å½¢ in font nullfont!
Missing character: There is no æ–¹ in font nullfont!
Missing character: There is no å‘ in font nullfont!
Missing character: There is no ç›¸ in font nullfont!
Missing character: There is no å in font nullfont!
Missing character: There is no ï¼Œ in font nullfont!
Missing character: There is no å¿ƒ in font nullfont!
Missing character: There is no ç”µ in font nullfont!
Missing character: There is no å›¾ in font nullfont!
Missing character: There is no å›  in font nullfont!
Missing character: There is no æ­¤ in font nullfont!
Missing character: There is no åŒ… in font nullfont!
Missing character: There is no å« in font nullfont!
Missing character: There is no æ­£ in font nullfont!
Missing character: There is no è´Ÿ in font nullfont!
Missing character: There is no ä¸¤ in font nullfont!
Missing character: There is no ä¸ª in font nullfont!
Missing character: There is no æ–¹ in font nullfont!
Missing character: There is no å‘ in font nullfont!
Missing character: There is no çš„ in font nullfont!
Missing character: There is no ç”µ in font nullfont!
Missing character: There is no ä½ in font nullfont!
Missing character: There is no å˜ in font nullfont!
Missing character: There is no åŒ– in font nullfont!
Missing character: There is no ã€‚ in font nullfont!

Overfull \hbox (20.0pt too wide) in paragraph at lines 19--20
[]
 []


! LaTeX Error: Missing \begin{document}.

See the LaTeX manual or LaTeX Companion for explanation.
Type  H <return>  for immediate help.
 ...                                              
                                                  
l.21 ä»
        æ•´ä½“æ¥çœ‹ï¼Œå¿ƒè„ç”µå¶çš„ä½ç§»å±€é™åœ¨å¿ƒè‚Œå†…ï¼Œå¯è¿‘ä¼¼çœ...

You're in trouble here.  Try typing  <return>  to proceed.
If that doesn't work, type  X <return>  to quit.

Missing character: There is no ä» in font nullfont!
Missing character: There is no æ•´ in font nullfont!
Missing character: There is no ä½“ in font nullfont!
Missing character: There is no æ¥ in font nullfont!
Missing character: There is no çœ‹ in font nullfont!
Missing character: There is no ï¼Œ in font nullfont!
Missing character: There is no å¿ƒ in font nullfont!
Missing character: There is no è„ in font nullfont!
Missing character: There is no ç”µ in font nullfont!
Missing character: There is no å¶ in font nullfont!
Missing character: There is no çš„ in font nullfont!
Missing character: There is no ä½ in font nullfont!
Missing character: There is no ç§» in font nullfont!
Missing character: There is no å±€ in font nullfont!
Missing character: There is no é™ in font nullfont!
Missing character: There is no åœ¨ in font nullfont!
Missing character: There is no å¿ƒ in font nullfont!
Missing character: There is no è‚Œ in font nullfont!
Missing character: There is no å†… in font nullfont!
Missing character: There is no ï¼Œ in font nullfont!
Missing character: There is no å¯ in font nullfont!
Missing character: There is no è¿‘ in font nullfont!
Missing character: There is no ä¼¼ in font nullfont!
Missing character: There is no çœ‹ in font nullfont!
Missing character: There is no ä½œ in font nullfont!
Missing character: There is no ç”µ in font nullfont!
Missing character: There is no å¶ in font nullfont!
Missing character: There is no å›º in font nullfont!
Missing character: There is no å®š in font nullfont!
Missing character: There is no åœ¨ in font nullfont!
Missing character: There is no å¿ƒ in font nullfont!
Missing character: There is no è„ in font nullfont!
Missing character: There is no ä¸­ in font nullfont!
Missing character: There is no å¿ƒ in font nullfont!
Missing character: There is no ï¼Œ in font nullfont!
Missing character: There is no å¿ƒ in font nullfont!
Missing character: There is no è„ in font nullfont!
Missing character: There is no ä¸­ in font nullfont!
Missing character: There is no ä¸ in font nullfont!
Missing character: There is no åŒ in font nullfont!
Missing character: There is no éƒ¨ in font nullfont!
Missing character: There is no ä½ in font nullfont!
Missing character: There is no çš„ in font nullfont!
Missing character: There is no å¿ƒ in font nullfont!
Missing character: There is no è‚Œ in font nullfont!
Missing character: There is no ç»„ in font nullfont!
Missing character: There is no ç»‡ in font nullfont!
Missing character: There is no é™¤ in font nullfont!
Missing character: There is no æ in font nullfont!
Missing character: There is no æ—¶ in font nullfont!
Missing character: There is no é—´ in font nullfont!
Missing character: There is no å­˜ in font nullfont!
Missing character: There is no åœ¨ in font nullfont!
Missing character: There is no å·® in font nullfont!
Missing character: There is no å¼‚ in font nullfont!
Missing character: There is no ï¼Œ in font nullfont!
Missing character: There is no ä» in font nullfont!
Missing character: There is no è€Œ in font nullfont!
Missing character: There is no é€  in font nullfont!
Missing character: There is no æˆ in font nullfont!
Missing character: There is no äº† in font nullfont!
Missing character: There is no å¿ƒ in font nullfont!
Missing character: There is no è„ in font nullfont!
Missing character: There is no ç”µ in font nullfont!
Missing character: There is no å¶ in font nullfont!
Missing character: There is no çš„ in font nullfont!
Missing character: There is no æ–¹ in font nullfont!
Missing character: There is no å‘ in font nullfont!
Missing character: There is no å˜ in font nullfont!
Missing character: There is no åŠ¨ in font nullfont!
Missing character: There is no ã€‚ in font nullfont!
Missing character: There is no åŒ in font nullfont!
Missing character: There is no æ—¶ in font nullfont!
Missing character: There is no ï¼Œ in font nullfont!
Missing character: There is no ç”µ in font nullfont!
Missing character: There is no å¶ in font nullfont!
Missing character: There is no ç”µ in font nullfont!
Missing character: There is no åŠ› in font nullfont!
Missing character: There is no çš„ in font nullfont!
Missing character: There is no å¼º in font nullfont!
Missing character: There is no åº¦ in font nullfont!
Missing character: There is no ä¹Ÿ in font nullfont!
Missing character: There is no éš in font nullfont!
Missing character: There is no å¿ƒ in font nullfont!
Missing character: There is no è‚Œ in font nullfont!
Missing character: There is no å¤§ in font nullfont!
Missing character: There is no å° in font nullfont!
Missing character: There is no ã€ in font nullfont!
Missing character: There is no è–„ in font nullfont!
Missing character: There is no åš in font nullfont!
Missing character: There is no çš„ in font nullfont!
Missing character: There is no æ”¹ in font nullfont!
Missing character: There is no å˜ in font nullfont!
Missing character: There is no è€Œ in font nullfont!
Missing character: There is no æ”¹ in font nullfont!
Missing character: There is no å˜ in font nullfont!
Missing character: There is no ã€‚ in font nullfont!
Missing character: There is no å›  in font nullfont!
Missing character: There is no æ­¤ in font nullfont!
Missing character: There is no ï¼Œ in font nullfont!
Missing character: There is no å°† in font nullfont!
Missing character: There is no ç”µ in font nullfont!
Missing character: There is no æ in font nullfont!
Missing character: There is no ï¼ˆ in font nullfont!
Missing character: There is no è¢« in font nullfont!
Missing character: There is no ç§° in font nullfont!
Missing character: There is no ä¸º in font nullfont!
Missing character: There is no å¿ƒ in font nullfont!
Missing character: There is no ç”µ in font nullfont!
Missing character: There is no å›¾ in font nullfont!
Missing character: There is no çš„ in font nullfont!
Missing character: There is no å¯¼ in font nullfont!
Missing character: There is no è” in font nullfont!
Missing character: There is no ï¼‰ in font nullfont!
Missing character: There is no æ”¾ in font nullfont!
Missing character: There is no ç½® in font nullfont!
Missing character: There is no åœ¨ in font nullfont!
Missing character: There is no èº« in font nullfont!
Missing character: There is no ä½“ in font nullfont!
Missing character: There is no çš„ in font nullfont!
Missing character: There is no ä¸ in font nullfont!
Missing character: There is no åŒ in font nullfont!
Missing character: There is no ä½ in font nullfont!
Missing character: There is no ç½® in font nullfont!
Missing character: There is no æ—¶ in font nullfont!
Missing character: There is no ï¼Œ in font nullfont!
Missing character: There is no æ£€ in font nullfont!
Missing character: There is no æµ‹ in font nullfont!
Missing character: There is no åˆ° in font nullfont!
Missing character: There is no çš„ in font nullfont!
Missing character: There is no å¿ƒ in font nullfont!
Missing character: There is no è„ in font nullfont!
Missing character: There is no ç”µ in font nullfont!
Missing character: There is no å¶ in font nullfont!
Missing character: There is no å˜ in font nullfont!
Missing character: There is no åŒ– in font nullfont!
Missing character: There is no æ˜¯ in font nullfont!
Missing character: There is no ä¸ in font nullfont!
Missing character: There is no åŒ in font nullfont!
Missing character: There is no çš„ in font nullfont!
Missing character: There is no ã€‚ in font nullfont!
Missing character: There is no å¸¸ in font nullfont!
Missing character: There is no è§„ in font nullfont!
Missing character: There is no çš„ in font nullfont!
Missing character: There is no å¯¼ in font nullfont!
Missing character: There is no è” in font nullfont!
Missing character: There is no ä½“ in font nullfont!
Missing character: There is no ç³» in font nullfont!
Missing character: There is no åŒ… in font nullfont!
Missing character: There is no å« in font nullfont!
Missing character: There is no è‚¢ in font nullfont!
Missing character: There is no å¯¼ in font nullfont!
Missing character: There is no è” in font nullfont!
Missing character: There is no å’Œ in font nullfont!
Missing character: There is no èƒ¸ in font nullfont!
Missing character: There is no å¯¼ in font nullfont!
Missing character: There is no è” in font nullfont!
Missing character: There is no ï¼Œ in font nullfont!
Missing character: There is no ä¸ in font nullfont!
Missing character: There is no åŒ in font nullfont!
Missing character: There is no çš„ in font nullfont!
Missing character: There is no å¯¼ in font nullfont!
Missing character: There is no è” in font nullfont!
Missing character: There is no æ”¾ in font nullfont!
Missing character: There is no ç½® in font nullfont!
Missing character: There is no ä½ in font nullfont!
Missing character: There is no ç½® in font nullfont!
Missing character: There is no ä¸ in font nullfont!
Missing character: There is no åŒ in font nullfont!
Missing character: There is no ï¼Œ in font nullfont!
Missing character: There is no ä»£ in font nullfont!
Missing character: There is no è¡¨ in font nullfont!
Missing character: There is no çš„ in font nullfont!
Missing character: There is no å¿ƒ in font nullfont!
Missing character: There is no è„ in font nullfont!
Missing character: There is no çŠ¶ in font nullfont!
Missing character: There is no æ€ in font nullfont!
Missing character: There is no ä¹Ÿ in font nullfont!
Missing character: There is no ä¸ in font nullfont!
Missing character: There is no åŒ in font nullfont!
Missing character: There is no ã€‚ in font nullfont!
Missing character: There is no åœ¨ in font nullfont!
Missing character: There is no ä¸´ in font nullfont!
Missing character: There is no åºŠ in font nullfont!
Missing character: There is no å® in font nullfont!
Missing character: There is no è·µ in font nullfont!
Missing character: There is no ä¸­ in font nullfont!
Missing character: There is no é€š in font nullfont!
Missing character: There is no å¸¸ in font nullfont!
Missing character: There is no ç»¼ in font nullfont!
Missing character: There is no åˆ in font nullfont!
Missing character: There is no 1 in font nullfont!
Missing character: There is no 2 in font nullfont!
Missing character: There is no ä¸ª in font nullfont!
Missing character: There is no å¯¼ in font nullfont!
Missing character: There is no è” in font nullfont!
Missing character: There is no çš„ in font nullfont!
Missing character: There is no E in font nullfont!
Missing character: There is no C in font nullfont!
Missing character: There is no G in font nullfont!
Missing character: There is no æ³¢ in font nullfont!
Missing character: There is no å½¢ in font nullfont!
Missing character: There is no æ¥ in font nullfont!
Missing character: There is no åˆ¤ in font nullfont!
Missing character: There is no æ–­ in font nullfont!
Missing character: There is no å¿ƒ in font nullfont!
Missing character: There is no è„ in font nullfont!
Missing character: There is no çŠ¶ in font nullfont!
Missing character: There is no æ€ in font nullfont!
Missing character: There is no ã€‚ in font nullfont!

Overfull \hbox (20.0pt too wide) in paragraph at lines 21--22
[] 
 []


! LaTeX Error: Environment figure undefined.

See the LaTeX manual or LaTeX Companion for explanation.
Type  H <return>  for immediate help.
 ...                                              
                                                  
l.23 \begin{figure}
                   [htbp]
Your command was ignored.
Type  I <command> <return>  to replace it with another command,
or  <return>  to continue without it.


! LaTeX Error: Missing \begin{document}.

See the LaTeX manual or LaTeX Companion for explanation.
Type  H <return>  for immediate help.
 ...                                              
                                                  
l.23 \begin{figure}[
                    htbp]
You're in trouble here.  Try typing  <return>  to proceed.
If that doesn't work, type  X <return>  to quit.

Missing character: There is no [ in font nullfont!
Missing character: There is no h in font nullfont!
Missing character: There is no t in font nullfont!
Missing character: There is no b in font nullfont!
Missing character: There is no p in font nullfont!
Missing character: There is no ] in font nullfont!
! Undefined control sequence.
l.27   \subfigure
                 []{
The control sequence at the end of the top line
of your error message was never \def'ed. If you have
misspelled it (e.g., `\hobx'), type `I' and the correct
spelling (e.g., `I\hbox'). Otherwise just continue,
and I'll forget about whatever was undefined.

Missing character: There is no [ in font nullfont!
Missing character: There is no ] in font nullfont!
! Undefined control sequence.
l.29   \includegraphics
                       [width=\textwidth]{fig2a.png}
The control sequence at the end of the top line
of your error message was never \def'ed. If you have
misspelled it (e.g., `\hobx'), type `I' and the correct
spelling (e.g., `I\hbox'). Otherwise just continue,
and I'll forget about whatever was undefined.

Missing character: There is no [ in font nullfont!
Missing character: There is no w in font nullfont!
Missing character: There is no i in font nullfont!
Missing character: There is no d in font nullfont!
Missing character: There is no t in font nullfont!
Missing character: There is no h in font nullfont!
Missing character: There is no = in font nullfont!
! Missing number, treated as zero.
<to be read again> 
                   ]
l.29   \includegraphics[width=\textwidth]
                                         {fig2a.png}
A number should have been here; I inserted `0'.
(If you can't figure out why I needed to see a number,
look up `weird error' in the index to The TeXbook.)

! Illegal unit of measure (pt inserted).
<to be read again> 
                   ]
l.29   \includegraphics[width=\textwidth]
                                         {fig2a.png}
Dimensions can be in units of em, ex, in, pt, pc,
cm, mm, dd, cc, bp, or sp; but yours is a new one!
I'll assume that you meant to say pt, for printer's points.
To recover gracefully from this error, it's best to
delete the erroneous units; e.g., type `2' to delete
two letters. (See Chapter 27 of The TeXbook.)

Missing character: There is no ] in font nullfont!
Missing character: There is no f in font nullfont!
Missing character: There is no i in font nullfont!
Missing character: There is no g in font nullfont!
Missing character: There is no 2 in font nullfont!
Missing character: There is no a in font nullfont!
Missing character: There is no . in font nullfont!
Missing character: There is no p in font nullfont!
Missing character: There is no n in font nullfont!
Missing character: There is no g in font nullfont!
! Undefined control sequence.
l.32   \subfigure
                 []{
The control sequence at the end of the top line
of your error message was never \def'ed. If you have
misspelled it (e.g., `\hobx'), type `I' and the correct
spelling (e.g., `I\hbox'). Otherwise just continue,
and I'll forget about whatever was undefined.

Missing character: There is no [ in font nullfont!
Missing character: There is no ] in font nullfont!
! Undefined control sequence.
l.34   \includegraphics
                       [width=\textwidth]{fig2b.png}
The control sequence at the end of the top line
of your error message was never \def'ed. If you have
misspelled it (e.g., `\hobx'), type `I' and the correct
spelling (e.g., `I\hbox'). Otherwise just continue,
and I'll forget about whatever was undefined.

Missing character: There is no [ in font nullfont!
Missing character: There is no w in font nullfont!
Missing character: There is no i in font nullfont!
Missing character: There is no d in font nullfont!
Missing character: There is no t in font nullfont!
Missing character: There is no h in font nullfont!
Missing character: There is no = in font nullfont!
! Missing number, treated as zero.
<to be read again> 
                   ]
l.34   \includegraphics[width=\textwidth]
                                         {fig2b.png}
A number should have been here; I inserted `0'.
(If you can't figure out why I needed to see a number,
look up `weird error' in the index to The TeXbook.)

! Illegal unit of measure (pt inserted).
<to be read again> 
                   ]
l.34   \includegraphics[width=\textwidth]
                                         {fig2b.png}
Dimensions can be in units of em, ex, in, pt, pc,
cm, mm, dd, cc, bp, or sp; but yours is a new one!
I'll assume that you meant to say pt, for printer's points.
To recover gracefully from this error, it's best to
delete the erroneous units; e.g., type `2' to delete
two letters. (See Chapter 27 of The TeXbook.)

Missing character: There is no ] in font nullfont!
Missing character: There is no f in font nullfont!
Missing character: There is no i in font nullfont!
Missing character: There is no g in font nullfont!
Missing character: There is no 2 in font nullfont!
Missing character: There is no b in font nullfont!
Missing character: There is no . in font nullfont!
Missing character: There is no p in font nullfont!
Missing character: There is no n in font nullfont!
Missing character: There is no g in font nullfont!

! LaTeX Error: \caption outside float.

See the LaTeX manual or LaTeX Companion for explanation.
Type  H <return>  for immediate help.
 ...                                              
                                                  
l.37   \caption
               {å¿ƒè‚Œç»†èƒçš„é™¤æä¸å¤æè¿‡ç¨‹ï¼š(a)ä¸ºé™¤æè¿‡ç¨‹ï¼Œ...

You're in trouble here.  Try typing  <return>  to proceed.
If that doesn't work, type  X <return>  to quit.

Missing character: There is no å¿ƒ in font nullfont!
Missing character: There is no è‚Œ in font nullfont!
Missing character: There is no ç»† in font nullfont!
Missing character: There is no èƒ in font nullfont!
Missing character: There is no çš„ in font nullfont!
Missing character: There is no é™¤ in font nullfont!
Missing character: There is no æ in font nullfont!
Missing character: There is no ä¸ in font nullfont!
Missing character: There is no å¤ in font nullfont!
Missing character: There is no æ in font nullfont!
Missing character: There is no è¿‡ in font nullfont!
Missing character: There is no ç¨‹ in font nullfont!
Missing character: There is no ï¼š in font nullfont!
Missing character: There is no ( in font nullfont!
Missing character: There is no a in font nullfont!
Missing character: There is no ) in font nullfont!
Missing character: There is no ä¸º in font nullfont!
Missing character: There is no é™¤ in font nullfont!
Missing character: There is no æ in font nullfont!
Missing character: There is no è¿‡ in font nullfont!
Missing character: There is no ç¨‹ in font nullfont!
Missing character: There is no ï¼Œ in font nullfont!
Missing character: There is no ( in font nullfont!
Missing character: There is no b in font nullfont!
Missing character: There is no ) in font nullfont!
Missing character: There is no ä¸º in font nullfont!
Missing character: There is no å¤ in font nullfont!
Missing character: There is no æ in font nullfont!
Missing character: There is no è¿‡ in font nullfont!
Missing character: There is no ç¨‹ in font nullfont!
LaTeX Font Info:    External font `cmex10' loaded for size
(Font)              <7> on input line 39.
LaTeX Font Info:    External font `cmex10' loaded for size
(Font)              <5> on input line 39.

Overfull \hbox (20.0pt too wide) in paragraph at lines 23--40
 [] 
 []


Overfull \hbox (3932.12498pt too wide) in paragraph at lines 23--40
 []$ 
 []


! LaTeX Error: Missing \begin{document}.

See the LaTeX manual or LaTeX Companion for explanation.
Type  H <return>  for immediate help.
 ...                                              
                                                  
l.41 \begin{minipage}{0.48\textwidth}
                                     
You're in trouble here.  Try typing  <return>  to proceed.
If that doesn't work, type  X <return>  to quit.

! Undefined control sequence.
l.43   \includegraphics
                       [width=0.9\textwidth]{fig3.png}
The control sequence at the end of the top line
of your error message was never \def'ed. If you have
misspelled it (e.g., `\hobx'), type `I' and the correct
spelling (e.g., `I\hbox'). Otherwise just continue,
and I'll forget about whatever was undefined.

Missing character: There is no [ in font nullfont!
Missing character: There is no w in font nullfont!
Missing character: There is no i in font nullfont!
Missing character: There is no d in font nullfont!
Missing character: There is no t in font nullfont!
Missing character: There is no h in font nullfont!
Missing character: There is no = in font nullfont!
Missing character: There is no 0 in font nullfont!
Missing character: There is no . in font nullfont!
Missing character: There is no 9 in font nullfont!
! Missing number, treated as zero.
<to be read again> 
                   ]
l.43   \includegraphics[width=0.9\textwidth]
                                            {fig3.png}
A number should have been here; I inserted `0'.
(If you can't figure out why I needed to see a number,
look up `weird error' in the index to The TeXbook.)

! Illegal unit of measure (pt inserted).
<to be read again> 
                   ]
l.43   \includegraphics[width=0.9\textwidth]
                                            {fig3.png}
Dimensions can be in units of em, ex, in, pt, pc,
cm, mm, dd, cc, bp, or sp; but yours is a new one!
I'll assume that you meant to say pt, for printer's points.
To recover gracefully from this error, it's best to
delete the erroneous units; e.g., type `2' to delete
two letters. (See Chapter 27 of The TeXbook.)

Missing character: There is no ] in font nullfont!
Missing character: There is no f in font nullfont!
Missing character: There is no i in font nullfont!
Missing character: There is no g in font nullfont!
Missing character: There is no 3 in font nullfont!
Missing character: There is no . in font nullfont!
Missing character: There is no p in font nullfont!
Missing character: There is no n in font nullfont!
Missing character: There is no g in font nullfont!

! LaTeX Error: \caption outside float.

See the LaTeX manual or LaTeX Companion for explanation.
Type  H <return>  for immediate help.
 ...                                              
                                                  
l.44   \caption
               {\label{fig3}ECGä¿¡å·æ³¢å½¢ç¤ºæ„å›¾}
You're in trouble here.  Try typing  <return>  to proceed.
If that doesn't work, type  X <return>  to quit.

Missing character: There is no E in font nullfont!
Missing character: There is no C in font nullfont!
Missing character: There is no G in font nullfont!
Missing character: There is no ä¿¡ in font nullfont!
Missing character: There is no å· in font nullfont!
Missing character: There is no æ³¢ in font nullfont!
Missing character: There is no å½¢ in font nullfont!
Missing character: There is no ç¤º in font nullfont!
Missing character: There is no æ„ in font nullfont!
Missing character: There is no å›¾ in font nullfont!

! LaTeX Error: \begin{document} ended by \end{figure}.

See the LaTeX manual or LaTeX Companion for explanation.
Type  H <return>  for immediate help.
 ...                                              
                                                  
l.46 \end{figure}
                 
Your command was ignored.
Type  I <command> <return>  to replace it with another command,
or  <return>  to continue without it.


Overfull \hbox (3932.12498pt too wide) in paragraph at lines 41--47
[]$[]$
 []


! LaTeX Error: Missing \begin{document}.

See the LaTeX manual or LaTeX Companion for explanation.
Type  H <return>  for immediate help.
 ...                                              
                                                  
l.48 å•
        å¹…çš„å¿ƒç”µå›¾é€šå¸¸åŒ…å«Pæ³¢ã€QRSæ³¢ç¾¤å’ŒTæ³¢ï¼Œè¿™æ˜¯æ ¹æ®æ³¢...

You're in trouble here.  Try typing  <return>  to proceed.
If that doesn't work, type  X <return>  to quit.

Missing character: There is no å• in font nullfont!
Missing character: There is no å¹… in font nullfont!
Missing character: There is no çš„ in font nullfont!
Missing character: There is no å¿ƒ in font nullfont!
Missing character: There is no ç”µ in font nullfont!
Missing character: There is no å›¾ in font nullfont!
Missing character: There is no é€š in font nullfont!
Missing character: There is no å¸¸ in font nullfont!
Missing character: There is no åŒ… in font nullfont!
Missing character: There is no å« in font nullfont!
Missing character: There is no P in font nullfont!
Missing character: There is no æ³¢ in font nullfont!
Missing character: There is no ã€ in font nullfont!
Missing character: There is no Q in font nullfont!
Missing character: There is no R in font nullfont!
Missing character: There is no S in font nullfont!
Missing character: There is no æ³¢ in font nullfont!
Missing character: There is no ç¾¤ in font nullfont!
Missing character: There is no å’Œ in font nullfont!
Missing character: There is no T in font nullfont!
Missing character: There is no æ³¢ in font nullfont!
Missing character: There is no ï¼Œ in font nullfont!
Missing character: There is no è¿™ in font nullfont!
Missing character: There is no æ˜¯ in font nullfont!
Missing character: There is no æ ¹ in font nullfont!
Missing character: There is no æ® in font nullfont!
Missing character: There is no æ³¢ in font nullfont!
Missing character: There is no çš„ in font nullfont!
Missing character: There is no å¤§ in font nullfont!
Missing character: There is no å° in font nullfont!
Missing character: There is no å’Œ in font nullfont!
Missing character: There is no å½¢ in font nullfont!
Missing character: There is no æ€ in font nullfont!
Missing character: There is no åˆ’ in font nullfont!
Missing character: There is no åˆ† in font nullfont!
Missing character: There is no çš„ in font nullfont!
Missing character: There is no ï¼ˆ in font nullfont!
Missing character: There is no è§ in font nullfont!
Missing character: There is no å›¾ in font nullfont!
Missing character: There is no 3 in font nullfont!
Missing character: There is no ï¼‰ in font nullfont!
Missing character: There is no ã€‚ in font nullfont!
Missing character: There is no é€š in font nullfont!
Missing character: There is no è¿‡ in font nullfont!
Missing character: There is no è§‚ in font nullfont!
Missing character: There is no å¯Ÿ in font nullfont!
Missing character: There is no ä¸€ in font nullfont!
Missing character: There is no å‰¯ in font nullfont!
Missing character: There is no E in font nullfont!
Missing character: There is no C in font nullfont!
Missing character: There is no G in font nullfont!
Missing character: There is no å›¾ in font nullfont!
Missing character: There is no åƒ in font nullfont!
Missing character: There is no çš„ in font nullfont!
Missing character: There is no P in font nullfont!
Missing character: There is no Q in font nullfont!
Missing character: There is no R in font nullfont!
Missing character: There is no S in font nullfont!
Missing character: There is no T in font nullfont!
Missing character: There is no æ³¢ in font nullfont!
Missing character: There is no åŠ in font nullfont!
Missing character: There is no å…¶ in font nullfont!
Missing character: There is no ç‰¹ in font nullfont!
Missing character: There is no ç‚¹ in font nullfont!
Missing character: There is no ï¼Œ in font nullfont!
Missing character: There is no èƒ½ in font nullfont!
Missing character: There is no å¤Ÿ in font nullfont!
Missing character: There is no äº† in font nullfont!
Missing character: There is no è§£ in font nullfont!
Missing character: There is no å¿ƒ in font nullfont!
Missing character: There is no è„ in font nullfont!
Missing character: There is no æŸ in font nullfont!
Missing character: There is no éƒ¨ in font nullfont!
Missing character: There is no åˆ† in font nullfont!
Missing character: There is no æˆ– in font nullfont!
Missing character: There is no æ•´ in font nullfont!
Missing character: There is no ä½“ in font nullfont!
Missing character: There is no çš„ in font nullfont!
Missing character: There is no æ in font nullfont!
Missing character: There is no åŠ¨ in font nullfont!
Missing character: There is no çŠ¶ in font nullfont!
Missing character: There is no å†µ in font nullfont!
Missing character: There is no ã€‚ in font nullfont!
Missing character: There is no åœ¨ in font nullfont!
Missing character: There is no åŒ» in font nullfont!
Missing character: There is no å­¦ in font nullfont!
Missing character: There is no ç”Ÿ in font nullfont!
Missing character: There is no çš„ in font nullfont!
Missing character: There is no è®­ in font nullfont!
Missing character: There is no ç»ƒ in font nullfont!
Missing character: There is no ä¸­ in font nullfont!
Missing character: There is no ï¼Œ in font nullfont!
Missing character: There is no ä»¥ in font nullfont!
Missing character: There is no ä¸‹ in font nullfont!
Missing character: There is no E in font nullfont!
Missing character: There is no C in font nullfont!
Missing character: There is no G in font nullfont!
Missing character: There is no å›¾ in font nullfont!
Missing character: There is no åƒ in font nullfont!
Missing character: There is no ç‰¹ in font nullfont!
Missing character: There is no å¾ in font nullfont!
Missing character: There is no çš„ in font nullfont!
Missing character: There is no è§‚ in font nullfont!
Missing character: There is no å¯Ÿ in font nullfont!
Missing character: There is no å¤‡ in font nullfont!
Missing character: There is no å— in font nullfont!
Missing character: There is no å¼º in font nullfont!
Missing character: There is no è°ƒ in font nullfont!
Missing character: There is no ï¼š in font nullfont!

Overfull \hbox (20.0pt too wide) in paragraph at lines 48--49
[] 
 []

Missing character: There is no ä¸¤ in font nullfont!
Missing character: There is no ä¸ª in font nullfont!
Missing character: There is no P in font nullfont!
Missing character: There is no æ³¢ in font nullfont!
Missing character: There is no æˆ– in font nullfont!
Missing character: There is no R in font nullfont!
Missing character: There is no æ³¢ in font nullfont!
Missing character: There is no çš„ in font nullfont!
Missing character: There is no é—´ in font nullfont!
Missing character: There is no éš” in font nullfont!
Missing character: There is no æ—¶ in font nullfont!
Missing character: There is no é—´ in font nullfont!
Missing character: There is no ï¼ˆ in font nullfont!
Missing character: There is no è¢« in font nullfont!
Missing character: There is no ç§° in font nullfont!
Missing character: There is no ä¸º in font nullfont!
Missing character: There is no P in font nullfont!
Missing character: There is no P in font nullfont!
Missing character: There is no é—´ in font nullfont!
Missing character: There is no æœŸ in font nullfont!
Missing character: There is no æˆ– in font nullfont!
Missing character: There is no R in font nullfont!
Missing character: There is no R in font nullfont!
Missing character: There is no é—´ in font nullfont!
Missing character: There is no æœŸ in font nullfont!
Missing character: There is no ï¼‰ in font nullfont!
Missing character: There is no ï¼› in font nullfont!
Missing character: There is no P in font nullfont!
Missing character: There is no P in font nullfont!
Missing character: There is no æˆ– in font nullfont!
Missing character: There is no R in font nullfont!
Missing character: There is no R in font nullfont!
Missing character: There is no é—´ in font nullfont!
Missing character: There is no æœŸ in font nullfont!
Missing character: There is no çš„ in font nullfont!
Missing character: There is no ç¦» in font nullfont!
Missing character: There is no æ•£ in font nullfont!
Missing character: There is no ç¨‹ in font nullfont!
Missing character: There is no åº¦ in font nullfont!
Missing character: There is no ï¼› in font nullfont!
Missing character: There is no P in font nullfont!
Missing character: There is no æ³¢ in font nullfont!
Missing character: There is no æŒ in font nullfont!
Missing character: There is no ç»­ in font nullfont!
Missing character: There is no æ—¶ in font nullfont!
Missing character: There is no é—´ in font nullfont!
Missing character: There is no ï¼› in font nullfont!
Missing character: There is no P in font nullfont!
Missing character: There is no æ³¢ in font nullfont!
Missing character: There is no æŒ¯ in font nullfont!
Missing character: There is no å¹… in font nullfont!
Missing character: There is no ï¼› in font nullfont!
Missing character: There is no P in font nullfont!
Missing character: There is no æ³¢ in font nullfont!
Missing character: There is no ä¸ in font nullfont!
Missing character: There is no R in font nullfont!
Missing character: There is no æ³¢ in font nullfont!
Missing character: There is no çš„ in font nullfont!
Missing character: There is no é—´ in font nullfont!
Missing character: There is no éš” in font nullfont!
Missing character: There is no æ—¶ in font nullfont!
Missing character: There is no é—´ in font nullfont!
Missing character: There is no ï¼ˆ in font nullfont!
Missing character: There is no è¢« in font nullfont!
Missing character: There is no ç§° in font nullfont!
Missing character: There is no ä¸º in font nullfont!
Missing character: There is no P in font nullfont!
Missing character: There is no R in font nullfont!
Missing character: There is no é—´ in font nullfont!
Missing character: There is no æœŸ in font nullfont!
Missing character: There is no ï¼‰ in font nullfont!
Missing character: There is no ï¼› in font nullfont!
Missing character: There is no Q in font nullfont!
Missing character: There is no R in font nullfont!
Missing character: There is no S in font nullfont!
Missing character: There is no æ³¢ in font nullfont!
Missing character: There is no ç¾¤ in font nullfont!
Missing character: There is no çš„ in font nullfont!
Missing character: There is no é—´ in font nullfont!
Missing character: There is no éš” in font nullfont!
Missing character: There is no æ—¶ in font nullfont!
Missing character: There is no é—´ in font nullfont!
Missing character: There is no ï¼ˆ in font nullfont!
Missing character: There is no è¢« in font nullfont!
Missing character: There is no ç§° in font nullfont!
Missing character: There is no ä¸º in font nullfont!
Missing character: There is no Q in font nullfont!
Missing character: There is no R in font nullfont!
Missing character: There is no S in font nullfont!
Missing character: There is no é—´ in font nullfont!
Missing character: There is no æœŸ in font nullfont!
Missing character: There is no ï¼‰ in font nullfont!
Missing character: There is no ï¼› in font nullfont!
Missing character: There is no S in font nullfont!
Missing character: There is no æ³¢ in font nullfont!
Missing character: There is no ç»“ in font nullfont!
Missing character: There is no æŸ in font nullfont!
Missing character: There is no ä¸ in font nullfont!
Missing character: There is no T in font nullfont!
Missing character: There is no æ³¢ in font nullfont!
Missing character: There is no å¼€ in font nullfont!
Missing character: There is no å§‹ in font nullfont!
Missing character: There is no ä¹‹ in font nullfont!
Missing character: There is no é—´ in font nullfont!
Missing character: There is no çš„ in font nullfont!
Missing character: There is no é—´ in font nullfont!
Missing character: There is no éš” in font nullfont!
Missing character: There is no æ—¶ in font nullfont!
Missing character: There is no é—´ in font nullfont!
Missing character: There is no ï¼ˆ in font nullfont!
Missing character: There is no è¢« in font nullfont!
Missing character: There is no ç§° in font nullfont!
Missing character: There is no ä¸º in font nullfont!
Missing character: There is no S in font nullfont!
Missing character: There is no T in font nullfont!
Missing character: There is no æ®µ in font nullfont!
Missing character: There is no ï¼‰ in font nullfont!
Missing character: There is no ï¼› in font nullfont!
Missing character: There is no ç» in font nullfont!
Missing character: There is no è¿‡ in font nullfont!
Missing character: There is no çŸ« in font nullfont!
Missing character: There is no æ­£ in font nullfont!
Missing character: There is no çš„ in font nullfont!
Missing character: There is no Q in font nullfont!
Missing character: There is no T in font nullfont!
Missing character: There is no é—´ in font nullfont!
Missing character: There is no æœŸ in font nullfont!
Missing character: There is no ï¼ˆ in font nullfont!
Missing character: There is no å³ in font nullfont!
Missing character: There is no ï¼Œ in font nullfont!
Missing character: There is no å¯ in font nullfont!
Missing character: There is no é€š in font nullfont!
Missing character: There is no è¿‡ in font nullfont!
Missing character: There is no è®¡ in font nullfont!
Missing character: There is no ç®— in font nullfont!
Missing character: There is no ï¼Œ in font nullfont!
Missing character: There is no å…¶ in font nullfont!
Missing character: There is no ä¸­ in font nullfont!
Missing character: There is no Q in font nullfont!
Missing character: There is no T in font nullfont!
Missing character: There is no è¡¨ in font nullfont!
Missing character: There is no ç¤º in font nullfont!
Missing character: There is no å® in font nullfont!
Missing character: There is no é™… in font nullfont!
Missing character: There is no Q in font nullfont!
Missing character: There is no T in font nullfont!
Missing character: There is no é—´ in font nullfont!
Missing character: There is no æœŸ in font nullfont!
Missing character: There is no ï¼Œ in font nullfont!
Missing character: There is no R in font nullfont!
Missing character: There is no R in font nullfont!
Missing character: There is no è¡¨ in font nullfont!
Missing character: There is no ç¤º in font nullfont!
Missing character: There is no R in font nullfont!
Missing character: There is no R in font nullfont!
Missing character: There is no é—´ in font nullfont!
Missing character: There is no æœŸ in font nullfont!
Missing character: There is no ï¼‰ in font nullfont!
Missing character: There is no ï¼› in font nullfont!

Overfull \hbox (72.02504pt too wide) in paragraph at lines 57--58
[]$$[]$ 
 []

Missing character: There is no é™¤ in font nullfont!
Missing character: There is no æ­¤ in font nullfont!
Missing character: There is no ä»¥ in font nullfont!
Missing character: There is no å¤– in font nullfont!
Missing character: There is no ï¼Œ in font nullfont!
Missing character: There is no è¿˜ in font nullfont!
Missing character: There is no æœ‰ in font nullfont!
Missing character: There is no ä¸€ in font nullfont!
Missing character: There is no äº› in font nullfont!
Missing character: There is no åŸº in font nullfont!
Missing character: There is no äº in font nullfont!
Missing character: There is no æ³¢ in font nullfont!
Missing character: There is no å½¢ in font nullfont!
Missing character: There is no å½¢ in font nullfont!
Missing character: There is no æ€ in font nullfont!
Missing character: There is no çš„ in font nullfont!
Missing character: There is no è§‚ in font nullfont!
Missing character: There is no æµ‹ in font nullfont!
Missing character: There is no ï¼ˆ in font nullfont!
Missing character: There is no å¦‚ in font nullfont!
Missing character: There is no Q in font nullfont!
Missing character: There is no R in font nullfont!
Missing character: There is no S in font nullfont!
Missing character: There is no æ³¢ in font nullfont!
Missing character: There is no çš„ in font nullfont!
Missing character: There is no ä¸» in font nullfont!
Missing character: There is no æ³¢ in font nullfont!
Missing character: There is no æ–¹ in font nullfont!
Missing character: There is no å‘ in font nullfont!
Missing character: There is no ï¼‰ in font nullfont!
Missing character: There is no åœ¨ in font nullfont!
Missing character: There is no è¯Š in font nullfont!
Missing character: There is no æ–­ in font nullfont!
Missing character: There is no ä¸­ in font nullfont!
Missing character: There is no ä¹Ÿ in font nullfont!
Missing character: There is no å in font nullfont!
Missing character: There is no åˆ† in font nullfont!
Missing character: There is no é‡ in font nullfont!
Missing character: There is no è¦ in font nullfont!
Missing character: There is no ã€‚ in font nullfont!
Missing character: There is no è¿™ in font nullfont!
Missing character: There is no äº› in font nullfont!
Missing character: There is no æ³¢ in font nullfont!
Missing character: There is no å½¢ in font nullfont!
Missing character: There is no å½¢ in font nullfont!
Missing character: There is no æ€ in font nullfont!
Missing character: There is no èƒ½ in font nullfont!
Missing character: There is no å¤Ÿ in font nullfont!
Missing character: There is no å in font nullfont!
Missing character: There is no æ˜  in font nullfont!
Missing character: There is no å¿ƒ in font nullfont!
Missing character: There is no è„ in font nullfont!
Missing character: There is no æˆ¿ in font nullfont!
Missing character: There is no å®¤ in font nullfont!
Missing character: There is no è‚¥ in font nullfont!
Missing character: There is no å¤§ in font nullfont!
Missing character: There is no æƒ… in font nullfont!
Missing character: There is no å†µ in font nullfont!
Missing character: There is no ã€ in font nullfont!
Missing character: There is no å¿ƒ in font nullfont!
Missing character: There is no è‚Œ in font nullfont!
Missing character: There is no ç¼º in font nullfont!
Missing character: There is no è¡€ in font nullfont!
Missing character: There is no æƒ… in font nullfont!
Missing character: There is no å†µ in font nullfont!
Missing character: There is no ã€ in font nullfont!
Missing character: There is no å¿ƒ in font nullfont!
Missing character: There is no è‚Œ in font nullfont!
Missing character: There is no æ˜¯ in font nullfont!
Missing character: There is no å¦ in font nullfont!
Missing character: There is no å in font nullfont!
Missing character: There is no æ­» in font nullfont!
Missing character: There is no ç­‰ in font nullfont!
Missing character: There is no ã€‚ in font nullfont!
)
! Emergency stop.
<*> sect2.tex
             
*** (job aborted, no legal \end found)

 
Here is how much of TeX's memory you used:
 16 strings out of 430478
 164 string characters out of 3191503
 46928 words of memory out of 3000000
 3245 multiletter control sequences out of 15000+200000
 3948 words of font info for 15 fonts, out of 3000000 for 9000
 14 hyphenation exceptions out of 8191
 20i,4n,26p,357b,121s stack positions out of 5000i,500n,10000p,200000b,50000s
No pages of output.
