This is XeTeX, Version 3.1415926-2.3-0.9997.5 (MiKTeX 2.9) (preloaded format=xelatex 2016.1.3)  4 MAR 2016 20:19
entering extended mode
**sect4.tex
(H:\bachelorTrans\Sect4\sect4.tex
LaTeX2e <2011/06/27>
Babel <v3.8m> and hyphenation patterns for loaded.
! Undefined control sequence.
l.1 \section
            {结论}
The control sequence at the end of the top line
of your error message was never \def'ed. If you have
misspelled it (e.g., `\hobx'), type `I' and the correct
spelling (e.g., `I\hbox'). Otherwise just continue,
and I'll forget about whatever was undefined.


! LaTeX Error: Missing \begin{document}.

See the LaTeX manual or LaTeX Companion for explanation.
Type  H <return>  for immediate help.
 ...                                              
                                                  
l.1 \section{结
                论}
You're in trouble here.  Try typing  <return>  to proceed.
If that doesn't work, type  X <return>  to quit.

Missing character: There is no 结 in font nullfont!
Missing character: There is no 论 in font nullfont!

Overfull \hbox (20.0pt too wide) in paragraph at lines 1--2
[] 
 []


! LaTeX Error: Missing \begin{document}.

See the LaTeX manual or LaTeX Companion for explanation.
Type  H <return>  for immediate help.
 ...                                              
                                                  
l.3 本
       文提出了一种简单的ECG噪声自动检测和分类方法。这...

You're in trouble here.  Try typing  <return>  to proceed.
If that doesn't work, type  X <return>  to quit.

Missing character: There is no 本 in font nullfont!
Missing character: There is no 文 in font nullfont!
Missing character: There is no 提 in font nullfont!
Missing character: There is no 出 in font nullfont!
Missing character: There is no 了 in font nullfont!
Missing character: There is no 一 in font nullfont!
Missing character: There is no 种 in font nullfont!
Missing character: There is no 简 in font nullfont!
Missing character: There is no 单 in font nullfont!
Missing character: There is no 的 in font nullfont!
Missing character: There is no E in font nullfont!
Missing character: There is no C in font nullfont!
Missing character: There is no G in font nullfont!
Missing character: There is no 噪 in font nullfont!
Missing character: There is no 声 in font nullfont!
Missing character: There is no 自 in font nullfont!
Missing character: There is no 动 in font nullfont!
Missing character: There is no 检 in font nullfont!
Missing character: There is no 测 in font nullfont!
Missing character: There is no 和 in font nullfont!
Missing character: There is no 分 in font nullfont!
Missing character: There is no 类 in font nullfont!
Missing character: There is no 方 in font nullfont!
Missing character: There is no 法 in font nullfont!
Missing character: There is no 。 in font nullfont!
Missing character: There is no 这 in font nullfont!
Missing character: There is no 种 in font nullfont!
Missing character: There is no 方 in font nullfont!
Missing character: There is no 法 in font nullfont!
Missing character: There is no 由 in font nullfont!
Missing character: There is no 四 in font nullfont!
Missing character: There is no 个 in font nullfont!
Missing character: There is no 步 in font nullfont!
Missing character: There is no 骤 in font nullfont!
Missing character: There is no 构 in font nullfont!
Missing character: There is no 成 in font nullfont!
Missing character: There is no ： in font nullfont!
Missing character: There is no 滑 in font nullfont!
Missing character: There is no 动 in font nullfont!
Missing character: There is no 平 in font nullfont!
Missing character: There is no 均 in font nullfont!
Missing character: There is no 滤 in font nullfont!
Missing character: There is no 波 in font nullfont!
Missing character: There is no ， in font nullfont!
Missing character: There is no 分 in font nullfont!
Missing character: There is no 帧 in font nullfont!
Missing character: There is no ， in font nullfont!
Missing character: There is no 特 in font nullfont!
Missing character: There is no 征 in font nullfont!
Missing character: There is no 提 in font nullfont!
Missing character: There is no 取 in font nullfont!
Missing character: There is no 和 in font nullfont!
Missing character: There is no 多 in font nullfont!
Missing character: There is no 级 in font nullfont!
Missing character: There is no 决 in font nullfont!
Missing character: There is no 策 in font nullfont!
Missing character: There is no 树 in font nullfont!
Missing character: There is no 算 in font nullfont!
Missing character: There is no 法 in font nullfont!
Missing character: There is no 。 in font nullfont!
Missing character: There is no 为 in font nullfont!
Missing character: There is no 了 in font nullfont!
Missing character: There is no 检 in font nullfont!
Missing character: There is no 测 in font nullfont!
Missing character: There is no 并 in font nullfont!
Missing character: There is no 分 in font nullfont!
Missing character: There is no 类 in font nullfont!
Missing character: There is no E in font nullfont!
Missing character: There is no C in font nullfont!
Missing character: There is no G in font nullfont!
Missing character: There is no 信 in font nullfont!
Missing character: There is no 号 in font nullfont!
Missing character: There is no 中 in font nullfont!
Missing character: There is no 的 in font nullfont!
Missing character: There is no 噪 in font nullfont!
Missing character: There is no 声 in font nullfont!
Missing character: There is no ， in font nullfont!
Missing character: There is no 本 in font nullfont!
Missing character: There is no 方 in font nullfont!
Missing character: There is no 法 in font nullfont!
Missing character: There is no 提 in font nullfont!
Missing character: There is no 取 in font nullfont!
Missing character: There is no 了 in font nullfont!
Missing character: There is no 包 in font nullfont!
Missing character: There is no 括 in font nullfont!
Missing character: There is no 全 in font nullfont!
Missing character: There is no 局 in font nullfont!
Missing character: There is no ／ in font nullfont!
Missing character: There is no 局 in font nullfont!
Missing character: There is no 部 in font nullfont!
Missing character: There is no 动 in font nullfont!
Missing character: There is no 态 in font nullfont!
Missing character: There is no 振 in font nullfont!
Missing character: There is no 幅 in font nullfont!
Missing character: There is no 范 in font nullfont!
Missing character: There is no 围 in font nullfont!
Missing character: There is no 和 in font nullfont!
Missing character: There is no 最 in font nullfont!
Missing character: There is no 大 in font nullfont!
Missing character: There is no 自 in font nullfont!
Missing character: There is no 相 in font nullfont!
Missing character: There is no 关 in font nullfont!
Missing character: There is no 峰 in font nullfont!
Missing character: There is no 在 in font nullfont!
Missing character: There is no 内 in font nullfont!
Missing character: There is no 的 in font nullfont!
Missing character: There is no 信 in font nullfont!
Missing character: There is no 号 in font nullfont!
Missing character: There is no 特 in font nullfont!
Missing character: There is no 征 in font nullfont!
Missing character: There is no 。 in font nullfont!
Missing character: There is no 同 in font nullfont!
Missing character: There is no 时 in font nullfont!
Missing character: There is no ， in font nullfont!
Missing character: There is no 本 in font nullfont!
Missing character: There is no 方 in font nullfont!
Missing character: There is no 法 in font nullfont!
Missing character: There is no 经 in font nullfont!
Missing character: There is no 过 in font nullfont!
Missing character: There is no 多 in font nullfont!
Missing character: There is no 种 in font nullfont!
Missing character: There is no 带 in font nullfont!
Missing character: There is no 噪 in font nullfont!
Missing character: There is no ／ in font nullfont!
Missing character: There is no 非 in font nullfont!
Missing character: There is no 带 in font nullfont!
Missing character: There is no 噪 in font nullfont!
Missing character: There is no E in font nullfont!
Missing character: There is no C in font nullfont!
Missing character: There is no G in font nullfont!
Missing character: There is no 信 in font nullfont!
Missing character: There is no 号 in font nullfont!
Missing character: There is no 输 in font nullfont!
Missing character: There is no 入 in font nullfont!
Missing character: There is no 测 in font nullfont!
Missing character: There is no 试 in font nullfont!
Missing character: There is no 并 in font nullfont!
Missing character: There is no 确 in font nullfont!
Missing character: There is no 认 in font nullfont!
Missing character: There is no 有 in font nullfont!
Missing character: There is no 效 in font nullfont!
Missing character: There is no 。 in font nullfont!
Missing character: There is no 结 in font nullfont!
Missing character: There is no 果 in font nullfont!
Missing character: There is no 表 in font nullfont!
Missing character: There is no 明 in font nullfont!
Missing character: There is no 该 in font nullfont!
Missing character: There is no 方 in font nullfont!
Missing character: There is no 法 in font nullfont!
Missing character: There is no 的 in font nullfont!
Missing character: There is no 平 in font nullfont!
Missing character: There is no 均 in font nullfont!
Missing character: There is no 灵 in font nullfont!
Missing character: There is no 敏 in font nullfont!
Missing character: There is no 度 in font nullfont!
Missing character: There is no 可 in font nullfont!
Missing character: There is no 达 in font nullfont!
Missing character: There is no 9 in font nullfont!
Missing character: There is no 7 in font nullfont!
Missing character: There is no . in font nullfont!
Missing character: There is no 8 in font nullfont!
Missing character: There is no 8 in font nullfont!
Missing character: There is no % in font nullfont!
Missing character: There is no ， in font nullfont!
Missing character: There is no p in font nullfont!
Missing character: There is no o in font nullfont!
Missing character: There is no s in font nullfont!
Missing character: There is no i in font nullfont!
Missing character: There is no t in font nullfont!
Missing character: There is no i in font nullfont!
Missing character: There is no v in font nullfont!
Missing character: There is no e in font nullfont!
Missing character: There is no p in font nullfont!
Missing character: There is no r in font nullfont!
Missing character: There is no o in font nullfont!
Missing character: There is no d in font nullfont!
Missing character: There is no u in font nullfont!
Missing character: There is no c in font nullfont!
Missing character: There is no t in font nullfont!
Missing character: There is no i in font nullfont!
Missing character: There is no v in font nullfont!
Missing character: There is no i in font nullfont!
Missing character: There is no t in font nullfont!
Missing character: There is no y in font nullfont!
Missing character: There is no 可 in font nullfont!
Missing character: There is no 达 in font nullfont!
Missing character: There is no 9 in font nullfont!
Missing character: There is no 1 in font nullfont!
Missing character: There is no . in font nullfont!
Missing character: There is no 1 in font nullfont!
Missing character: There is no 8 in font nullfont!
Missing character: There is no % in font nullfont!
Missing character: There is no 且 in font nullfont!
Missing character: There is no 准 in font nullfont!
Missing character: There is no 确 in font nullfont!
Missing character: There is no 度 in font nullfont!
Missing character: There is no 可 in font nullfont!
Missing character: There is no 达 in font nullfont!
Missing character: There is no 8 in font nullfont!
Missing character: There is no 9 in font nullfont!
Missing character: There is no . in font nullfont!
Missing character: There is no 0 in font nullfont!
Missing character: There is no 6 in font nullfont!
Missing character: There is no % in font nullfont!
Missing character: There is no 。 in font nullfont!
Missing character: There is no 不 in font nullfont!
Missing character: There is no 同 in font nullfont!
Missing character: There is no 于 in font nullfont!
Missing character: There is no 其 in font nullfont!
Missing character: There is no 它 in font nullfont!
Missing character: There is no 现 in font nullfont!
Missing character: There is no 行 in font nullfont!
Missing character: There is no 方 in font nullfont!
Missing character: There is no 法 in font nullfont!
Missing character: There is no ， in font nullfont!
Missing character: There is no 本 in font nullfont!
Missing character: There is no 方 in font nullfont!
Missing character: There is no 法 in font nullfont!
Missing character: There is no 的 in font nullfont!
Missing character: There is no 滤 in font nullfont!
Missing character: There is no 波 in font nullfont!
Missing character: There is no 、 in font nullfont!
Missing character: There is no 特 in font nullfont!
Missing character: There is no 征 in font nullfont!
Missing character: There is no 提 in font nullfont!
Missing character: There is no 取 in font nullfont!
Missing character: There is no 和 in font nullfont!
Missing character: There is no 分 in font nullfont!
Missing character: There is no 类 in font nullfont!
Missing character: There is no 方 in font nullfont!
Missing character: There is no 法 in font nullfont!
Missing character: There is no 均 in font nullfont!
Missing character: There is no 简 in font nullfont!
Missing character: There is no 单 in font nullfont!
Missing character: There is no 易 in font nullfont!
Missing character: There is no 行 in font nullfont!
Missing character: There is no 。 in font nullfont!
)
! Emergency stop.
<*> sect4.tex
             
*** (job aborted, no legal \end found)

 
Here is how much of TeX's memory you used:
 5 strings out of 430478
 60 string characters out of 3191503
 44928 words of memory out of 3000000
 3235 multiletter control sequences out of 15000+200000
 3640 words of font info for 14 fonts, out of 3000000 for 9000
 14 hyphenation exceptions out of 8191
 5i,0n,4p,253b,16s stack positions out of 5000i,500n,10000p,200000b,50000s
No pages of output.
